Started by user [8mha:////4L2jTPWu9zIb56dnp8RqVObesKKV2DVGI0jJXlam1DqAAAAAlx+LCAAAAAAAAP9b85aBtbiIQTGjNKU4P08vOT+vOD8nVc83PyU1x6OyILUoJzMv2y+/JJUBAhiZGBgqihhk0NSjKDWzXb3RdlLBUSYGJk8GtpzUvPSSDB8G5tKinBIGIZ+sxLJE/ZzEvHT94JKizLx0a6BxUmjGOUNodHsLgAzWEgZu/dLi1CL9xJTczDwAj6GcLcAAAAA=[0madmin
Building in workspace /var/lib/jenkins/workspace/OpenCOG_DebOld_CogUtil
[OpenCOG_DebOld_CogUtil] $ /bin/sh -xe /tmp/jenkins8991903711599795928.sh
+ COGDIR=../OpenCOG_DebOld
+ . ../OpenCOG_DebOld/build.docker/docker.env
+ CID=295f70ed4a171a0d3e866ee739a29b734d36f8bb42ca47160835527971642f39
+ DKRUNROOT=docker exec --user root   295f70ed4a171a0d3e866ee739a29b734d36f8bb42ca47160835527971642f39
+ DKRUNUSER=docker exec --user jenkins  295f70ed4a171a0d3e866ee739a29b734d36f8bb42ca47160835527971642f39
+ UID=125
+ GID=132
+ LOGFILE=/var/lib/jenkins/jobs/OpenCOG_DebOld_CogUtil/builds/1/log
+ cat


**********************************************************
**********************************************************
**********************************************************
**********************************************************
*****                                                *****
*****                  Cogutil TEST                *****
*****                                                *****
**********************************************************
**********************************************************
**********************************************************
**********************************************************


+ echo GIT_COMMIT=
GIT_COMMIT=
+ echo GIT_BRANCH=
GIT_BRANCH=
+ echo GIT_URL=
GIT_URL=
+ WDIR=opencog/dependencies/cogutil
+ JOBDIR=../OpenCOG_DebOld/dependencies
+ cat
+ chmod +x ../OpenCOG_DebOld/dependencies/job1
+ docker exec --user jenkins 295f70ed4a171a0d3e866ee739a29b734d36f8bb42ca47160835527971642f39 bash opencog/dependencies/job1
+ pwd
+ cd opencog/dependencies/cogutil
+ cd build
+ make -j8 test
make: *** No rule to make target 'test'.  Stop.
/home/opencog
+ DSTATUS=TESTFAIL
+ /var/lib/jenkins/status/updateStatus TESTFAIL /var/lib/jenkins/jobs/OpenCOG_DebOld_CogUtil/builds/1/log OpenCOG_DebOld_CogUtil
Already up-to-date.
~/status/jobs ~/status
