Started by user [8mha:////4L2jTPWu9zIb56dnp8RqVObesKKV2DVGI0jJXlam1DqAAAAAlx+LCAAAAAAAAP9b85aBtbiIQTGjNKU4P08vOT+vOD8nVc83PyU1x6OyILUoJzMv2y+/JJUBAhiZGBgqihhk0NSjKDWzXb3RdlLBUSYGJk8GtpzUvPSSDB8G5tKinBIGIZ+sxLJE/ZzEvHT94JKizLx0a6BxUmjGOUNodHsLgAzWEgZu/dLi1CL9xJTczDwAj6GcLcAAAAA=[0madmin
Building in workspace /var/lib/jenkins/workspace/OpenCOG_U1404_Opencog
[OpenCOG_U1404_Opencog] $ /bin/sh -xe /tmp/jenkins5123126553023557184.sh
+ COGDIR=../OpenCOG_U1404
+ . ../OpenCOG_U1404/build.docker/docker.env
+ CID=3d1a988726cd46464c69ac7d6b549f0fa769a6de41a37e75a75308c3d2c2c53b
+ DKRUNROOT=docker exec --user root   3d1a988726cd46464c69ac7d6b549f0fa769a6de41a37e75a75308c3d2c2c53b
+ DKRUNUSER=docker exec --user jenkins  3d1a988726cd46464c69ac7d6b549f0fa769a6de41a37e75a75308c3d2c2c53b
+ UID=125
+ GID=132
+ LOGFILE=/var/lib/jenkins/jobs/OpenCOG_U1404_Opencog/builds/180/log
+ cat


**********************************************************
**********************************************************
**********************************************************
**********************************************************
*****                                                *****
*****                  Opencog TEST                *****
*****                                                *****
**********************************************************
**********************************************************
**********************************************************
**********************************************************


+ echo GIT_COMMIT=
GIT_COMMIT=
+ echo GIT_BRANCH=
GIT_BRANCH=
+ echo GIT_URL=
GIT_URL=
+ WDIR=opencog/
+ JOBDIR=../OpenCOG_U1404/dependencies
+ cat
+ chmod +x ../OpenCOG_U1404/dependencies/job1
+ docker exec --user jenkins 3d1a988726cd46464c69ac7d6b549f0fa769a6de41a37e75a75308c3d2c2c53b bash dependencies/job1
/home/opencog
+ pwd
+ cd opencog/
+ cd build
+ make -j8 test
[  0%] [  0%] Generating MOSESPLNSynergyUTest.cpp
Generating PLNRulesUTest.cpp
[  0%] [  1%] [  5%] [  9%] Built target attention_atom_types
Built target json_spirit
Built target atom_octomap
Built target miner
[ 12%] Built target openpsi
[ 23%] Built target server
[ 25%] [ 29%] [ 29%] [ 30%] Built target nlp_atom_types
Built target statistics
Generating UREMinerUTest.cpp
[ 30%] Built target patternminer_atom_types
[ 30%] Built target spacetime_atom_types
Generating MinerUTest.cpp
[ 30%] [ 32%] Generating ShellUTest.cpp
Generating CogServerUTest.cpp
[ 34%] Built target attention-types
[ 34%] Built target atomspacepublishermodule
[ 34%] Generating AgentUTest.cpp
[ 36%] Generating TimeSpaceAtomUTest.cpp
Scanning dependencies of target MOSESPLNSynergyUTest
Scanning dependencies of target PLNRulesUTest
[ 38%] [ 40%] Building CXX object tests/pln/CMakeFiles/MOSESPLNSynergyUTest.dir/MOSESPLNSynergyUTest.cpp.o
Building CXX object tests/pln/rules/CMakeFiles/PLNRulesUTest.dir/PLNRulesUTest.cpp.o
Scanning dependencies of target MinerUTest
Scanning dependencies of target CogServerUTest
Scanning dependencies of target ShellUTest
Scanning dependencies of target UREMinerUTest
[ 40%] [ 40%] [ 41%] [ 41%] Building CXX object tests/server/CMakeFiles/CogServerUTest.dir/CogServerUTest.cpp.o
Scanning dependencies of target AgentUTest
Building CXX object tests/learning/miner/CMakeFiles/MinerUTest.dir/MinerUTest.cpp.o
Building CXX object tests/server/CMakeFiles/ShellUTest.dir/ShellUTest.cpp.o
Building CXX object tests/learning/miner/CMakeFiles/UREMinerUTest.dir/UREMinerUTest.cpp.o
Scanning dependencies of target TimeSpaceAtomUTest
[ 43%] Building CXX object tests/server/CMakeFiles/AgentUTest.dir/AgentUTest.cpp.o
[ 43%] Building CXX object tests/spacetime/CMakeFiles/TimeSpaceAtomUTest.dir/TimeSpaceAtomUTest.cpp.o
Linking CXX executable MOSESPLNSynergyUTest
Linking CXX executable AgentUTest
[ 43%] Built target MOSESPLNSynergyUTest
Linking CXX executable ShellUTest
[ 43%] Generating AtomOcTreeUTest.cpp
Scanning dependencies of target AtomOcTreeUTest
[ 45%] Building CXX object tests/spacetime/CMakeFiles/AtomOcTreeUTest.dir/AtomOcTreeUTest.cpp.o
[ 45%] Built target AgentUTest
[ 45%] Built target ShellUTest
Linking CXX executable CogServerUTest
[ 47%] Generating OpenPsiRulesUTest.cpp
[ 49%] Generating OpenPsiImplicatorUTest.cpp
Linking CXX executable PLNRulesUTest
[ 49%] Built target CogServerUTest
Scanning dependencies of target OpenPsiRulesUTest
Scanning dependencies of target OpenPsiImplicatorUTest
[ 49%] [ 49%] Building CXX object tests/openpsi/CMakeFiles/OpenPsiRulesUTest.dir/OpenPsiRulesUTest.cpp.o
Building CXX object tests/openpsi/CMakeFiles/OpenPsiImplicatorUTest.dir/OpenPsiImplicatorUTest.cpp.o
[ 50%] Generating OpenPsiSCMUTest.cpp
[ 50%] Built target PLNRulesUTest
[ 50%] Built target dimensionalembedding
Scanning dependencies of target OpenPsiSCMUTest
Linking CXX executable TimeSpaceAtomUTest
[ 52%] Building CXX object tests/openpsi/CMakeFiles/OpenPsiSCMUTest.dir/OpenPsiSCMUTest.cpp.o
[ 52%] Generating StatisticsUTest.cpp
Scanning dependencies of target StatisticsUTest
[ 54%] Building CXX object tests/learning/statistics/CMakeFiles/StatisticsUTest.dir/StatisticsUTest.cpp.o
[ 54%] Built target TimeSpaceAtomUTest
[ 56%] Built target patternminer-types
[ 67%] Built target patternindex
[ 80%] Built target attention
[ 80%] Generating AtomSpacePublisherModuleUTest.cpp
Scanning dependencies of target AtomSpacePublisherModuleUTest
[ 81%] Building CXX object tests/persist/zmq/events/CMakeFiles/AtomSpacePublisherModuleUTest.dir/AtomSpacePublisherModuleUTest.cpp.o
Linking CXX executable UREMinerUTest
[ 81%] Built target UREMinerUTest
[ 83%] Generating DimEmbedUTest.cpp
Scanning dependencies of target DimEmbedUTest
[ 85%] Building CXX object tests/learning/dimensionalembedding/CMakeFiles/DimEmbedUTest.dir/DimEmbedUTest.cpp.o
Linking CXX executable MinerUTest
[ 85%] Built target MinerUTest
[ 92%] Built target PatternMiner
[ 92%] Generating PatternIndexAPIUTest.cpp
Scanning dependencies of target PatternIndexAPIUTest
[ 94%] Building CXX object tests/learning/pattern-index/CMakeFiles/PatternIndexAPIUTest.dir/PatternIndexAPIUTest.cpp.o
Linking CXX executable StatisticsUTest
Linking CXX executable AtomOcTreeUTest
[ 94%] Built target StatisticsUTest
[ 96%] Generating AttentionParamQueryUTest.cpp
Scanning dependencies of target AttentionParamQueryUTest
[ 96%] [ 96%] Built target AtomOcTreeUTest
Building CXX object tests/attention/CMakeFiles/AttentionParamQueryUTest.dir/AttentionParamQueryUTest.cpp.o
[ 96%] Generating PatternMinerUTest.cpp
Scanning dependencies of target PatternMinerUTest
[ 98%] Building CXX object tests/learning/PatternMiner/CMakeFiles/PatternMinerUTest.dir/PatternMinerUTest.cpp.o
Linking CXX executable OpenPsiRulesUTest
[ 98%] Built target OpenPsiRulesUTest
Linking CXX executable OpenPsiSCMUTest
[ 98%] Built target OpenPsiSCMUTest
Linking CXX executable OpenPsiImplicatorUTest
[ 98%] Built target OpenPsiImplicatorUTest
Linking CXX executable AttentionParamQueryUTest
[ 98%] Built target AttentionParamQueryUTest
Linking CXX executable PatternIndexAPIUTest
CMakeFiles/PatternIndexAPIUTest.dir/PatternIndexAPIUTest.cpp.o: In function `PatternIndexAPIUTest::PatternIndexAPIUTest()':
/home/opencog/opencog/tests/learning/pattern-index/PatternIndexAPIUTest.cxxtest:76: warning: the use of `tmpnam' is dangerous, better use `mkstemp'
[ 98%] Built target PatternIndexAPIUTest
Linking CXX executable PatternMinerUTest
/usr/local/lib/opencog/libquery.so: undefined reference to `opencog::Instantiator::Instantiator(opencog::AtomSpace*)'
/usr/local/lib/opencog/libquery.so: undefined reference to `opencog::Instantiator::instantiate(opencog::Handle const&, std::map<opencog::Handle, opencog::Handle, std::less<opencog::Handle>, std::allocator<std::pair<opencog::Handle const, opencog::Handle> > > const&, bool)'
/usr/local/lib/opencog/libquery.so: undefined reference to `opencog::EvaluationLink::do_eval_scratch(opencog::AtomSpace*, opencog::Handle const&, opencog::AtomSpace*, bool)'
/usr/local/lib/opencog/libquery.so: undefined reference to `opencog::EvaluationLink::do_evaluate(opencog::AtomSpace*, opencog::Handle const&, bool)'
collect2: error: ld returned 1 exit status
make[3]: *** [tests/learning/PatternMiner/PatternMinerUTest] Error 1
make[2]: *** [tests/learning/PatternMiner/CMakeFiles/PatternMinerUTest.dir/all] Error 2
make[2]: *** Waiting for unfinished jobs....
Linking CXX executable DimEmbedUTest
[ 98%] Built target DimEmbedUTest
Linking CXX executable AtomSpacePublisherModuleUTest
[ 98%] Built target AtomSpacePublisherModuleUTest
make[1]: *** [CMakeFiles/test.dir/rule] Error 2
make: *** [test] Error 2
+ DSTATUS=TESTFAIL
+ /var/lib/jenkins/status/updateStatus TESTFAIL /var/lib/jenkins/jobs/OpenCOG_U1404_Opencog/builds/180/log OpenCOG_U1404_Opencog
Already up-to-date.
