Started by user [8mha:////4L2jTPWu9zIb56dnp8RqVObesKKV2DVGI0jJXlam1DqAAAAAlx+LCAAAAAAAAP9b85aBtbiIQTGjNKU4P08vOT+vOD8nVc83PyU1x6OyILUoJzMv2y+/JJUBAhiZGBgqihhk0NSjKDWzXb3RdlLBUSYGJk8GtpzUvPSSDB8G5tKinBIGIZ+sxLJE/ZzEvHT94JKizLx0a6BxUmjGOUNodHsLgAzWEgZu/dLi1CL9xJTczDwAj6GcLcAAAAA=[0madmin
Building in workspace /var/lib/jenkins/workspace/OpenCOG_U1710_Opencog
[OpenCOG_U1710_Opencog] $ /bin/sh -xe /tmp/jenkins4149672565280905150.sh
+ COGDIR=../OpenCOG_U1710
+ . ../OpenCOG_U1710/build.docker/docker.env
+ CID=aba10532c09a0667cface5c64bb0044f1fcab3191c76293f0da7074b44a6fd1f
+ DKRUNROOT=docker exec --user root   aba10532c09a0667cface5c64bb0044f1fcab3191c76293f0da7074b44a6fd1f
+ DKRUNUSER=docker exec --user jenkins  aba10532c09a0667cface5c64bb0044f1fcab3191c76293f0da7074b44a6fd1f
+ UID=125
+ GID=132
+ LOGFILE=/var/lib/jenkins/jobs/OpenCOG_U1710_Opencog/builds/6/log
+ cat


**********************************************************
**********************************************************
**********************************************************
**********************************************************
*****                                                *****
*****                  Opencog TEST                *****
*****                                                *****
**********************************************************
**********************************************************
**********************************************************
**********************************************************


+ echo GIT_COMMIT=
GIT_COMMIT=
+ echo GIT_BRANCH=
GIT_BRANCH=
+ echo GIT_URL=
GIT_URL=
+ WDIR=opencog/
+ JOBDIR=../OpenCOG_U1710/dependencies
+ cat
+ chmod +x ../OpenCOG_U1710/dependencies/job1
+ docker exec --user jenkins aba10532c09a0667cface5c64bb0044f1fcab3191c76293f0da7074b44a6fd1f bash dependencies/job1
+ cd opencog/
+ cd build
+ make -j8 test
[  0%] Built target nlp_atom_types
[  0%] Built target attention_atom_types
[  1%] Built target json_spirit
[  5%] Built target py-shell
[  8%] Built target xpatternminer
[ 11%] Built target openpsi
[ 11%] Generating MOSESPLNSynergyUTest.cpp
[ 13%] Generating PLNRulesUTest.cpp
[ 15%] Built target statistics
[ 16%] Built target dimensionalembedding
[ 16%] Built target patternminer_atom_types
[ 16%] Built target spacetime_atom_types
[ 18%] Built target agent_finder
[ 21%] Built target nlp-types
[ 23%] Built target attention-types
[ 25%] Built target atomspacepublishermodule
[ 25%] Generating OpenPsiImplicatorUTest.cpp
[ 25%] Generating XPatternMinerUTest.cpp
[ 25%] Generating OpenPsiSCMUTest.cpp
[ 26%] Generating OpenPsiRulesUTest.cpp
[ 28%] Generating StatisticsUTest.cpp
[ 36%] Built target patternindex
Scanning dependencies of target MOSESPLNSynergyUTest
[ 36%] Building CXX object tests/pln/CMakeFiles/MOSESPLNSynergyUTest.dir/MOSESPLNSynergyUTest.cpp.o
[ 40%] Built target patternminer-types
Scanning dependencies of target PLNRulesUTest
Scanning dependencies of target StatisticsUTest
Scanning dependencies of target OpenPsiSCMUTest
Scanning dependencies of target OpenPsiRulesUTest
[ 40%] Building CXX object tests/pln/rules/CMakeFiles/PLNRulesUTest.dir/PLNRulesUTest.cpp.o
Scanning dependencies of target OpenPsiImplicatorUTest
[ 40%] Generating PatternIndexAPIUTest.cpp
Scanning dependencies of target XPatternMinerUTest
[ 40%] Building CXX object tests/learning/statistics/CMakeFiles/StatisticsUTest.dir/StatisticsUTest.cpp.o
[ 41%] Building CXX object tests/openpsi/CMakeFiles/OpenPsiImplicatorUTest.dir/OpenPsiImplicatorUTest.cpp.o
[ 45%] Building CXX object tests/learning/xpattern-miner/c++-based/CMakeFiles/XPatternMinerUTest.dir/XPatternMinerUTest.cpp.o
[ 45%] Building CXX object tests/openpsi/CMakeFiles/OpenPsiSCMUTest.dir/OpenPsiSCMUTest.cpp.o
[ 45%] Building CXX object tests/openpsi/CMakeFiles/OpenPsiRulesUTest.dir/OpenPsiRulesUTest.cpp.o
Scanning dependencies of target PatternIndexAPIUTest
[ 46%] Building CXX object tests/learning/pattern-index/CMakeFiles/PatternIndexAPIUTest.dir/PatternIndexAPIUTest.cpp.o
[ 48%] Linking CXX executable StatisticsUTest
[ 48%] Built target StatisticsUTest
[ 56%] Built target server
[ 61%] Built target PatternMiner
[ 71%] Built target attention
[ 71%] Generating AtomSpacePublisherModuleUTest.cpp
[ 71%] Linking CXX executable PatternIndexAPIUTest
Scanning dependencies of target AtomSpacePublisherModuleUTest
[ 73%] Building CXX object tests/persist/zmq/events/CMakeFiles/AtomSpacePublisherModuleUTest.dir/AtomSpacePublisherModuleUTest.cpp.o
CMakeFiles/PatternIndexAPIUTest.dir/PatternIndexAPIUTest.cpp.o: In function `PatternIndexAPIUTest::PatternIndexAPIUTest()':
/home/opencog/opencog/build/tests/learning/pattern-index/../../../../tests/learning/pattern-index/PatternIndexAPIUTest.cxxtest:76: warning: the use of `tmpnam' is dangerous, better use `mkstemp'
[ 75%] Linking CXX executable MOSESPLNSynergyUTest
[ 76%] Linking CXX executable OpenPsiRulesUTest
[ 76%] Built target MOSESPLNSynergyUTest
[ 76%] Built target PatternIndexAPIUTest
[ 76%] Linking CXX executable OpenPsiSCMUTest
[ 76%] Built target OpenPsiRulesUTest
[ 76%] Generating ShellUTest.cpp
[ 76%] Generating AgentUTest.cpp
[ 76%] Built target OpenPsiSCMUTest
[ 76%] Generating CogServerUTest.cpp
[ 76%] Linking CXX executable OpenPsiImplicatorUTest
Scanning dependencies of target AgentUTest
Scanning dependencies of target ShellUTest
[ 78%] Building CXX object tests/server/CMakeFiles/ShellUTest.dir/ShellUTest.cpp.o
[ 78%] Building CXX object tests/server/CMakeFiles/AgentUTest.dir/AgentUTest.cpp.o
Scanning dependencies of target CogServerUTest
[ 80%] Building CXX object tests/server/CMakeFiles/CogServerUTest.dir/CogServerUTest.cpp.o
[ 81%] Generating PyEvalUTest.cpp
[ 81%] Built target OpenPsiImplicatorUTest
[ 83%] Linking CXX executable PLNRulesUTest
[ 85%] Built target PythonModule
Scanning dependencies of target PyEvalUTest
[ 86%] Generating DimEmbedUTest.cpp
[ 86%] Building CXX object tests/cython/CMakeFiles/PyEvalUTest.dir/PyEvalUTest.cpp.o
[ 86%] Built target PLNRulesUTest
[ 86%] Generating PatternMinerUTest.cpp
Scanning dependencies of target DimEmbedUTest
Scanning dependencies of target PatternMinerUTest
[ 88%] Building CXX object tests/learning/PatternMiner/CMakeFiles/PatternMinerUTest.dir/PatternMinerUTest.cpp.o
[ 88%] Building CXX object tests/learning/dimensionalembedding/CMakeFiles/DimEmbedUTest.dir/DimEmbedUTest.cpp.o
[ 88%] Linking CXX executable XPatternMinerUTest
[ 88%] Built target XPatternMinerUTest
[ 90%] Generating AttentionParamQueryUTest.cpp
Scanning dependencies of target AttentionParamQueryUTest
[ 90%] Building CXX object tests/attention/CMakeFiles/AttentionParamQueryUTest.dir/AttentionParamQueryUTest.cpp.o
[ 90%] Linking CXX executable ShellUTest
[ 91%] Linking CXX executable AgentUTest
[ 91%] Built target ShellUTest
[ 91%] Built target AgentUTest
[ 93%] Generating PythonModuleUTest.cpp
Scanning dependencies of target PythonModuleUTest
[ 93%] Building CXX object tests/cython/CMakeFiles/PythonModuleUTest.dir/PythonModuleUTest.cpp.o
[ 95%] Linking CXX executable PyEvalUTest
[ 95%] Linking CXX executable CogServerUTest
[ 95%] Built target PyEvalUTest
[ 95%] Built target CogServerUTest
[ 95%] Linking CXX executable PatternMinerUTest
[ 95%] Built target PatternMinerUTest
[ 96%] Linking CXX executable DimEmbedUTest
[ 96%] Built target DimEmbedUTest
[ 98%] Linking CXX executable AttentionParamQueryUTest
[ 98%] Built target AttentionParamQueryUTest
[100%] Linking CXX executable PythonModuleUTest
[100%] Built target PythonModuleUTest
[100%] Linking CXX executable AtomSpacePublisherModuleUTest
[100%] Built target AtomSpacePublisherModuleUTest
Scanning dependencies of target tests
[100%] Built target tests
Scanning dependencies of target test
[100%] Running tests...
Test project /home/opencog/opencog/build/tests
      Start  1: AttentionParamQueryUTest
 1/17 Test  #1: AttentionParamQueryUTest .........   Passed    0.01 sec
      Start  2: AtomSpacePublisherModuleUTest
 2/17 Test  #2: AtomSpacePublisherModuleUTest ....***Exception: Other  5.73 sec
Running cxxtest tests (1 test)[2018-01-26 14:32:46:779] [INFO] Using config file found at: /home/opencog/opencog/build/tests/persist/zmq/events/../../../../lib/opencog-test.conf

[2018-01-26 14:32:46:779] [DEBUG] [SystemActivityTable] constructor
[2018-01-26 14:32:46:851] [INFO] [global_python_initialize] Start
[2018-01-26 14:32:46:856] [INFO] [global_python_initialize] Adding OpenCog sys.path directories
[2018-01-26 14:32:46:856] [DEBUG] Python 'sys.path' is:
[2018-01-26 14:32:46:856] [DEBUG]      0 > /usr/local/share/opencog/python
[2018-01-26 14:32:46:856] [DEBUG]      1 > /usr/lib/python2.7
[2018-01-26 14:32:46:856] [DEBUG]      2 > /usr/lib/python2.7/plat-x86_64-linux-gnu
[2018-01-26 14:32:46:856] [DEBUG]      3 > /usr/lib/python2.7/lib-tk
[2018-01-26 14:32:46:856] [DEBUG]      4 > /usr/lib/python2.7/lib-old
[2018-01-26 14:32:46:856] [DEBUG]      5 > /usr/lib/python2.7/lib-dynload
[2018-01-26 14:32:46:856] [DEBUG]      6 > /usr/local/lib/python2.7/dist-packages
[2018-01-26 14:32:46:856] [DEBUG]      7 > /usr/lib/python2.7/dist-packages
[2018-01-26 14:32:46:856] [DEBUG]      8 > /usr/lib/python2.7/dist-packages/PILcompat
[2018-01-26 14:32:46:856] [DEBUG]      9 > /usr/lib/python2.7/dist-packages/gtk-2.0
[2018-01-26 14:32:46:928] [INFO] [global_python_initialize] Finish
[2018-01-26 14:32:46:928] [INFO] [global_python_initialize] Start
[2018-01-26 14:32:46:928] [INFO] PythonEval::initialize_python_objects_and_imports Finished initialising python evaluator.
[2018-01-26 14:32:46:928] [DEBUG] [SystemActivityTable] init
[2018-01-26 14:32:46:928] [INFO] Loading module "../../../../opencog/cogserver/modules/events/libatomspacepublishermodule.so"
[2018-01-26 14:32:46:934] [INFO] [AtomSpacePublisherModule] constructor
[2018-01-26 14:32:46:934] [DEBUG] registering opencog::Request "publisher-enable-signals"
[2018-01-26 14:32:46:934] [DEBUG] registering opencog::Request "publisher-disable-signals"
[2018-01-26 14:32:46:934] [INFO] Initializing AtomSpacePublisherModule.
AtomSpacePublisherModuleUTest: /usr/include/zmq.hpp:406: zmq::context_t::~context_t(): Assertion `rc == 0' failed.

      Start  3: CogServerUTest
 3/17 Test  #3: CogServerUTest ...................   Passed    0.73 sec
      Start  4: ShellUTest
 4/17 Test  #4: ShellUTest .......................   Passed  120.21 sec
      Start  5: AgentUTest
 5/17 Test  #5: AgentUTest .......................   Passed    0.22 sec
      Start  6: MOSESPLNSynergyUTest
 6/17 Test  #6: MOSESPLNSynergyUTest .............***Failed    0.59 sec
Running cxxtest tests (3 tests);;; note: auto-compilation is enabled, set GUILE_AUTO_COMPILE=0
;;;       or pass the --no-auto-compile argument to disable.
;;; compiling ../../../examples/pln/moses-pln-synergy/scm/moses-pln-synergy-pm.scm
;;; examples/pln/moses-pln-synergy/scm/moses-pln-synergy-pm.scm:18:22: warning: possibly unbound variable `cog-bind'
;;; examples/pln/moses-pln-synergy/scm/moses-pln-synergy-pm.scm:18:22: warning: possibly unbound variable `implication-partial-instantiation-rule'
;;; examples/pln/moses-pln-synergy/scm/moses-pln-synergy-pm.scm:22:0: warning: possibly unbound variable `cog-bind'
;;; examples/pln/moses-pln-synergy/scm/moses-pln-synergy-pm.scm:22:0: warning: possibly unbound variable `implication-scope-to-implication-rule'
;;; examples/pln/moses-pln-synergy/scm/moses-pln-synergy-pm.scm:25:0: warning: possibly unbound variable `cog-bind'
;;; examples/pln/moses-pln-synergy/scm/moses-pln-synergy-pm.scm:25:0: warning: possibly unbound variable `and-lambda-distribution-rule'
;;; examples/pln/moses-pln-synergy/scm/moses-pln-synergy-pm.scm:28:0: warning: possibly unbound variable `cog-bind'
;;; examples/pln/moses-pln-synergy/scm/moses-pln-synergy-pm.scm:28:0: warning: possibly unbound variable `closed-lambda-evaluation-rule'
;;; examples/pln/moses-pln-synergy/scm/moses-pln-synergy-pm.scm:31:0: warning: possibly unbound variable `cog-bind'
;;; examples/pln/moses-pln-synergy/scm/moses-pln-synergy-pm.scm:31:0: warning: possibly unbound variable `implication-introduction-rule'
;;; examples/pln/moses-pln-synergy/scm/moses-pln-synergy-pm.scm:34:0: warning: possibly unbound variable `cog-bind'
;;; examples/pln/moses-pln-synergy/scm/moses-pln-synergy-pm.scm:34:0: warning: possibly unbound variable `implication-implicant-distribution-rule'
;;; examples/pln/moses-pln-synergy/scm/moses-pln-synergy-pm.scm:37:0: warning: possibly unbound variable `cog-bind'
;;; examples/pln/moses-pln-synergy/scm/moses-pln-synergy-pm.scm:37:0: warning: possibly unbound variable `implication-and-lambda-factorization-rule'
;;; examples/pln/moses-pln-synergy/scm/moses-pln-synergy-pm.scm:40:0: warning: possibly unbound variable `cog-bind'
;;; examples/pln/moses-pln-synergy/scm/moses-pln-synergy-pm.scm:40:0: warning: possibly unbound variable `deduction-implication-rule'
;;; examples/pln/moses-pln-synergy/scm/moses-pln-synergy-pm.scm:43:0: warning: possibly unbound variable `cog-bind'
;;; examples/pln/moses-pln-synergy/scm/moses-pln-synergy-pm.scm:43:0: warning: possibly unbound variable `deduction-implication-rule'
;;; examples/pln/moses-pln-synergy/scm/moses-pln-synergy-pm.scm:46:0: warning: possibly unbound variable `cog-bind'
;;; examples/pln/moses-pln-synergy/scm/moses-pln-synergy-pm.scm:46:0: warning: possibly unbound variable `implication-full-instantiation-rule'
;;; examples/pln/moses-pln-synergy/scm/moses-pln-synergy-pm.scm:49:0: warning: possibly unbound variable `cog-bind'
;;; examples/pln/moses-pln-synergy/scm/moses-pln-synergy-pm.scm:49:0: warning: possibly unbound variable `equivalence-to-implication-rule'
;;; examples/pln/moses-pln-synergy/scm/moses-pln-synergy-pm.scm:52:0: warning: possibly unbound variable `cog-bind'
;;; examples/pln/moses-pln-synergy/scm/moses-pln-synergy-pm.scm:52:0: warning: possibly unbound variable `deduction-implication-rule'
;;; examples/pln/moses-pln-synergy/scm/moses-pln-synergy-pm.scm:55:0: warning: possibly unbound variable `cog-bind'
;;; examples/pln/moses-pln-synergy/scm/moses-pln-synergy-pm.scm:55:0: warning: possibly unbound variable `deduction-implication-rule'
;;; examples/pln/moses-pln-synergy/scm/moses-pln-synergy-pm.scm:58:0: warning: possibly unbound variable `cog-bind'
;;; examples/pln/moses-pln-synergy/scm/moses-pln-synergy-pm.scm:58:0: warning: possibly unbound variable `deduction-implication-rule'
;;; examples/pln/moses-pln-synergy/scm/moses-pln-synergy-pm.scm:64:0: warning: possibly unbound variable `cog-bind'
;;; examples/pln/moses-pln-synergy/scm/moses-pln-synergy-pm.scm:64:0: warning: possibly unbound variable `implication-implicant-disjunction-rule'
;;; compiled /home/jenkins/.cache/guile/ccache/2.0-LE-8-2.0/home/opencog/opencog/examples/pln/moses-pln-synergy/scm/moses-pln-synergy-pm.scm.go
;;; compiling ../../../examples/pln/moses-pln-synergy/scm/moses-model.scm
;;; compiled /home/jenkins/.cache/guile/ccache/2.0-LE-8-2.0/home/opencog/opencog/examples/pln/moses-pln-synergy/scm/moses-model.scm.go
;;; compiling ../../../examples/pln/moses-pln-synergy/scm/background-knowledge.scm
;;; compiled /home/jenkins/.cache/guile/ccache/2.0-LE-8-2.0/home/opencog/opencog/examples/pln/moses-pln-synergy/scm/background-knowledge.scm.go
;;; compiling ../../../examples/pln/moses-pln-synergy/scm/pln-fc-config.scm
;;; WARNING: compilation of ../../../examples/pln/moses-pln-synergy/scm/pln-fc-config.scm failed:
;;; ERROR: In procedure dynamic-link: file: "libruleengine", message: "file not found"
;;; compiling ../../../opencog/pln/utilities.scm
;;; WARNING: compilation of ../../../opencog/pln/utilities.scm failed:
;;; ERROR: In procedure dynamic-link: file: "libexecution", message: "file not found"
;;; compiling ../../../opencog/pln/rules/wip/implication-instantiation.scm
;;; opencog/pln/rules/wip/implication-instantiation.scm:183:20: warning: possibly unbound variable `select-conditioned-substitution-terms'
;;; opencog/pln/rules/wip/implication-instantiation.scm:189:22: warning: possibly unbound variable `cog-execute!'
;;; opencog/pln/rules/wip/implication-instantiation.scm:193:22: warning: possibly unbound variable `cog-execute!'
;;; opencog/pln/rules/wip/implication-instantiation.scm:261:16: warning: possibly unbound variable `select-conditioned-substitution-terms'
;;; opencog/pln/rules/wip/implication-instantiation.scm:270:27: warning: possibly unbound variable `rm-list-ref'
;;; opencog/pln/rules/wip/implication-instantiation.scm:282:24: warning: possibly unbound variable `cog-execute!'
;;; opencog/pln/rules/wip/implication-instantiation.scm:283:24: warning: possibly unbound variable `cog-execute!'
;;; compiled /home/jenkins/.cache/guile/ccache/2.0-LE-8-2.0/home/opencog/opencog/opencog/pln/rules/wip/implication-instantiation.scm.go
;;; compiling ../../../opencog/pln/rules/wip/instantiation.scm
;;; opencog/pln/rules/wip/instantiation.scm:29:17: warning: possibly unbound variable `cog-execute!'
;;; opencog/pln/rules/wip/instantiation.scm:129:18: warning: possibly unbound variable `cog-execute!'
;;; compiled /home/jenkins/.cache/guile/ccache/2.0-LE-8-2.0/home/opencog/opencog/opencog/pln/rules/wip/instantiation.scm.go
;;; compiling ../../../opencog/pln/rules/wip/implication-scope-to-implication.scm
;;; compiled /home/jenkins/.cache/guile/ccache/2.0-LE-8-2.0/home/opencog/opencog/opencog/pln/rules/wip/implication-scope-to-implication.scm.go
;;; compiling ../../../opencog/pln/rules/wip/and-lambda-distribution.scm
;;; compiled /home/jenkins/.cache/guile/ccache/2.0-LE-8-2.0/home/opencog/opencog/opencog/pln/rules/wip/and-lambda-distribution.scm.go
;;; compiling ../../../opencog/pln/rules/wip/closed-lambda-evaluation.scm
;;; compiled /home/jenkins/.cache/guile/ccache/2.0-LE-8-2.0/home/opencog/opencog/opencog/pln/rules/wip/closed-lambda-evaluation.scm.go
;;; compiling ../../../opencog/pln/rules/wip/implication-introduction.scm
;;; compiled /home/jenkins/.cache/guile/ccache/2.0-LE-8-2.0/home/opencog/opencog/opencog/pln/rules/wip/implication-introduction.scm.go
;;; compiling ../../../opencog/pln/rules/wip/implication-implicant-distribution.scm
;;; compiled /home/jenkins/.cache/guile/ccache/2.0-LE-8-2.0/home/opencog/opencog/opencog/pln/rules/wip/implication-implicant-distribution.scm.go
;;; compiling ../../../opencog/pln/rules/wip/implication-and-lambda-factorization.scm
;;; compiled /home/jenkins/.cache/guile/ccache/2.0-LE-8-2.0/home/opencog/opencog/opencog/pln/rules/wip/implication-and-lambda-factorization.scm.go
;;; compiling ../../../opencog/pln/rules/term/deduction.scm
;;; opencog/pln/rules/term/deduction.scm:111:15: warning: possibly unbound variable `conditional-probability-consistency'
;;; opencog/pln/rules/term/deduction.scm:113:15: warning: possibly unbound variable `conditional-probability-consistency'
;;; opencog/pln/rules/term/deductiontarget = (ImplicationLink (stv 0.875000 0.009900)
  (OrLink
    (PredicateNode "take-treatment-1" (stv 0.100000 0.800000)) ; [693477798751519767][1]
    (PredicateNode "eat-lots-fruits-vegetables" (stv 0.070000 0.800000)) ; [8653502684118356509][1]
  ) ; [13838683702685337573][1]
  (PredicateNode "recovery-speed-of-injury-alpha" (stv 0.300000 0.800000)) ; [3285549567468649231][1]
) ; [9568671088959410699][1]


In MOSESPLNSynergyUTest::test_moses_pln_synergy_pm:
/home/opencog/opencog/build/tests/pln/../../../tests/pln/MOSESPLNSynergyUTest.cxxtest:129: Error: Expected (target_strength == expected_strength) up to 1e-6 (0.0000), found (0.8750 != 0.6035)
/home/opencog/opencog/build/tests/pln/../../../tests/pln/MOSESPLNSynergyUTest.cxxtest:130: Error: Expected (target_confidence == expected_confidence) up to 1e-6 (0.0000), found (0.0099 != 0.6547)
..
Failed 1 and Skipped 0 of 3 tests
Success rate: 66%
.scm:140:30: warning: possibly unbound variable `simple-deduction-strength-formula'
;;; compiled /home/jenkins/.cache/guile/ccache/2.0-LE-8-2.0/home/opencog/opencog/opencog/pln/rules/term/deduction.scm.go
;;; compiling ../../../opencog/pln/rules/term/formulas.scm
;;; compiled /home/jenkins/.cache/guile/ccache/2.0-LE-8-2.0/home/opencog/opencog/opencog/pln/rules/term/formulas.scm.go
;;; compiling ../../../opencog/pln/rules/wip/equivalence-to-implication.scm
;;; compiled /home/jenkins/.cache/guile/ccache/2.0-LE-8-2.0/home/opencog/opencog/opencog/pln/rules/wip/equivalence-to-implication.scm.go
;;; compiling ../../../opencog/pln/rules/wip/implication-implicant-disjunction.scm
;;; compiled /home/jenkins/.cache/guile/ccache/2.0-LE-8-2.0/home/opencog/opencog/opencog/pln/rules/wip/implication-implicant-disjunction.scm.go

      Start  7: PLNRulesUTest
 7/17 Test  #7: PLNRulesUTest ....................   Passed    1.18 sec
      Start  8: OpenPsiRulesUTest
 8/17 Test  #8: OpenPsiRulesUTest ................***Failed    1.55 sec
Running cxxtest tests (3 tests)[2018-01-26 14:34:55:481] [INFO] ##### Finished setting up to run a test #####
[2018-01-26 14:34:55:481] [INFO] BEGIN TEST: test_add_rule_and_is_rule
;;; note: auto-compilation is enabled, set GUILE_AUTO_COMPILE=0
;;;       or pass the --no-auto-compile argument to disable.
;;; compiling /home/opencog/opencog/tests/openpsi/rules.scm
;;; /home/opencog/opencog/tests/openpsi/rules.scm:44:19: warning: possibly unbound variable `psi-component'
;;; /home/opencog/opencog/tests/openpsi/rules.scm:54:17: warning: possibly unbound variable `psi-rule'
;;; /home/opencog/opencog/tests/openpsi/rules.scm:121:19: warning: possibly unbound variable `psi-component'
;;; /home/opencog/opencog/tests/openpsi/rules.scm:125:17: warning: possibly unbound variable `psi-rule'
;;; /home/opencog/opencog/tests/openpsi/rules.scm:167:17: warning: possibly unbound variable `psi-rule'
;;; /home/opencog/opencog/tests/openpsi/rules.scm:172:24: warning: possibly unbound variable `psi-related-goals'
;;; /home/opencog/opencog/tests/openpsi/rules.scm:177:27: warning: possibly unbound variable `psi-related-goals'
;;; /home/opencog/opencog/tests/openpsi/rules.scm:178:27: warning: possibly unbound variable `psi-related-goals'
;;; /home/opencog/opencog/tests/openpsi/rules.scm:197:4: warning: possibly unbound variable `psi-step'
;;; /home/opencog/opencog/tests/openpsi/rules.scm:198:4: warning: possibly unbound variable `psi-step'
;;; /home/opencog/opencog/tests/openpsi/rules.scm:206:2: warning: possibly unbound variable `psi-run'
;;; /home/opencog/opencog/tests/openpsi/rules.scm:206:2: warning: possibly unbound variable `d1'
;;; /home/opencog/opencog/tests/openpsi/rules.scm:210:2: warning: possibly unbound variable `psi-run'
;;; /home/opencog/opencog/tests/openpsi/rules.scm:210:2: warning: possibly unbound variable `d2'
;;; /home/opencog/opencog/tests/openpsi/rules.scm:214:12: warning: possibly unbound variable `psi-loop-count'
;;; /home/opencog/opencog/tests/openpsi/rules.scm:214:12: warning: possibly unbound variable `d1'
;;; /home/opencog/opencog/tests/openpsi/rules.scm:215:8: warning: possibly unbound variable `psi-loop-count'
;;; /home/opencog/opencog/tests/openpsi/rules.scm:215:8: warning: possibly unbound variable `d2'
;;; /home/opencog/opencog/tests/openpsi/rules.scm:220:15: warning: possibly unbound variable `psi-loop-count'
;;; /home/opencog/opencog/tests/openpsi/rules.scm:220:15: warning: possibly unbound variable `d1'
;;; /home/opencog/opencog/tests/openpsi/rules.scm:221:15: warning: possibly unbound variable `psi-loop-count'
;;; /home/opencog/opencog/tests/openpsi/rules.scm:221:15: warning: possibly unbound variable `d2'
;;; /home/opencog/opencog/tests/openpsi/rules.scm:229:2: warning: possibly unbound variable `psi-halt'
;;; /home/opencog/opencog/tests/openpsi/rules.scm:229:2: warning: possibly unbound variable `d1'
;;; /home/opencog/opencog/tests/openpsi/rules.scm:233:2: warning: possibly unbound variable `psi-halt'
;;; /home/opencog/opencog/tests/openpsi/rules.scm:233:2: warning: possibly unbound variable `d2'
;;; /home/opencog/opencog/tests/openpsi/rules.scm:234:12: warning: possibly unbound variable `psi-loop-count'
;;; /home/opencog/opencog/tests/openpsi/rules.scm:234:12: warning: possibly unbound variable `d1'
;;; /home/opencog/opencog/tests/openpsi/rules.scm:235:8: warning: possibly unbound variable `psi-loop-count'
;;; /home/opencog/opencog/tests/openpsi/rules.scm:235:8: warning: possibly unbound variable `d2'
;;; /home/opencog/opencog/tests/openpsi/rules.scm:239:17: warning: possibly unbound variable `psi-loop-count'
;;; /home/opencog/opencog/tests/openpsi/rules.scm:239:17: warning: possibly unbound variable `d1'
;;; /home/opencog/opencog/tests/openpsi/rules.scm:240:17: warning: possibly unbound variable `psi-loop-count'
;;; /home/opencog/opencog/tests/openpsi/rules.scm:240:17: warning: possibly unbound variable `d2'
;;; /home/opencog/opencog/tests/openpsi/rules.scm:245:19: warning: possibly unbound variable `psi-component'
;;; /home/opencog/opencog/tests/openpsi/rules.scm:273:4: warning: possibly unbound variable `psi-rule'
;;; /home/opencog/opencog/tests/openpsi/rules.scm:306:19: warning: possibly unbound variable `psi-get-action'
;;; /home/opencog/opencog/tests/openpsi/rules.scm:310:31: [2018-01-26 14:34:55:608] [INFO] END TEST: test_add_rule_and_is_rule
.[2018-01-26 14:34:55:610] [INFO] ##### Finished setting up to run a test #####
[2018-01-26 14:34:55:610] [INFO] BEGIN TEST: test_rule_get_functions

In OpenPsiRulesUTest::test_rule_get_functions:
/home/opencog/opencog/build/tests/openpsi/../../../tests/openpsi/OpenPsiRulesUTest.cxxtest:140: Error: Test failed: Caught scm error during eval
/home/opencog/opencog/build/tests/openpsi/../../../tests/openpsi/OpenPsiRulesUTest.cxxtest:140: Error: Assertion failed: (false == _scm->eval_error())
[2018-01-26 14:34:56:293] [ERROR] Backtrace:
In ice-9/boot-9.scm:
 160: 10 [catch #t #<catch-closure 558b788bf260> ...]
In unknown file:
   ?: 9 [apply-smob/1 #<catch-closure 558b788bf260>]
In ice-9/boot-9.scm:
 160: 8 [catch #t #<catch-closure 558b788bf140> ...]
In unknown file:
   ?: 7 [apply-smob/1 #<catch-closure 558b788bf140>]
   ?: 6 [call-with-input-string "(rule-2)" ...]
In ice-9/boot-9.scm:
2404: 5 [save-module-excursion #<procedure 558b788b73f0 at ice-9/eval-string.scm:65:9 ()>]
In ice-9/eval-string.scm:
  44: 4 [read-and-eval #<input: string 558b78a059c0> #:lang ...]
  37: 3 [lp (rule-2)]
In /home/opencog/opencog/tests/openpsi/rules.scm:
 125: 2 [rule-2]
In ice-9/boot-9.scm:
 105: 1 [#<procedure 558b788c0ac0 at ice-9/boot-9.scm:100:6 (thrown-k . args)> unbound-variable ...]
In unknown file:
   ?: 0 [apply-smob/1 #<catch-closure 558b788bf100> unbound-variable ...]

ERROR: In procedure apply-smob/1:
ERROR: In procedure module-lookup: Unbound variable: psi-rule
ABORT: unbound-variable
 (/home/opencog/atomspace/opencog/guile/SchemeEval.cc:926)
	Stack Trace:
	2: Logger.cc:481	  opencog::Logger::logva(opencog::Logger::Level, char const*, __va_list_tag*)
	3: Logger.cc:493	  opencog::Logger::Error::operator()(char const*, ...)
	4: exceptions.cc:55	  opencog::StandardException::parse_error_message(char const*, __va_list_tag*, bool)
	5: exceptions.cc:82	  opencog::StandardException::parse_error_message(char const*, char const*, __va_list_tag*, bool)
	6: exceptions.cc:150	  opencog::RuntimeException::RuntimeException(char const*, char const*, ...)
	7: SchemeEval.cc:926	  opencog::SchemeEval::eval_v(std::__cxx11::basic_string<char, std::char_traits<char>, std::allocator<char> > const&)
	8: SchemeEval.h:170	  opencog::SchemeEval::eval_h(std::__cxx11::basic_string<char, std::char_traits<char>, std::allocator<char> > const&)
	9: shared_ptr_base.h:683	  std::__shared_count<(__gnu_cxx::_Lock_policy)2>::~__shared_count()
	10: RealDescriptions.cpp:125	  CxxTest::RealTestDescription::run()
	11: TestRunner.h:104	  CxxTest::TestRunner::runTest(CxxTest::TestDescription&)
	12: OpenPsiRulesUTest.cpp:20	main()
	13: [0x211c1] ??() ??:0
	14: [0xdf7a] ??() ??:0

/home/opencog/opencog/tests/openpsi/OpenPsiRulesUTest.cxxtest:134: Error: Test failed: Backtrace:
In ice-9/boot-9.scm:
 160: 10 [catch #t #<catch-closure 558b788bf260> ...]
In unknown file:
   ?: 9 [apply-smob/1 #<catch-closure 558b788bf260>]
In ice-9/boot-9.scm:
 160: 8 [catch #t #<catch-closure 558b788bf140> ...]
In unknown file:
   ?: 7 [apply-smob/1 #<catch-closure 558b788bf140>]
   ?: 6 [call-with-input-string "(rule-2)" ...]
In ice-9/boot-9.scm:
2404: 5 [save-module-excursion #<procedure 558b788b73f0 at ice-9/eval-string.scm:65:9 ()>]
In ice-9/eval-string.scm:
  44: 4 [read-and-eval #<input: string 558b78a059c0> #:lang ...]
  37: 3 [lp (rule-2)]
In /home/opencog/opencog/tests/openpsi/rules.scm:
 125: 2 [rule-2]
In ice-9/boot-9.scm:
 105: 1 [#<procedure 558b788c0ac0 at ice-9/boot-9.scm:100:6 (thrown-k . args)> unbound-variable ...]
In unknown file:
   ?: 0 [apply-smob/1 #<catch-closure 558b788bf100> unbound-variable ...]

ERROR: In procedure apply-smob/1:
ERROR: In procedure module-lookup: Unbound variable: psi-rule
ABORT: unbound-variable
 (/home/opencog/atomspace/opencog/guile/SchemeEval.cc:926)
[2018-01-26 14:34:56:770] [INFO] ##### Finished setting up to run a test #####
[2018-01-26 14:34:56:770] [INFO] BEGIN TEST: test_get_query
[2018-01-26 14:34:56:789] [INFO] END TEST: test_get_query
.
Failed 1 and Skipped 0 of 3 tests
Success rate: 66%
warning: possibly unbound variable `psi-get-context'
;;; /home/opencog/opencog/tests/openpsi/rules.scm:314:17: warning: possibly unbound variable `psi-get-goal'
;;; compiled /home/jenkins/.cache/guile/ccache/2.0-LE-8-2.0/home/opencog/opencog/tests/openpsi/rules.scm.go
;;; compiling /usr/local/share/opencog/scm/opencog/openpsi.scm
;;; compiling /usr/local/share/opencog/scm/opencog/exec.scm
;;; compiled /home/jenkins/.cache/guile/ccache/2.0-LE-8-2.0/usr/local/share/opencog/scm/opencog/exec.scm.go
;;; compiled /home/jenkins/.cache/guile/ccache/2.0-LE-8-2.0/usr/local/share/opencog/scm/opencog/openpsi.scm.go
;;; compiling /usr/local/share/opencog/scm/opencog/openpsi/action-selector.scm
;;; opencog/openpsi/action-selector.scm:143:8: warning: "Define an action-selector for component ~a": wrong port argument
;;; opencog/openpsi/action-selector.scm:22:2: warning: possibly unbound variable `psi-set-func!'
;;; opencog/openpsi/action-selector.scm:31:2: warning: possibly unbound variable `psi-func'
;;; compiled /home/jenkins/.cache/guile/ccache/2.0-LE-8-2.0/usr/local/share/opencog/scm/opencog/openpsi/action-selector.scm.go
;;; compiling /usr/local/share/opencog/scm/opencog/openpsi/demand.scm
;;; compiling /usr/local/share/opencog/scm/opencog/query.scm
;;; compiled /home/jenkins/.cache/guile/ccache/2.0-LE-8-2.0/usr/local/share/opencog/scm/opencog/query.scm.go
;;; compiling /usr/local/share/opencog/scm/opencog/rule-engine.scm
;;; opencog/rule-engine.scm:12:0: warning: possibly unbound variable `export-rule-engine-utils'
;;; compiled /home/jenkins/.cache/guile/ccache/2.0-LE-8-2.0/usr/local/share/opencog/scm/opencog/rule-engine.scm.go
;;; WARNING: compilation of /usr/local/share/opencog/scm/opencog/openpsi/demand.scm failed:
;;; ERROR: In procedure dynamic-link: file: "libruleengine", message: "file not found"
;;; compiling /usr/local/share/opencog/scm/opencog/openpsi/utilities.scm
;;; opencog/openpsi/utilities.scm:156:13: warning: "A function called \"~a\" hasn't been set for ~a\n": wrong port argument
;;; opencog/openpsi/utilities.scm:52:4: warning: possibly unbound variable `psi-member?'
;;; opencog/openpsi/utilities.scm:78:4: warning: possibly unbound variable `psi-member?'
;;; compiled /home/jenkins/.cache/guile/ccache/2.0-LE-8-2.0/usr/local/share/opencog/scm/opencog/openpsi/utilities.scm.go
;;; compiling /usr/local/share/opencog/scm/opencog/openpsi/rule.scm
;;; opencog/openpsi/rule.scm:79:15: warning: possibly unbound variable `psi-action'
;;; compiled /home/jenkins/.cache/guile/ccache/2.0-LE-8-2.0/usr/local/share/opencog/scm/opencog/openpsi/rule.scm.go
;;; compiling /usr/local/share/opencog/scm/opencog/openpsi/demand.scm
;;; compiled /home/jenkins/.cache/guile/ccache/2.0-LE-8-2.0/usr/local/share/opencog/scm/opencog/openpsi/demand.scm.go
;;; compiling /usr/local/share/opencog/scm/opencog/openpsi/control.scm
;;; compiled /home/jenkins/.cache/guile/ccache/2.0-LE-8-2.0/usr/local/share/opencog/scm/opencog/openpsi/control.scm.go
;;; compiling /usr/local/share/opencog/scm/opencog/openpsi/main.scm
;;; compiling /usr/local/share/opencog/scm/opencog/logger.scm
;;; compiled /home/jenkins/.cache/guile/ccache/2.0-LE-8-2.0/usr/local/share/opencog/scm/opencog/logger.scm.go
;;; WARNING: compilation of /usr/local/share/opencog/scm/opencog/openpsi/main.scm failed:
;;; ERROR: In procedure dynamic-link: file: "liblogger", message: "file not found"
;;; compiling /home/opencog/opencog/tests/openpsi/psi-implicator.scm
;;; compiled /home/jenkins/.cache/guile/ccache/2.0-LE-8-2.0/home/opencog/opencog/tests/openpsi/psi-implicator.scm.go

      Start  9: OpenPsiImplicatorUTest
 9/17 Test  #9: OpenPsiImplicatorUTest ...........***Failed    0.39 sec
Running cxxtest tests (2 tests)[2018-01-26 14:34:57:035] [INFO] BEGIN TEST: test_check_satisfiability

In OpenPsiImplicatorUTest::test_check_satisfiability:
/home/opencog/opencog/build/tests/openpsi/../../../tests/openpsi/OpenPsiImplicatorUTest.cxxtest:98: Error: Test failed: Caught scm error during eval
/home/opencog/opencog/build/tests/openpsi/../../../tests/openpsi/OpenPsiImplicatorUTest.cxxtest:98: Error: Assertion failed: (false == _scm->eval_error())
[2018-01-26 14:34:57:063] [ERROR] Backtrace:
In ice-9/boot-9.scm:
 160: 12 [catch #t #<catch-closure 55e848914de0> ...]
In unknown file:
   ?: 11 [apply-smob/1 #<catch-closure 55e848914de0>]
In ice-9/boot-9.scm:
 160: 10 [catch #t #<catch-closure 55e848914cc0> ...]
In unknown file:
   ?: 9 [apply-smob/1 #<catch-closure 55e848914cc0>]
   ?: 8 [call-with-input-string "(rule-1)" ...]
In ice-9/boot-9.scm:
2404: 7 [save-module-excursion #<procedure 55e848927120 at ice-9/eval-string.scm:65:9 ()>]
In ice-9/eval-string.scm:
  44: 6 [read-and-eval #<input: string 55e8482b5ea0> #:lang ...]
  37: 5 [lp (rule-1)]
In ice-9/eval.scm:
 386: 4 [eval #<memoized (rule-1)> ()]
 393: 3 [eval #<memoized rule-1> ()]
In unknown file:
   ?: 2 [memoize-variable-access! #<memoized rule-1> #<directory # 55e847fedbd0>]
In ice-9/boot-9.scm:
 105: 1 [#<procedure 55e8483c2440 at ice-9/boot-9.scm:100:6 (thrown-k . args)> unbound-variable ...]
In unknown file:
   ?: 0 [apply-smob/1 #<catch-closure 55e848914c80> unbound-variable ...]

ERROR: In procedure apply-smob/1:
ERROR: Unbound variable: rule-1
ABORT: unbound-variable
 (/home/opencog/atomspace/opencog/guile/SchemeEval.cc:926)
	Stack Trace:
	2: Logger.cc:481	  opencog::Logger::logva(opencog::Logger::Level, char const*, __va_list_tag*)
	3: Logger.cc:493	  opencog::Logger::Error::operator()(char const*, ...)
	4: exceptions.cc:55	  opencog::StandardException::parse_error_message(char const*, __va_list_tag*, bool)
	5: exceptions.cc:82	  opencog::StandardException::parse_error_message(char const*, char const*, __va_list_tag*, bool)
	6: exceptions.cc:150	  opencog::RuntimeException::RuntimeException(char const*, char const*, ...)
	7: SchemeEval.cc:926	  opencog::SchemeEval::eval_v(std::__cxx11::basic_string<char, std::char_traits<char>, std::allocator<char> > const&)
	8: SchemeEval.h:170	  opencog::SchemeEval::eval_h(std::__cxx11::basic_string<char, std::char_traits<char>, std::allocator<char> > const&)
	9: RealDescriptions.cpp:125	  CxxTest::RealTestDescription::run()
	10: TestRunner.h:104	  CxxTest::TestRunner::runTest(CxxTest::TestDescription&)
	11: OpenPsiImplicatorUTest.cpp:20	main()
	12: [0x211c1] ??() ??:0
	13: [0xd66a] ??() ??:0

/home/opencog/opencog/tests/openpsi/OpenPsiImplicatorUTest.cxxtest:91: Error: Test failed: Backtrace:
In ice-9/boot-9.scm:
 160: 12 [catch #t #<catch-closure 55e848914de0> ...]
In unknown file:
   ?: 11 [apply-smob/1 #<catch-closure 55e848914de0>]
In ice-9/boot-9.scm:
 160: 10 [catch #t #<catch-closure 55e848914cc0> ...]
In unknown file:
   ?: 9 [apply-smob/1 #<catch-closure 55e848914cc0>]
   ?: 8 [call-with-input-string "(rule-1)" ...]
In ice-9/boot-9.scm:
2404: 7 [save-module-excursion #<procedure 55e848927120 at ice-9/eval-string.scm:65:9 ()>]
In ice-9/eval-string.scm:
  44: 6 [read-and-eval #<input: string 55e8482b5ea0> #:lang ...]
  37: 5 [lp (rule-1)]
In ice-9/eval.scm:
 386: 4 [eval #<memoized (rule-1)> ()]
 393: 3 [eval #<memoized rule-1> ()]
In unknown file:
   ?: 2 [memoize-variable-access! #<memoized rule-1> #<directory # 55e847fedbd0>]
In ice-9/boot-9.scm:
 105: 1 [#<procedure 55e8483c2440 at ice-9/boot-9.scm:100:6 (thrown-k . args)> unbound-variable ...]
In unknown file:
   ?: 0 [apply-smob/1 #<catch-closure 55e848914c80> unbound-variable ...]

ERROR: In procedure apply-smob/1:
ERROR: Unbound variable: rule-1
ABORT: unbound-variable
 (/home/opencog/atomspace/opencog/guile/SchemeEval.cc:926)
[2018-01-26 14:34:57:151] [INFO] BEGIN TEST: test_imply
[2018-01-26 14:34:57:157] [ERROR] Backtrace:
In ice-9/boot-9.scm:
 160: 11 [catch #t #<catch-closure 55e848859800> ...]
In unknown file:
   ?: 10 [apply-smob/1 #<catch-closure 55e848859800>]
In ice-9/boot-9.scm:
 160: 9 [catch #t #<catch-closure 55e8488596e0> ...]
In unknown file:
   ?: 8 [apply-smob/1 #<catch-closure 55e8488596e0>]
   ?: 7 [call-with-input-string "(groundable-content-1) (rule-1)" ...]
In ice-9/boot-9.scm:
2404: 6 [save-module-excursion #<procedure 55e848850b10 at ice-9/eval-string.scm:65:9 ()>]
In ice-9/eval-string.scm:
  44: 5 [read-and-eval #<input: string 55e8489b6340> #:lang ...]
  37: 4 [lp (rule-1)]
In /home/opencog/opencog/tests/openpsi/psi-implicator.scm:
  40: 3 [rule-1]
  35: 2 [demand-1]
In ice-9/boot-9.scm:
 105: 1 [#<procedure 55e848926c00 at ice-9/boot-9.scm:100:6 (thrown-k . args)> misc-error ...]
In unknown file:
   ?: 0 [apply-smob/1 #<catch-closure 55e8488596a0> misc-error ...]

ERROR: In procedure apply-smob/1:
ERROR: In procedure #<procedure demand-1 ()>: Unbound variable: psi-demand
ABORT: misc-error
 (/home/opencog/atomspace/opencog/guile/SchemeEval.cc:926)
	Stack Trace:
	2: Logger.cc:481	  opencog::Logger::logva(opencog::Logger::Level, char const*, __va_list_tag*)
	3: Logger.cc:493	  opencog::Logger::Error::operator()(char const*, ...)
	4: exceptions.cc:55	  opencog::StandardException::parse_error_message(char const*, __va_list_tag*, bool)
	5: exceptions.cc:82	  opencog::StandardException::parse_error_message(char const*, char const*, __va_list_tag*, bool)
	6: exceptions.cc:150	  opencog::RuntimeException::RuntimeException(char const*, char const*, ...)
	7: SchemeEval.cc:926	  opencog::SchemeEval::eval_v(std::__cxx11::basic_string<char, std::char_traits<char>, std::allocator<char> > const&)
	8: SchemeEval.h:170	  opencog::SchemeEval::eval_h(std::__cxx11::basic_string<char, std::char_traits<char>, std::allocator<char> > const&)
	9: RealDescriptions.cpp:125	  CxxTest::RealTestDescription::run()
	10: TestRunner.h:104	  CxxTest::TestRunner::runTest(CxxTest::TestDescription&)
	11: OpenPsiImplicatorUTest.cpp:20	main()
	12: [0x211c1] ??() ??:0
	13: [0xd66a] ??() ??:0

In OpenPsiImplicatorUTest::test_imply:
/home/opencog/opencog/tests/openpsi/OpenPsiImplicatorUTest.cxxtest:152: Error: Test failed: Backtrace:
In ice-9/boot-9.scm:
 160: 11 [catch #t #<catch-closure 55e848859800> ...]
In unknown file:
   ?: 10 [apply-smob/1 #<catch-closure 55e848859800>]
In ice-9/boot-9.scm:
 160: 9 [catch #t #<catch-closure 55e8488596e0> ...]
In unknown file:
   ?: 8 [apply-smob/1 #<catch-closure 55e8488596e0>]
   ?: 7 [call-with-input-string "(groundable-content-1) (rule-1)" ...]
In ice-9/boot-9.scm:
2404: 6 [save-module-excursion #<procedure 55e848850b10 at ice-9/eval-string.scm:65:9 ()>]
In ice-9/eval-string.scm:
  44: 5 [read-and-eval #<input: string 55e8489b6340> #:lang ...]
  37: 4 [lp (rule-1)]
In /home/opencog/opencog/tests/openpsi/psi-implicator.scm:
  40: 3 [rule-1]
  35: 2 [demand-1]
In ice-9/boot-9.scm:
 105: 1 [#<procedure 55e848926c00 at ice-9/boot-9.scm:100:6 (thrown-k . args)> misc-error ...]
In unknown file:
   ?: 0 [apply-smob/1 #<catch-closure 55e8488596a0> misc-error ...]

ERROR: In procedure apply-smob/1:
ERROR: In procedure #<procedure demand-1 ()>: Unbound variable: psi-demand
ABORT: misc-error
 (/home/opencog/atomspace/opencog/guile/SchemeEval.cc:926)
Failed 2 and Skipped 0 of 2 tests
Success rate: 0%

      Start 10: OpenPsiSCMUTest
10/17 Test #10: OpenPsiSCMUTest ..................***Failed    0.77 sec
Running cxxtest tests (8 tests)
In OpenPsiSCMUTest::test_psi_get_action:
/home/opencog/opencog/build/tests/openpsi/../../../tests/openpsi/OpenPsiSCMUTest.cxxtest:76: Error: Test failed: Caught scm error during eval
/home/opencog/opencog/build/tests/openpsi/../../../tests/openpsi/OpenPsiSCMUTest.cxxtest:76: Error: Assertion failed: (false == _scm->eval_error())
[2018-01-26 14:34:57:429] [INFO] BEGIN TEST: test_psi_get_action
/home/opencog/opencog/build/tests/openpsi/../../../tests/openpsi/OpenPsiSCMUTest.cxxtest:97: Error: Test failed: Caught scm error during eval
/home/opencog/opencog/build/tests/openpsi/../../../tests/openpsi/OpenPsiSCMUTest.cxxtest:97: Error: Assertion failed: (false == _scm->eval_error())
/home/opencog/opencog/build/tests/openpsi/../../../tests/openpsi/OpenPsiSCMUTest.cxxtest:98: Error: Test failed: Expected `#t`
/home/opencog/opencog/build/tests/openpsi/../../../tests/openpsi/OpenPsiSCMUTest.cxxtest:98: Error: Expected ("#t\n" == result_1), found (#t
 != "Backtrace:\nIn ice-9/boot-9.scm:\n 160: 10 [catch #t #<catch-closure 55bb6a9b06c0> ...]\nIn unknown file:\n   ?: 9 [apply-smob/1 #<catch-closure 55bb6a9b06c0>]\nIn ice-9/boot-9.scm:\n 160: 8 [catch #t #<catch-closure 55bb6a9b0440> ...]\nIn unknown file:\n   ?: 7 [apply-smob/1 #<catch-closure 55bb6a9b0440>]\n   ?: 6 [call-with-input-string \"(test_psi_get_action_1)\" ...]\nIn ice-9/boot-9.scm:\n2404: 5 [save-module-excursion #<procedure 55bb6a4f2cc0 at ice-9/eval-string.scm:65:9 ()>]\nIn ice-9/eval-string.scm:\n  44: 4 [read-and-eval #<input: string 55bb6aa29a90> #:lang ...]\n  37: 3 [lp (test_psi_get_action_1)]\nIn /home/opencog/opencog/tests/openpsi/rules.scm:\n 306: 2 [test_psi_get_action_1]\nIn ice-9/boot-9.scm:\n 105: 1 [#<procedure 55bb6aa3fb40 at ice-9/boot-9.scm:100:6 (thrown-k . args)> unbound-variable ...]\nIn unknown file:\n   ?: 0 [apply-smob/1 #<catch-closure 55bb6a9b0400> unbound-variable ...]\n\nERROR: In procedure apply-smob/1:\nERROR: In procedure module-lookup: Unbound variable: psi-get-action\nABORT: unbound-variable\n")
[2018-01-26 14:34:57:434] [INFO] END TEST: test_psi_get_action
[2018-01-26 14:34:57:437] [INFO] BEGIN TEST: test_psi_get_context
In OpenPsiSCMUTest::test_psi_get_context:
/home/opencog/opencog/build/tests/openpsi/../../../tests/openpsi/OpenPsiSCMUTest.cxxtest:111: Error: Test failed: Caught scm error during eval
/home/opencog/opencog/build/tests/openpsi/../../../tests/openpsi/OpenPsiSCMUTest.cxxtest:111: Error: Assertion failed: (false == _scm->eval_error())
/home/opencog/opencog/build/tests/openpsi/../../../tests/openpsi/OpenPsiSCMUTest.cxxtest:112: Error: Test failed: Expected `#t`
/home/opencog/opencog/build/tests/openpsi/../../../tests/openpsi/OpenPsiSCMUTest.cxxtest:112: Error: Expected ("#t\n" == result_1), found (#t
 != "Backtrace:\nIn ice-9/boot-9.scm:\n 160: 10 [catch #t #<catch-closure 55bb6a840500> ...]\nIn unknown file:\n   ?: 9 [apply-smob/1 #<catch-closure 55bb6a840500>]\nIn ice-9/boot-9.scm:\n 160: 8 [catch #t #<catch-closure 55bb6a840300> ...]\nIn unknown file:\n   ?: 7 [apply-smob/1 #<catch-closure 55bb6a840300>]\n   ?: 6 [call-with-input-string \"(test_psi_get_context_1)\" ...]\nIn ice-9/boot-9.scm:\n2404: 5 [save-module-excursion #<procedure 55bb6a9afb70 at ice-9/eval-string.scm:65:9 ()>]\nIn ice-9/eval-string.scm:\n  44: 4 [read-and-eval #<input: string 55bb6a99aea0> #:lang ...]\n  37: 3 [lp (test_psi_get_context_1)]\nIn /home/opencog/opencog/tests/openpsi/rules.scm:\n 310: 2 [test_psi_get_context_1]\nIn ice-9/boot-9.scm:\n 105: 1 [#<procedure 55bb6a9a4400 at ice-9/boot-9.scm:100:6 (thrown-k . args)> unbound-variable ...]\nIn unknown file:\n   ?: 0 [apply-smob/1 #<catch-closure 55bb6a8402c0> unbound-variable ...]\n\nERROR: In procedure apply-smob/1:\nERROR: In procedure module-lookup: Unbound variable: psi-get-context\nABORT: unbound-variable\n")
[2018-01-26 14:34:57:440] [INFO] END TEST: test_psi_get_context
[2018-01-26 14:34:57:442] [INFO] BEGIN TEST: test_psi_get_goal
In OpenPsiSCMUTest::test_psi_get_goal:
/home/opencog/opencog/build/tests/openpsi/../../../tests/openpsi/OpenPsiSCMUTest.cxxtest:125: Error: Test failed: Caught scm error during eval
/home/opencog/opencog/build/tests/openpsi/../../../tests/openpsi/OpenPsiSCMUTest.cxxtest:125: Error: Assertion failed: (false == _scm->eval_error())
/home/opencog/opencog/build/tests/openpsi/../../../tests/openpsi/OpenPsiSCMUTest.cxxtest:126: Error: Test failed: Expected `#t`
/home/opencog/opencog/build/tests/openpsi/../../../tests/openpsi/OpenPsiSCMUTest.cxxtest:126: Error: Expected ("#t\n" == result_1), found (#t
 != "Backtrace:\nIn ice-9/boot-9.scm:\n 160: 10 [catch #t #<catch-closure 55bb6a845240> ...]\nIn unknown file:\n   ?: 9 [apply-smob/1 #<catch-closure 55bb6a845240>]\nIn ice-9/boot-9.scm:\n 160: 8 [catch #t #<catch-closure 55bb6a850c60> ...]\nIn unknown file:\n   ?: 7 [apply-smob/1 #<catch-closure 55bb6a850c60>]\n   ?: 6 [call-with-input-string \"(test_psi_get_goal_1)\" ...]\nIn ice-9/boot-9.scm:\n2404: 5 [save-module-excursion #<procedure 55bb6a921090 at ice-9/eval-string.scm:65:9 ()>]\nIn ice-9/eval-string.scm:\n  44: 4 [read-and-eval #<input: string 55bb6a78a820> #:lang ...]\n  37: 3 [lp (test_psi_get_goal_1)]\nIn /home/opencog/opencog/tests/openpsi/rules.scm:\n 314: 2 [test_psi_get_goal_1]\nIn ice-9/boot-9.scm:\n 105: 1 [#<procedure 55bb6aa0a040 at ice-9/boot-9.scm:100:6 (thrown-k . args)> unbound-variable ...]\nIn unknown file:\n   ?: 0 [apply-smob/1 #<catch-closure 55bb6a850c20> unbound-variable ...]\n\nERROR: In procedure apply-smob/1:\nERROR: In procedure module-lookup: Unbound variable: psi-get-goal\nABORT: unbound-variable\n")
[2018-01-26 14:34:57:445] [INFO] END TEST: test_psi_get_goal
[2018-01-26 14:34:57:448] [INFO] BEGIN TEST: test_psi_satisfiable__predicate
[2018-01-26 14:34:57:451] [ERROR] Backtrace:
In ice-9/boot-9.scm:
 160: 12 [catch #t #<catch-closure 55bb6a83aa00> ...]
In unknown file:
   ?: 11 [apply-smob/1 #<catch-closure 55bb6a83aa00>]
In ice-9/boot-9.scm:
 160: 10 [catch #t #<catch-closure 55bb6a83a3e0> ...]
In unknown file:
   ?: 9 [apply-smob/1 #<catch-closure 55bb6a83a3e0>]
   ?: 8 [call-with-input-string "(psi-satisfiable? (rule-1))" ...]
In ice-9/boot-9.scm:
2404: 7 [save-module-excursion #<procedure 55bb6a974870 at ice-9/eval-string.scm:65:9 ()>]
In ice-9/eval-string.scm:
  44: 6 [read-and-eval #<input: string 55bb6a99a820> #:lang ...]
  37: 5 [lp (psi-satisfiable? (rule-1))]
In ice-9/eval.scm:
 386: 4 [eval #<memoized (psi-satisfiable? (rule-1))> ()]
 393: 3 [eval #<memoized psi-satisfiable?> ()]
In unknown file:
   ?: 2 [memoize-variable-access! # #]
In ice-9/boot-9.scm:
 105: 1 [#<procedure 55bb6a9a4b40 at ice-9/boot-9.scm:100:6 (thrown-k . args)> unbound-variable ...]
In unknown file:
   ?: 0 [apply-smob/1 #<catch-closure 55bb6a83a3a0> unbound-variable ...]

ERROR: In procedure apply-smob/1:
ERROR: Unbound variable: psi-satisfiable?
ABORT: unbound-variable
 (/home/opencog/atomspace/opencog/guile/SchemeEval.cc:926)
	Stack Trace:
	2: Logger.cc:481	  opencog::Logger::logva(opencog::Logger::Level, char const*, __va_list_tag*)
	3: Logger.cc:493	  opencog::Logger::Error::operator()(char const*, ...)
	4: exceptions.cc:55	  opencog::StandardException::parse_error_message(char const*, __va_list_tag*, bool)
	5: exceptions.cc:82	  opencog::StandardException::parse_error_message(char const*, char const*, __va_list_tag*, bool)
	6: exceptions.cc:150	  opencog::RuntimeException::RuntimeException(char const*, char const*, ...)
	7: SchemeEval.cc:926	  opencog::SchemeEval::eval_v(std::__cxx11::basic_string<char, std::char_traits<char>, std::allocator<char> > const&)
	8: SchemeEval.h:174	  opencog::SchemeEval::eval_tv(std::__cxx11::basic_string<char, std::char_traits<char>, std::allocator<char> > const&)
	9: RealDescriptions.cpp:125	  CxxTest::RealTestDescription::run()
	10: TestRunner.h:104	  CxxTest::TestRunner::runTest(CxxTest::TestDescription&)
	11: OpenPsiSCMUTest.cpp:20	main()
	12: [0x211c1] ??() ??:0
	13: [0xe16a] ??() ??:0

In OpenPsiSCMUTest::test_psi_satisfiable__predicate:
/home/opencog/opencog/tests/openpsi/OpenPsiSCMUTest.cxxtest:133: Error: Test failed: Backtrace:
In ice-9/boot-9.scm:
 160: 12 [catch #t #<catch-closure 55bb6a83aa00> ...]
In unknown file:
   ?: 11 [apply-smob/1 #<catch-closure 55bb6a83aa00>]
In ice-9/boot-9.scm:
 160: 10 [catch #t #<catch-closure 55bb6a83a3e0> ...]
In unknown file:
   ?: 9 [apply-smob/1 #<catch-closure 55bb6a83a3e0>]
   ?: 8 [call-with-input-string "(psi-satisfiable? (rule-1))" ...]
In ice-9/boot-9.scm:
2404: 7 [save-module-excursion #<procedure 55bb6a974870 at ice-9/eval-string.scm:65:9 ()>]
In ice-9/eval-string.scm:
  44: 6 [read-and-eval #<input: string 55bb6a99a820> #:lang ...]
  37: 5 [lp (psi-satisfiable? (rule-1))]
In ice-9/eval.scm:
 386: 4 [eval #<memoized (psi-satisfiable? (rule-1))> ()]
 393: 3 [eval #<memoized psi-satisfiable?> ()]
In unknown file:
   ?: 2 [memoize-variable-access! # #]
In ice-9/boot-9.scm:
 105: 1 [#<procedure 55bb6a9a4b40 at ice-9/boot-9.scm:100:6 (thrown-k . args)> unbound-variable ...]
In unknown file:
   ?: 0 [apply-smob/1 #<catch-closure 55bb6a83a3a0> unbound-variable ...]

ERROR: In procedure apply-smob/1:
ERROR: Unbound variable: psi-satisfiable?
ABORT: unbound-variable
 (/home/opencog/atomspace/opencog/guile/SchemeEval.cc:926)
[2018-01-26 14:34:57:583] [INFO] BEGIN TEST: test_psi_select_rules
[2018-01-26 14:34:57:586] [ERROR] Backtrace:
In ice-9/boot-9.scm:
 160: 10 [catch #t #<catch-closure 55bb6a845e80> ...]
In unknown file:
   ?: 9 [apply-smob/1 #<catch-closure 55bb6a845e80>]
In ice-9/boot-9.scm:
 160: 8 [catch #t #<catch-closure 55bb6a845d60> ...]
In unknown file:
   ?: 7 [apply-smob/1 #<catch-closure 55bb6a845d60>]
   ?: 6 [call-with-input-string "(rule-1)" ...]
In ice-9/boot-9.scm:
2404: 5 [save-module-excursion #<procedure 55bb6a974510 at ice-9/eval-string.scm:65:9 ()>]
In ice-9/eval-string.scm:
  44: 4 [read-and-eval #<input: string 55bb6a99a9c0> #:lang ...]
  37: 3 [lp (rule-1)]
In /home/opencog/opencog/tests/openpsi/rules.scm:
  54: 2 [rule-1]
In ice-9/boot-9.scm:
 105: 1 [#<procedure 55bb6a9a4b00 at ice-9/boot-9.scm:100:6 (thrown-k . args)> unbound-variable ...]
In unknown file:
   ?: 0 [apply-smob/1 #<catch-closure 55bb6a845d20> unbound-variable ...]

ERROR: In procedure apply-smob/1:
ERROR: In procedure module-lookup: Unbound variable: psi-rule
ABORT: unbound-variable
 (/home/opencog/atomspace/opencog/guile/SchemeEval.cc:926)
	Stack Trace:
	2: Logger.cc:481	  opencog::Logger::logva(opencog::Logger::Level, char const*, __va_list_tag*)
	3: Logger.cc:493	  opencog::Logger::Error::operator()(char const*, ...)
	4: exceptions.cc:55	  opencog::StandardException::parse_error_message(char const*, __va_list_tag*, bool)
	5: exceptions.cc:82	  opencog::StandardException::parse_error_message(char const*, char const*, __va_list_tag*, bool)
	6: exceptions.cc:150	  opencog::RuntimeException::RuntimeException(char const*, char const*, ...)
	7: SchemeEval.cc:926	  opencog::SchemeEval::eval_v(std::__cxx11::basic_string<char, std::char_traits<char>, std::allocator<char> > const&)
	8: SchemeEval.h:170	  opencog::SchemeEval::eval_h(std::__cxx11::basic_string<char, std::char_traits<char>, std::allocator<char> > const&)
	9: RealDescriptions.cpp:125	  CxxTest::RealTestDescription::run()
	10: TestRunner.h:104	  CxxTest::TestRunner::runTest(CxxTest::TestDescription&)
	11: OpenPsiSCMUTest.cpp:20	main()
	12: [0x211c1] ??() ??:0
	13: [0xe16a] ??() ??:0

In OpenPsiSCMUTest::test_psi_select_rules:
/home/opencog/opencog/tests/openpsi/OpenPsiSCMUTest.cxxtest:195: Error: Test failed: Backtrace:
In ice-9/boot-9.scm:
 160: 10 [catch #t #<catch-closure 55bb6a845e80> ...]
In unknown file:
   ?: 9 [apply-smob/1 #<catch-closure 55bb6a845e80>]
In ice-9/boot-9.scm:
 160: 8 [catch #t #<catch-closure 55bb6a845d60> ...]
In unknown file:
   ?: 7 [apply-smob/1 #<catch-closure 55bb6a845d60>]
   ?: 6 [call-with-input-string "(rule-1)" ...]
In ice-9/boot-9.scm:
2404: 5 [save-module-excursion #<procedure 55bb6a974510 at ice-9/eval-string.scm:65:9 ()>]
In ice-9/eval-string.scm:
  44: 4 [read-and-eval #<input: string 55bb6a99a9c0> #:lang ...]
  37: 3 [lp (rule-1)]
In /home/opencog/opencog/tests/openpsi/rules.scm:
  54: 2 [rule-1]
In ice-9/boot-9.scm:
 105: 1 [#<procedure 55bb6a9a4b00 at ice-9/boot-9.scm:100:6 (thrown-k . args)> unbound-variable ...]
In unknown file:
   ?: 0 [apply-smob/1 #<catch-closure 55bb6a845d20> unbound-variable ...]

ERROR: In procedure apply-smob/1:
ERROR: In procedure module-lookup: Unbound variable: psi-rule
ABORT: unbound-variable
 (/home/opencog/atomspace/opencog/guile/SchemeEval.cc:926)
[2018-01-26 14:34:57:769] [INFO] BEGIN TEST: test_psi_get_satisfiable_rules
[2018-01-26 14:34:57:772] [ERROR] Backtrace:
In ice-9/boot-9.scm:
 160: 10 [catch #t #<catch-closure 55bb6a845e00> ...]
In unknown file:
   ?: 9 [apply-smob/1 #<catch-closure 55bb6a845e00>]
In ice-9/boot-9.scm:
 160: 8 [catch #t #<catch-closure 55bb6a845c80> ...]
In unknown file:
   ?: 7 [apply-smob/1 #<catch-closure 55bb6a845c80>]
   ?: 6 [call-with-input-string "(rule-1) (rule-2) (rule-3)" ...]
In ice-9/boot-9.scm:
2404: 5 [save-module-excursion #<procedure 55bb6a9a8fc0 at ice-9/eval-string.scm:65:9 ()>]
In ice-9/eval-string.scm:
  44: 4 [read-and-eval #<input: string 55bb6a99a820> #:lang ...]
  37: 3 [lp (rule-1)]
In /home/opencog/opencog/tests/openpsi/rules.scm:
  54: 2 [rule-1]
In ice-9/boot-9.scm:
 105: 1 [#<procedure 55bb6a7dd040 at ice-9/boot-9.scm:100:6 (thrown-k . args)> unbound-variable ...]
In unknown file:
   ?: 0 [apply-smob/1 #<catch-closure 55bb6a845c40> unbound-variable ...]

ERROR: In procedure apply-smob/1:
ERROR: In procedure module-lookup: Unbound variable: psi-rule
ABORT: unbound-variable
 (/home/opencog/atomspace/opencog/guile/SchemeEval.cc:926)
	Stack Trace:
	2: Logger.cc:481	  opencog::Logger::logva(opencog::Logger::Level, char const*, __va_list_tag*)
	3: Logger.cc:493	  opencog::Logger::Error::operator()(char const*, ...)
	4: exceptions.cc:55	  opencog::StandardException::parse_error_message(char const*, __va_list_tag*, bool)
	5: exceptions.cc:82	  opencog::StandardException::parse_error_message(char const*, char const*, __va_list_tag*, bool)
	6: exceptions.cc:150	  opencog::RuntimeException::RuntimeException(char const*, char const*, ...)
	7: SchemeEval.cc:926	  opencog::SchemeEval::eval_v(std::__cxx11::basic_string<char, std::char_traits<char>, std::allocator<char> > const&)
	8: SchemeEval.h:170	  opencog::SchemeEval::eval_h(std::__cxx11::basic_string<char, std::char_traits<char>, std::allocator<char> > const&)
	9: RealDescriptions.cpp:125	  CxxTest::RealTestDescription::run()
	10: TestRunner.h:104	  CxxTest::TestRunner::runTest(CxxTest::TestDescription&)
	11: OpenPsiSCMUTest.cpp:20	main()
	12: [0x211c1] ??() ??:0
	13: [0xe16a] ??() ??:0

In OpenPsiSCMUTest::test_psi_get_satisfiable_rules:
/home/opencog/opencog/tests/openpsi/OpenPsiSCMUTest.cxxtest:267: Error: Test failed: Backtrace:
In ice-9/boot-9.scm:
 160: 10 [catch #t #<catch-closure 55bb6a845e00> ...]
In unknown file:
   ?: 9 [apply-smob/1 #<catch-closure 55bb6a845e00>]
In ice-9/boot-9.scm:
 160: 8 [catch #t #<catch-closure 55bb6a845c80> ...]
In unknown file:
   ?: 7 [apply-smob/1 #<catch-closure 55bb6a845c80>]
   ?: 6 [call-with-input-string "(rule-1) (rule-2) (rule-3)" ...]
In ice-9/boot-9.scm:
2404: 5 [save-module-excursion #<procedure 55bb6a9a8fc0 at ice-9/eval-string.scm:65:9 ()>]
In ice-9/eval-string.scm:
  44: 4 [read-and-eval #<input: string 55bb6a99a820> #:lang ...]
  37: 3 [lp (rule-1)]
In /home/opencog/opencog/tests/openpsi/rules.scm:
  54: 2 [rule-1]
In ice-9/boot-9.scm:
 105: 1 [#<procedure 55bb6a7dd040 at ice-9/boot-9.scm:100:6 (thrown-k . args)> unbound-variable ...]
In unknown file:
   ?: 0 [apply-smob/1 #<catch-closure 55bb6a845c40> unbound-variable ...]

ERROR: In procedure apply-smob/1:
ERROR: In procedure module-lookup: Unbound variable: psi-rule
ABORT: unbound-variable
 (/home/opencog/atomspace/opencog/guile/SchemeEval.cc:926)
[2018-01-26 14:34:57:928] [INFO] BEGIN TEST: test_psi_step_1
In OpenPsiSCMUTest::test_psi_step_1:
/home/opencog/opencog/build/tests/openpsi/../../../tests/openpsi/OpenPsiSCMUTest.cxxtest:322: Error: Test failed: Caught scm error during eval
/home/opencog/opencog/build/tests/openpsi/../../../tests/openpsi/OpenPsiSCMUTest.cxxtest:322: Error: Assertion failed: (false == _scm->eval_error())
/home/opencog/opencog/build/tests/openpsi/../../../tests/openpsi/OpenPsiSCMUTest.cxxtest:328: Error: Test failed: Caught scm error during eval
/home/opencog/opencog/build/tests/openpsi/../../../tests/openpsi/OpenPsiSCMUTest.cxxtest:328: Error: Assertion failed: (false == _scm->eval_error())
/home/opencog/opencog/build/tests/openpsi/../../../tests/openpsi/OpenPsiSCMUTest.cxxtest:344: Error: Test failed: Caught scm error during eval
/home/opencog/opencog/build/tests/openpsi/../../../tests/openpsi/OpenPsiSCMUTest.cxxtest:344: Error: Assertion failed: (false == _scm->eval_error())
/home/opencog/opencog/build/tests/openpsi/../../../tests/openpsi/OpenPsiSCMUTest.cxxtest:349: Error: Expected ("#t\n" == result_2_1), found (#t
 != "#f\n")
/home/opencog/opencog/build/tests/openpsi/../../../tests/openpsi/OpenPsiSCMUTest.cxxtest:361: Error: Test failed: Caught scm error during eval
/home/opencog/opencog/build/tests/openpsi/../../../tests/openpsi/OpenPsiSCMUTest.cxxtest:361: Error: Assertion failed: (false == _scm->eval_error())
/home/opencog/opencog/build/tests/openpsi/../../../tests/openpsi/OpenPsiSCMUTest.cxxtest:366: Error: Expected ("#t\n" == result_3_1), found (#t
 != "#f\n")
/home/opencog/opencog/build/tests/openpsi/../../../tests/openpsi/OpenPsiSCMUTest.cxxtest:371: Error: Expected ("#t\n" == result_3_2), found (#t
 != "#f\n")
[2018-01-26 14:34:57:944] [INFO] END TEST: test_psi_step_1
[2018-01-26 14:34:57:946] [INFO] BEGIN TEST: test_psi_run_and_psi_halt
In OpenPsiSCMUTest::test_psi_run_and_psi_halt:
/home/opencog/opencog/build/tests/openpsi/../../../tests/openpsi/OpenPsiSCMUTest.cxxtest:383: Error: Test failed: Caught scm error during eval
/home/opencog/opencog/build/tests/openpsi/../../../tests/openpsi/OpenPsiSCMUTest.cxxtest:383: Error: Assertion failed: (false == _scm->eval_error())
/home/opencog/opencog/build/tests/openpsi/../../../tests/openpsi/OpenPsiSCMUTest.cxxtest:385: Error: Test failed: Caught scm error during eval
/home/opencog/opencog/build/tests/openpsi/../../../tests/openpsi/OpenPsiSCMUTest.cxxtest:385: Error: Assertion failed: (false == _scm->eval_error())
/home/opencog/opencog/build/tests/openpsi/../../../tests/openpsi/OpenPsiSCMUTest.cxxtest:389: Error: Test failed: Caught scm error during eval
/home/opencog/opencog/build/tests/openpsi/../../../tests/openpsi/OpenPsiSCMUTest.cxxtest:389: Error: Assertion failed: (false == _scm->eval_error())
/home/opencog/opencog/build/tests/openpsi/../../../tests/openpsi/OpenPsiSCMUTest.cxxtest:390: Error: Expected ("#t\n" == result_1), found (#t
 != "Backtrace:\nIn ice-9/boot-9.scm:\n 160: 10 [catch #t #<catch-closure 55bb6a850620> ...]\nIn unknown file:\n   ?: 9 [apply-smob/1 #<catch-closure 55bb6a850620>]\nIn ice-9/boot-9.scm:\n 160: 8 [catch #t #<catch-closure 55bb6a850300> ...]\nIn unknown file:\n   ?: 7 [apply-smob/1 #<catch-closure 55bb6a850300>]\n   ?: 6 [call-with-input-string \"(test-psi-run)\" ...]\nIn ice-9/boot-9.scm:\n2404: 5 [save-module-excursion #<procedure 55bb6aa07330 at ice-9/eval-string.scm:65:9 ()>]\nIn ice-9/eval-string.scm:\n  44: 4 [read-and-eval #<input: string 55bb6aa79410> #:lang ...]\n  37: 3 [lp (test-psi-run)]\nIn /home/opencog/opencog/tests/openpsi/rules.scm:\n 206: 2 [test-psi-run]\nIn ice-9/boot-9.scm:\n 105: 1 [#<procedure 55bb6a9a4bc0 at ice-9/boot-9.scm:100:6 (thrown-k . args)> unbound-variable ...]\nIn unknown file:\n   ?: 0 [apply-smob/1 #<catch-closure 55bb6a8502c0> unbound-variable ...]\n\nERROR: In procedure apply-smob/1:\nERROR: In procedure module-lookup: Unbound variable: psi-run\nABORT: unbound-variable\n")
/home/opencog/opencog/build/tests/openpsi/../../../tests/openpsi/OpenPsiSCMUTest.cxxtest:393: Error: Test failed: Caught scm error during eval
/home/opencog/opencog/build/tests/openpsi/../../../tests/openpsi/OpenPsiSCMUTest.cxxtest:393: Error: Assertion failed: (false == _scm->eval_error())
/home/opencog/opencog/build/tests/openpsi/../../../tests/openpsi/OpenPsiSCMUTest.cxxtest:394: Error: Expected ("#t\n" == result_2), found (#t
 != "Backtrace:\nIn ice-9/boot-9.scm:\n 160: 10 [catch #t #<catch-closure 55bb6a9b4a80> ...]\nIn unknown file:\n   ?: 9 [apply-smob/1 #<catch-closure 55bb6a9b4a80>]\nIn ice-9/boot-9.scm:\n 160: 8 [catch #t #<catch-closure 55bb6a9b4880> ...]\nIn unknown file:\n   ?: 7 [apply-smob/1 #<catch-closure 55bb6a9b4880>]\n   ?: 6 [call-with-input-string \"(test-psi-halt)\" ...]\nIn ice-9/boot-9.scm:\n2404: 5 [save-module-excursion #<procedure 55bb6a7c60c0 at ice-9/eval-string.scm:65:9 ()>]\nIn ice-9/eval-string.scm:\n  44: 4 [read-and-eval #<input: string 55bb6aa9f270> #:lang ...]\n  37: 3 [lp (test-psi-halt)]\nIn /home/opencog/opencog/tests/openpsi/rules.scm:\n 229: 2 [test-psi-halt]\nIn ice-9/boot-9.scm:\n 105: 1 [#<procedure 55bb6aaaa800 at ice-9/boot-9.scm:100:6 (thrown-k . args)> unbound-variable ...]\nIn unknown file:\n   ?: 0 [apply-smob/1 #<catch-closure 55bb6a9b4840> unbound-variable ...]\n\nERROR: In procedure apply-smob/1:\nERROR: In procedure module-lookup: Unbound variable: psi-halt\nABORT: unbound-variable\n")
/home/opencog/opencog/build/tests/openpsi/../../../tests/openpsi/OpenPsiSCMUTest.cxxtest:397: Error: Test failed: Caught scm error during eval
/home/opencog/opencog/build/tests/openpsi/../../../tests/openpsi/OpenPsiSCMUTest.cxxtest:397: Error: Assertion failed: (false == _scm->eval_error())
/home/opencog/opencog/build/tests/openpsi/../../../tests/openpsi/OpenPsiSCMUTest.cxxtest:398: Error: Expected ("#t\n" == result_1), found (#t
 != "Backtrace:\nIn ice-9/boot-9.scm:\n 160: 10 [catch #t #<catch-closure 55bb6a850620> ...]\nIn unknown file:\n   ?: 9 [apply-smob/1 #<catch-closure 55bb6a850620>]\nIn ice-9/boot-9.scm:\n 160: 8 [catch #t #<catch-closure 55bb6a850300> ...]\nIn unknown file:\n   ?: 7 [apply-smob/1 #<catch-closure 55bb6a850300>]\n   ?: 6 [call-with-input-string \"(test-psi-run)\" ...]\nIn ice-9/boot-9.scm:\n2404: 5 [save-module-excursion #<procedure 55bb6aa07330 at ice-9/eval-string.scm:65:9 ()>]\nIn ice-9/eval-string.scm:\n  44: 4 [read-and-eval #<input: string 55bb6aa79410> #:lang ...]\n  37: 3 [lp (test-psi-run)]\nIn /home/opencog/opencog/tests/openpsi/rules.scm:\n 206: 2 [test-psi-run]\nIn ice-9/boot-9.scm:\n 105: 1 [#<procedure 55bb6a9a4bc0 at ice-9/boot-9.scm:100:6 (thrown-k . args)> unbound-variable ...]\nIn unknown file:\n   ?: 0 [apply-smob/1 #<catch-closure 55bb6a8502c0> unbound-variable ...]\n\nERROR: In procedure apply-smob/1:\nERROR: In procedure module-lookup: Unbound variable: psi-run\nABORT: unbound-variable\n")
/home/opencog/opencog/build/tests/openpsi/../../../tests/openpsi/OpenPsiSCMUTest.cxxtest:401: Error: Test failed: Caught scm error during eval
/home/opencog/opencog/build/tests/openpsi/../../../tests/openpsi/OpenPsiSCMUTest.cxxtest:401: Error: Assertion failed: (false == _scm->eval_error())
/home/opencog/opencog/build/tests/openpsi/../../../tests/openpsi/OpenPsiSCMUTest.cxxtest:402: Error: Expected ("#t\n" == result_2), found (#t
 != "Backtrace:\nIn ice-9/boot-9.scm:\n 160: 10 [catch #t #<catch-closure 55bb6a9b4a80> ...]\nIn unknown file:\n   ?: 9 [apply-smob/1 #<catch-closure 55bb6a9b4a80>]\nIn ice-9/boot-9.scm:\n 160: 8 [catch #t #<catch-closure 55bb6a9b4880> ...]\nIn unknown file:\n   ?: 7 [apply-smob/1 #<catch-closure 55bb6a9b4880>]\n   ?: 6 [call-with-input-string \"(test-psi-halt)\" ...]\nIn ice-9/boot-9.scm:\n2404: 5 [save-module-excursion #<procedure 55bb6a7c60c0 at ice-9/eval-string.scm:65:9 ()>]\nIn ice-9/eval-string.scm:\n  44: 4 [read-and-eval #<input: string 55bb6aa9f270> #:lang ...]\n  37: 3 [lp (test-psi-halt)]\nIn /home/opencog/opencog/tests/openpsi/rules.scm:\n 229: 2 [test-psi-halt]\nIn ice-9/boot-9.scm:\n 105: 1 [#<procedure 55bb6aaaa800 at ice-9/boot-9.scm:100:6 (thrown-k . args)> unbound-variable ...]\nIn unknown file:\n   ?: 0 [apply-smob/1 #<catch-closure 55bb6a9b4840> unbound-variable ...]\n\nERROR: In procedure apply-smob/1:\nERROR: In procedure module-lookup: Unbound variable: psi-halt\nABORT: unbound-variable\n")
[2018-01-26 14:34:57:970] [INFO] END TEST: test_psi_run_and_psi_halt
Failed 8 and Skipped 0 of 8 tests
Success rate: 0%

      Start 11: PythonModuleUTest
11/17 Test #11: PythonModuleUTest ................   Passed    0.39 sec
      Start 12: PyEvalUTest
12/17 Test #12: PyEvalUTest ......................   Passed    0.22 sec
      Start 13: DimEmbedUTest
13/17 Test #13: DimEmbedUTest ....................   Passed    0.20 sec
      Start 14: StatisticsUTest
14/17 Test #14: StatisticsUTest ..................   Passed    0.03 sec
      Start 15: PatternMinerUTest
15/17 Test #15: PatternMinerUTest ................   Passed    0.19 sec
      Start 16: PatternIndexAPIUTest
16/17 Test #16: PatternIndexAPIUTest .............   Passed    4.96 sec
      Start 17: XPatternMinerUTest
17/17 Test #17: XPatternMinerUTest ...............   Passed    1.89 sec

71% tests passed, 5 tests failed out of 17

Total Test time (real) = 139.30 sec

The following tests FAILED:
	  2 - AtomSpacePublisherModuleUTest (OTHER_FAULT)
	  6 - MOSESPLNSynergyUTest (Failed)
	  8 - OpenPsiRulesUTest (Failed)
	  9 - OpenPsiImplicatorUTest (Failed)
	 10 - OpenPsiSCMUTest (Failed)
Errors while running CTest
make[3]: *** [CMakeFiles/test] Error 8
make[2]: *** [CMakeFiles/test.dir/all] Error 2
CMakeFiles/test.dir/build.make:57: recipe for target 'CMakeFiles/test' failed
CMakeFiles/Makefile2:99: recipe for target 'CMakeFiles/test.dir/all' failed
CMakeFiles/Makefile2:106: recipe for target 'CMakeFiles/test.dir/rule' failed
make[1]: *** [CMakeFiles/test.dir/rule] Error 2
make: *** [test] Error 2
Makefile:199: recipe for target 'test' failed
+ DSTATUS=TESTFAIL
+ /var/lib/jenkins/status/updateStatus TESTFAIL /var/lib/jenkins/jobs/OpenCOG_U1710_Opencog/builds/6/log OpenCOG_U1710_Opencog
Already up-to-date.
~/status/jobs ~/status
