Started by user [8mha:////4L2jTPWu9zIb56dnp8RqVObesKKV2DVGI0jJXlam1DqAAAAAlx+LCAAAAAAAAP9b85aBtbiIQTGjNKU4P08vOT+vOD8nVc83PyU1x6OyILUoJzMv2y+/JJUBAhiZGBgqihhk0NSjKDWzXb3RdlLBUSYGJk8GtpzUvPSSDB8G5tKinBIGIZ+sxLJE/ZzEvHT94JKizLx0a6BxUmjGOUNodHsLgAzWEgZu/dLi1CL9xJTczDwAj6GcLcAAAAA=[0madmin
Building in workspace /var/lib/jenkins/workspace/OpenCOG_U1604_Opencog
[OpenCOG_U1604_Opencog] $ /bin/sh -xe /tmp/jenkins1081454623818733759.sh
+ COGDIR=../OpenCOG_U1604
+ . ../OpenCOG_U1604/build.docker/docker.env
+ CID=f14b6b3ad2408211a105ea3ae96c781dd8760fb3429ee2563cfe70e65a1c7c44
+ DKRUNROOT=docker exec --user root   f14b6b3ad2408211a105ea3ae96c781dd8760fb3429ee2563cfe70e65a1c7c44
+ DKRUNUSER=docker exec --user jenkins  f14b6b3ad2408211a105ea3ae96c781dd8760fb3429ee2563cfe70e65a1c7c44
+ UID=125
+ GID=132
+ LOGFILE=/var/lib/jenkins/jobs/OpenCOG_U1604_Opencog/builds/350/log
+ cat


**********************************************************
**********************************************************
**********************************************************
**********************************************************
*****                                                *****
*****                  Opencog TEST                *****
*****                                                *****
**********************************************************
**********************************************************
**********************************************************
**********************************************************


+ echo GIT_COMMIT=
GIT_COMMIT=
+ echo GIT_BRANCH=
GIT_BRANCH=
+ echo GIT_URL=
GIT_URL=
+ WDIR=opencog/
+ JOBDIR=../OpenCOG_U1604/dependencies
+ cat
+ chmod +x ../OpenCOG_U1604/dependencies/job1
+ docker exec --user jenkins f14b6b3ad2408211a105ea3ae96c781dd8760fb3429ee2563cfe70e65a1c7c44 bash dependencies/job1
+ cd opencog/
+ cd build
+ make -j8 test
[  0%] Generating MOSESPLNSynergyUTest.cpp
[  0%] Generating PLNRulesUTest.cpp
[  0%] Built target octomap_atom_types
[  1%] Built target statistics
[  3%] Built target attention_atom_types
[  5%] Built target spacetime_atom_types
[  8%] Built target miner
[ 10%] Built target nlp_atom_types
[ 10%] Built target patternminer_atom_types
[ 13%] Built target openpsi
[ 22%] Built target server
[ 24%] Generating StatisticsUTest.cpp
[ 24%] Generating OpenPsiSCMUTest.cpp
[ 25%] Built target octomap-types
[ 27%] Built target attention-types
[ 29%] Generating OpenPsiRulesUTest.cpp
[ 29%] Generating OpenPsiImplicatorUTest.cpp
Scanning dependencies of target MOSESPLNSynergyUTest
[ 31%] Built target guile-miner
Scanning dependencies of target PLNRulesUTest
[ 37%] Built target patternindex
Scanning dependencies of target StatisticsUTest
[ 39%] Building CXX object tests/pln/rules/CMakeFiles/PLNRulesUTest.dir/PLNRulesUTest.cpp.o
[ 41%] Building CXX object tests/pln/CMakeFiles/MOSESPLNSynergyUTest.dir/MOSESPLNSynergyUTest.cpp.o
[ 41%] Building CXX object tests/learning/statistics/CMakeFiles/StatisticsUTest.dir/StatisticsUTest.cpp.o
[ 43%] Built target dimensionalembedding
[ 46%] Built target patternminer-types
[ 48%] Generating PatternIndexAPIUTest.cpp
Scanning dependencies of target OpenPsiSCMUTest
[ 50%] Generating MinerUTest.cpp
Scanning dependencies of target OpenPsiRulesUTest
[ 50%] Building CXX object tests/openpsi/CMakeFiles/OpenPsiSCMUTest.dir/OpenPsiSCMUTest.cpp.o
Scanning dependencies of target OpenPsiImplicatorUTest
[ 50%] Building CXX object tests/openpsi/CMakeFiles/OpenPsiRulesUTest.dir/OpenPsiRulesUTest.cpp.o
[ 51%] Building CXX object tests/openpsi/CMakeFiles/OpenPsiImplicatorUTest.dir/OpenPsiImplicatorUTest.cpp.o
Scanning dependencies of target PatternIndexAPIUTest
[ 51%] Building CXX object tests/learning/pattern-index/CMakeFiles/PatternIndexAPIUTest.dir/PatternIndexAPIUTest.cpp.o
Scanning dependencies of target MinerUTest
[ 51%] Building CXX object tests/learning/miner/CMakeFiles/MinerUTest.dir/MinerUTest.cpp.o
[ 51%] Linking CXX executable StatisticsUTest
[ 51%] Built target StatisticsUTest
[ 60%] Built target attention
[ 60%] Generating ShellUTest.cpp
Scanning dependencies of target ShellUTest
[ 62%] Building CXX object tests/server/CMakeFiles/ShellUTest.dir/ShellUTest.cpp.o
[ 62%] Linking CXX executable MOSESPLNSynergyUTest
[ 63%] Linking CXX executable PatternIndexAPIUTest
[ 63%] Built target MOSESPLNSynergyUTest
CMakeFiles/PatternIndexAPIUTest.dir/PatternIndexAPIUTest.cpp.o: In function `PatternIndexAPIUTest::PatternIndexAPIUTest()':
/home/opencog/opencog/build/tests/learning/pattern-index/../../../../tests/learning/pattern-index/PatternIndexAPIUTest.cxxtest:76: warning: the use of `tmpnam' is dangerous, better use `mkstemp'
[ 63%] Built target PatternIndexAPIUTest
[ 63%] Generating CogServerUTest.cpp
[ 63%] Generating AgentUTest.cpp
Scanning dependencies of target CogServerUTest
Scanning dependencies of target AgentUTest
[ 63%] Building CXX object tests/server/CMakeFiles/CogServerUTest.dir/CogServerUTest.cpp.o
[ 63%] Building CXX object tests/server/CMakeFiles/AgentUTest.dir/AgentUTest.cpp.o
[ 65%] Linking CXX executable OpenPsiRulesUTest
[ 65%] Built target OpenPsiRulesUTest
[ 70%] Built target atom_octomap
[ 70%] Generating DimEmbedUTest.cpp
[ 72%] Linking CXX executable OpenPsiSCMUTest
Scanning dependencies of target DimEmbedUTest
[ 74%] Building CXX object tests/learning/dimensionalembedding/CMakeFiles/DimEmbedUTest.dir/DimEmbedUTest.cpp.o
[ 74%] Built target OpenPsiSCMUTest
[ 77%] Built target PatternMiner
[ 79%] Generating AttentionParamQueryUTest.cpp
Scanning dependencies of target AttentionParamQueryUTest
[ 79%] Building CXX object tests/attention/CMakeFiles/AttentionParamQueryUTest.dir/AttentionParamQueryUTest.cpp.o
[ 79%] Linking CXX executable OpenPsiImplicatorUTest
[ 79%] Linking CXX executable PLNRulesUTest
[ 79%] Built target OpenPsiImplicatorUTest
[ 81%] Generating HebbianCreationModuleUTest.cpp
Scanning dependencies of target HebbianCreationModuleUTest
[ 81%] Built target PLNRulesUTest
[ 81%] Generating ImportanceDiffusionUTest.cpp
[ 81%] Building CXX object tests/attention/CMakeFiles/HebbianCreationModuleUTest.dir/HebbianCreationModuleUTest.cpp.o
Scanning dependencies of target ImportanceDiffusionUTest
[ 81%] Building CXX object tests/attention/CMakeFiles/ImportanceDiffusionUTest.dir/ImportanceDiffusionUTest.cpp.o
[ 81%] Linking CXX executable ShellUTest
[ 81%] Built target ShellUTest
[ 82%] Generating TimeSpaceAtomUTest.cpp
Scanning dependencies of target TimeSpaceAtomUTest
[ 82%] Building CXX object tests/spacetime/CMakeFiles/TimeSpaceAtomUTest.dir/TimeSpaceAtomUTest.cpp.o
[ 84%] Linking CXX executable AgentUTest
[ 86%] Linking CXX executable AttentionParamQueryUTest
[ 86%] Built target AgentUTest
[ 86%] Generating AtomOcTreeUTest.cpp
Scanning dependencies of target AtomOcTreeUTest
[ 87%] Building CXX object tests/spacetime/CMakeFiles/AtomOcTreeUTest.dir/AtomOcTreeUTest.cpp.o
[ 87%] Built target AttentionParamQueryUTest
[ 87%] Generating OctoValueUTest.cpp
Scanning dependencies of target OctoValueUTest
[ 87%] Building CXX object tests/spacetime/CMakeFiles/OctoValueUTest.dir/OctoValueUTest.cpp.o
[ 89%] Linking CXX executable CogServerUTest
[ 89%] Built target CogServerUTest
[ 89%] Generating PatternMinerUTest.cpp
Scanning dependencies of target PatternMinerUTest
[ 91%] Building CXX object tests/learning/PatternMiner/CMakeFiles/PatternMinerUTest.dir/PatternMinerUTest.cpp.o
[ 93%] Linking CXX executable MinerUTest
[ 93%] Built target MinerUTest
[ 94%] Linking CXX executable HebbianCreationModuleUTest
[ 94%] Built target HebbianCreationModuleUTest
[ 96%] Linking CXX executable ImportanceDiffusionUTest
[ 96%] Built target ImportanceDiffusionUTest
[ 96%] Linking CXX executable DimEmbedUTest
[ 96%] Built target DimEmbedUTest
[ 98%] Linking CXX executable OctoValueUTest
[ 98%] Built target OctoValueUTest
[ 98%] Linking CXX executable AtomOcTreeUTest
[ 98%] Built target AtomOcTreeUTest
[100%] Linking CXX executable TimeSpaceAtomUTest
[100%] Built target TimeSpaceAtomUTest
[100%] Linking CXX executable PatternMinerUTest
[100%] Built target PatternMinerUTest
Scanning dependencies of target tests
[100%] Built target tests
Scanning dependencies of target test
[100%] Running tests...
Test project /home/opencog/opencog/build/tests
      Start  1: AttentionParamQueryUTest
 1/19 Test  #1: AttentionParamQueryUTest .........   Passed    0.37 sec
      Start  2: ImportanceDiffusionUTest
 2/19 Test  #2: ImportanceDiffusionUTest .........   Passed    0.40 sec
      Start  3: HebbianCreationModuleUTest
 3/19 Test  #3: HebbianCreationModuleUTest .......   Passed    1.23 sec
      Start  4: CogServerUTest
 4/19 Test  #4: CogServerUTest ...................   Passed    0.84 sec
      Start  5: ShellUTest
 5/19 Test  #5: ShellUTest .......................   Passed  118.63 sec
      Start  6: AgentUTest
 6/19 Test  #6: AgentUTest .......................   Passed    0.20 sec
      Start  7: AtomOcTreeUTest
 7/19 Test  #7: AtomOcTreeUTest ..................   Passed    0.04 sec
      Start  8: OctoValueUTest
 8/19 Test  #8: OctoValueUTest ...................   Passed    0.01 sec
      Start  9: TimeSpaceAtomUTest
 9/19 Test  #9: TimeSpaceAtomUTest ...............   Passed    0.05 sec
      Start 10: MOSESPLNSynergyUTest
10/19 Test #10: MOSESPLNSynergyUTest .............   Passed    5.27 sec
      Start 11: PLNRulesUTest
11/19 Test #11: PLNRulesUTest ....................   Passed    1.67 sec
      Start 12: OpenPsiRulesUTest
12/19 Test #12: OpenPsiRulesUTest ................   Passed    1.38 sec
      Start 13: OpenPsiImplicatorUTest
13/19 Test #13: OpenPsiImplicatorUTest ...........   Passed    0.39 sec
      Start 14: OpenPsiSCMUTest
14/19 Test #14: OpenPsiSCMUTest ..................   Passed    0.21 sec
      Start 15: DimEmbedUTest
15/19 Test #15: DimEmbedUTest ....................   Passed    0.22 sec
      Start 16: StatisticsUTest
16/19 Test #16: StatisticsUTest ..................   Passed    0.02 sec
      Start 17: PatternMinerUTest
17/19 Test #17: PatternMinerUTest ................   Passed    0.24 sec
      Start 18: PatternIndexAPIUTest
18/19 Test #18: PatternIndexAPIUTest .............   Passed    0.52 sec
      Start 19: MinerUTest
19/19 Test #19: MinerUTest .......................   Passed    5.28 sec

100% tests passed, 0 tests failed out of 19

Total Test time (real) = 136.97 sec
[100%] Built target test
+ DSTATUS=TESTPASS
+ /var/lib/jenkins/status/updateStatus TESTPASS /var/lib/jenkins/jobs/OpenCOG_U1604_Opencog/builds/350/log OpenCOG_U1604_Opencog
Auto packing the repository in background for optimum performance.
See "git help gc" for manual housekeeping.
error: The last gc run reported the following. Please correct the root cause
and remove .git/gc.log.
Automatic cleanup will not be performed until the file is removed.

error: pack-objects died of signal 15
error: failed to run repack

Already up-to-date.
