Started by user [8mha:////4L2jTPWu9zIb56dnp8RqVObesKKV2DVGI0jJXlam1DqAAAAAlx+LCAAAAAAAAP9b85aBtbiIQTGjNKU4P08vOT+vOD8nVc83PyU1x6OyILUoJzMv2y+/JJUBAhiZGBgqihhk0NSjKDWzXb3RdlLBUSYGJk8GtpzUvPSSDB8G5tKinBIGIZ+sxLJE/ZzEvHT94JKizLx0a6BxUmjGOUNodHsLgAzWEgZu/dLi1CL9xJTczDwAj6GcLcAAAAA=[0madmin
Building in workspace /var/lib/jenkins/workspace/OpenCOG_DebStab_Atomspace
[OpenCOG_DebStab_Atomspace] $ /bin/sh -xe /tmp/jenkins48318788771985859.sh
+ COGDIR=../OpenCOG_DebStab
+ . ../OpenCOG_DebStab/build.docker/docker.env
+ CID=4cb72f27d3f4c313ce8864e75ca0b23d075ebc4a4ce9b64864bf7bc6e9369118
+ DKRUNROOT=docker exec --user root   4cb72f27d3f4c313ce8864e75ca0b23d075ebc4a4ce9b64864bf7bc6e9369118
+ DKRUNUSER=docker exec --user jenkins  4cb72f27d3f4c313ce8864e75ca0b23d075ebc4a4ce9b64864bf7bc6e9369118
+ UID=125
+ GID=132
+ LOGFILE=/var/lib/jenkins/jobs/OpenCOG_DebStab_Atomspace/builds/6/log
+ cat


**********************************************************
**********************************************************
**********************************************************
**********************************************************
*****                                                *****
*****                  Atomspace TEST                *****
*****                                                *****
**********************************************************
**********************************************************
**********************************************************
**********************************************************


+ echo GIT_COMMIT=
GIT_COMMIT=
+ echo GIT_BRANCH=
GIT_BRANCH=
+ echo GIT_URL=
GIT_URL=
+ WDIR=atomspace
+ JOBDIR=../OpenCOG_DebStab/dependencies
+ cat
+ chmod +x ../OpenCOG_DebStab/dependencies/job1
+ docker exec --user jenkins 4cb72f27d3f4c313ce8864e75ca0b23d075ebc4a4ce9b64864bf7bc6e9369118 bash dependencies/job1
+ cd atomspace
+ cd build
+ make -j8 test
[  0%] Built target opencog_atom_types
[  1%] Built target truthvalue
[  3%] Built target atombase
[  5%] Built target attentionbank
[  5%] Built target atomutils
[ 11%] Built target atomcore
[ 12%] Built target clearbox
[ 15%] Built target atomspace
[ 16%] Built target atomspaceutils
[ 17%] Built target type_constructors
[ 18%] Built target lambda
[ 18%] Generating SimpleTruthValueUTest.cpp
[ 18%] Generating BetaReduceUTest.cpp
[ 18%] Generating EvidenceCountTruthValueUTest.cpp
[ 18%] Generating ComposeLinkUTest.cpp
[ 18%] Generating AttentionValueUTest.cpp
[ 18%] Generating TVMergeUTest.cpp
[ 18%] Generating VariablesUTest.cpp
[ 18%] Generating DefineLinkUTest.cpp
Scanning dependencies of target EvidenceCountTruthValueUTest
Scanning dependencies of target VariablesUTest
Scanning dependencies of target TVMergeUTest
Scanning dependencies of target ComposeLinkUTest
Scanning dependencies of target SimpleTruthValueUTest
Scanning dependencies of target BetaReduceUTest
[ 20%] Building CXX object tests/truthvalue/CMakeFiles/TVMergeUTest.dir/TVMergeUTest.cpp.o
[ 20%] Building CXX object tests/truthvalue/CMakeFiles/EvidenceCountTruthValueUTest.dir/EvidenceCountTruthValueUTest.cpp.o
[ 20%] Building CXX object tests/truthvalue/CMakeFiles/SimpleTruthValueUTest.dir/SimpleTruthValueUTest.cpp.o
[ 21%] Building CXX object tests/atoms/CMakeFiles/ComposeLinkUTest.dir/ComposeLinkUTest.cpp.o
[ 22%] Building CXX object tests/atoms/CMakeFiles/VariablesUTest.dir/VariablesUTest.cpp.o
Scanning dependencies of target DefineLinkUTest
Scanning dependencies of target AttentionValueUTest
[ 22%] Building CXX object tests/atoms/CMakeFiles/BetaReduceUTest.dir/BetaReduceUTest.cpp.o
[ 22%] Building CXX object tests/atoms/CMakeFiles/DefineLinkUTest.dir/DefineLinkUTest.cpp.o
[ 23%] Building CXX object tests/truthvalue/CMakeFiles/AttentionValueUTest.dir/AttentionValueUTest.cpp.o
[ 24%] Linking CXX executable EvidenceCountTruthValueUTest
[ 24%] Built target EvidenceCountTruthValueUTest
[ 24%] Linking CXX executable SimpleTruthValueUTest
[ 24%] Built target unify
[ 25%] Generating AtomSpaceUtilsUTest.cpp
[ 25%] Built target SimpleTruthValueUTest
Scanning dependencies of target AtomSpaceUtilsUTest
[ 25%] Building CXX object tests/atomspaceutils/CMakeFiles/AtomSpaceUtilsUTest.dir/AtomSpaceUtilsUTest.cpp.o
[ 25%] Generating AttentionUTest.cpp
[ 25%] Linking CXX executable TVMergeUTest
[ 25%] Built target TVMergeUTest
[ 27%] Built target atomspace_cython
Scanning dependencies of target AttentionUTest
[ 27%] Building CXX object tests/attentionbank/CMakeFiles/AttentionUTest.dir/AttentionUTest.cpp.o
[ 27%] Linking CXX executable VariablesUTest
[ 27%] Linking CXX executable BetaReduceUTest
[ 29%] Built target smob
[ 29%] Built target VariablesUTest
[ 29%] Built target BetaReduceUTest
[ 29%] Linking CXX executable ComposeLinkUTest
[ 29%] Built target ComposeLinkUTest
[ 29%] Generating ThreadSafeHandleMapUTest.cpp
[ 29%] Generating RemoveUTest.cpp
[ 29%] Generating MultiSpaceUTest.cpp
[ 29%] Linking CXX executable DefineLinkUTest
[ 29%] Built target DefineLinkUTest
[ 29%] Linking CXX executable AttentionValueUTest
Scanning dependencies of target ThreadSafeHandleMapUTest
Scanning dependencies of target RemoveUTest
Scanning dependencies of target MultiSpaceUTest
[ 29%] Generating NodeUTest.cpp
[ 29%] Generating AtomUTest.cpp
[ 29%] Building CXX object tests/atomspace/CMakeFiles/ThreadSafeHandleMapUTest.dir/ThreadSafeHandleMapUTest.cpp.o
[ 29%] Building CXX object tests/atomspace/CMakeFiles/MultiSpaceUTest.dir/MultiSpaceUTest.cpp.o
[ 29%] Building CXX object tests/atomspace/CMakeFiles/RemoveUTest.dir/RemoveUTest.cpp.o
[ 29%] Built target AttentionValueUTest
Scanning dependencies of target NodeUTest
Scanning dependencies of target AtomUTest
[ 30%] Building CXX object tests/atomspace/CMakeFiles/NodeUTest.dir/NodeUTest.cpp.o
[ 30%] Building CXX object tests/atomspace/CMakeFiles/AtomUTest.dir/AtomUTest.cpp.o
[ 30%] Generating UseCountUTest.cpp
[ 30%] Linking CXX executable AtomSpaceUtilsUTest
Scanning dependencies of target UseCountUTest
[ 30%] Building CXX object tests/atomspace/CMakeFiles/UseCountUTest.dir/UseCountUTest.cpp.o
[ 30%] Built target AtomSpaceUtilsUTest
[ 30%] Generating AtomSpaceImplUTest.cpp
[ 30%] Linking CXX executable AttentionUTest
[ 30%] Built target AttentionUTest
Scanning dependencies of target AtomSpaceImplUTest
[ 31%] Building CXX object tests/atomspace/CMakeFiles/AtomSpaceImplUTest.dir/AtomSpaceImplUTest.cpp.o
[ 31%] Generating AtomTableUTest.cpp
Scanning dependencies of target AtomTableUTest
[ 31%] Building CXX object tests/atomspace/CMakeFiles/AtomTableUTest.dir/AtomTableUTest.cpp.o
[ 31%] Linking CXX executable NodeUTest
[ 31%] Built target NodeUTest
[ 31%] Generating AtomSpaceUTest.cpp
Scanning dependencies of target AtomSpaceUTest
[ 31%] Building CXX object tests/atomspace/CMakeFiles/AtomSpaceUTest.dir/AtomSpaceUTest.cpp.o
[ 31%] Linking CXX executable AtomUTest
[ 31%] Linking CXX executable ThreadSafeHandleMapUTest
[ 31%] Built target AtomUTest
[ 32%] Linking CXX executable UseCountUTest
[ 32%] Built target ThreadSafeHandleMapUTest
[ 32%] Generating AtomSpaceAsyncUTest.cpp
[ 32%] Generating ClassServerUTest.cpp
[ 32%] Built target UseCountUTest
Scanning dependencies of target ClassServerUTest
[ 32%] Building CXX object tests/atomspace/CMakeFiles/ClassServerUTest.dir/ClassServerUTest.cpp.o
Scanning dependencies of target AtomSpaceAsyncUTest
[ 32%] Building CXX object tests/atomspace/CMakeFiles/AtomSpaceAsyncUTest.dir/AtomSpaceAsyncUTest.cpp.o
[ 32%] Linking CXX executable RemoveUTest
[ 32%] Generating LinkUTest.cpp
[ 34%] Linking CXX executable MultiSpaceUTest
[ 34%] Built target RemoveUTest
[ 34%] Built target MultiSpaceUTest
Scanning dependencies of target LinkUTest
[ 35%] Linking CXX executable AtomTableUTest
[ 35%] Building CXX object tests/atomspace/CMakeFiles/LinkUTest.dir/LinkUTest.cpp.o
[ 35%] Generating TLBUTest.cpp
[ 35%] Generating AlphaConvertUTest.cpp
[ 35%] Built target AtomTableUTest
Scanning dependencies of target TLBUTest
[ 35%] Building CXX object tests/atomspace/CMakeFiles/TLBUTest.dir/TLBUTest.cpp.o
Scanning dependencies of target AlphaConvertUTest
[ 35%] Generating RewriteLinkUTest.cpp
[ 35%] Building CXX object tests/atoms/CMakeFiles/AlphaConvertUTest.dir/AlphaConvertUTest.cpp.o
Scanning dependencies of target RewriteLinkUTest
[ 36%] Building CXX object tests/atoms/CMakeFiles/RewriteLinkUTest.dir/RewriteLinkUTest.cpp.o
[ 36%] Linking CXX executable AtomSpaceImplUTest
[ 36%] Built target AtomSpaceImplUTest
[ 36%] Generating FreeLinkUTest.cpp
[ 36%] Linking CXX executable ClassServerUTest
[ 36%] Built target ClassServerUTest
Scanning dependencies of target FreeLinkUTest
[ 36%] Generating ScopeLinkUTest.cpp
[ 37%] Building CXX object tests/atoms/CMakeFiles/FreeLinkUTest.dir/FreeLinkUTest.cpp.o
Scanning dependencies of target ScopeLinkUTest
[ 37%] Building CXX object tests/atoms/CMakeFiles/ScopeLinkUTest.dir/ScopeLinkUTest.cpp.o
[ 37%] Linking CXX executable LinkUTest
[ 37%] Built target LinkUTest
[ 37%] Linking CXX executable TLBUTest
[ 37%] Generating NeighborUTest.cpp
[ 37%] Built target TLBUTest
[ 37%] Generating FuzzyUTest.cpp
Scanning dependencies of target NeighborUTest
[ 38%] Building CXX object tests/atomutils/CMakeFiles/NeighborUTest.dir/NeighborUTest.cpp.o
Scanning dependencies of target FuzzyUTest
[ 38%] Building CXX object tests/atomutils/CMakeFiles/FuzzyUTest.dir/FuzzyUTest.cpp.o
[ 38%] Linking CXX executable AlphaConvertUTest
[ 38%] Linking CXX executable AtomSpaceAsyncUTest
[ 38%] Built target AlphaConvertUTest
[ 38%] Linking CXX executable AtomSpaceUTest
[ 38%] Generating FindUtilsUTest.cpp
[ 38%] Built target AtomSpaceAsyncUTest
[ 38%] Built target AtomSpaceUTest
Scanning dependencies of target FindUtilsUTest
[ 38%] Building CXX object tests/atomutils/CMakeFiles/FindUtilsUTest.dir/FindUtilsUTest.cpp.o
[ 38%] Linking CXX executable RewriteLinkUTest
[ 38%] Generating AtomUtilsUTest.cpp
[ 40%] Generating UnifyUTest.cpp
[ 40%] Built target RewriteLinkUTest
Scanning dependencies of target AtomUtilsUTest
[ 41%] Building CXX object tests/atomutils/CMakeFiles/AtomUtilsUTest.dir/AtomUtilsUTest.cpp.o
[ 41%] Built target PythonEval
Scanning dependencies of target UnifyUTest
[ 41%] Building CXX object tests/unify/CMakeFiles/UnifyUTest.dir/UnifyUTest.cpp.o
[ 43%] Built target query
[ 43%] Built target utilities_cython
[ 43%] Linking CXX executable FreeLinkUTest
[ 44%] Built target execution
[ 45%] Linking CXX executable ScopeLinkUTest
[ 45%] Built target FreeLinkUTest
[ 45%] Built target ScopeLinkUTest
[ 45%] Generating PythonUtilitiesUTest.cpp
[ 45%] Generating DeleteLinkUTest.cpp
[ 45%] Generating ReductUTest.cpp
Scanning dependencies of target PythonUtilitiesUTest
Scanning dependencies of target DeleteLinkUTest
[ 45%] Building CXX object tests/cython/CMakeFiles/PythonUtilitiesUTest.dir/PythonUtilitiesUTest.cpp.o
Scanning dependencies of target ReductUTest
[ 45%] Building CXX object tests/atoms/CMakeFiles/DeleteLinkUTest.dir/DeleteLinkUTest.cpp.o
[ 47%] Building CXX object tests/atoms/CMakeFiles/ReductUTest.dir/ReductUTest.cpp.o
[ 47%] Linking CXX executable FuzzyUTest
[ 47%] Built target FuzzyUTest
[ 47%] Linking CXX executable NeighborUTest
[ 48%] Generating MapLinkUTest.cpp
[ 48%] Built target NeighborUTest
[ 48%] Generating RandomUTest.cpp
Scanning dependencies of target MapLinkUTest
[ 48%] Building CXX object tests/atoms/CMakeFiles/MapLinkUTest.dir/MapLinkUTest.cpp.o
Scanning dependencies of target RandomUTest
[ 48%] Building CXX object tests/atoms/CMakeFiles/RandomUTest.dir/RandomUTest.cpp.o
[ 49%] Linking CXX executable FindUtilsUTest
[ 50%] Linking CXX executable AtomUtilsUTest
[ 50%] Built target FindUtilsUTest
[ 50%] Generating EqualLinkUTest.cpp
[ 50%] Built target AtomUtilsUTest
[ 50%] Linking CXX executable PythonUtilitiesUTest
Scanning dependencies of target EqualLinkUTest
[ 50%] Generating StateLinkUTest.cpp
[ 50%] Building CXX object tests/atoms/CMakeFiles/EqualLinkUTest.dir/EqualLinkUTest.cpp.o
[ 50%] Built target PythonUtilitiesUTest
Scanning dependencies of target StateLinkUTest
[ 50%] Generating PutLinkUTest.cpp
[ 50%] Building CXX object tests/atoms/CMakeFiles/StateLinkUTest.dir/StateLinkUTest.cpp.o
Scanning dependencies of target PutLinkUTest
[ 50%] Building CXX object tests/atoms/CMakeFiles/PutLinkUTest.dir/PutLinkUTest.cpp.o
[ 50%] Linking CXX executable DeleteLinkUTest
[ 50%] Linking CXX executable ReductUTest
[ 50%] Built target DeleteLinkUTest
[ 50%] Built target ReductUTest
[ 50%] Generating MultiAtomSpaceUTest.cpp
[ 50%] Generating ParallelUTest.cpp
Scanning dependencies of target ParallelUTest
Scanning dependencies of target MultiAtomSpaceUTest
[ 50%] Building CXX object tests/scm/CMakeFiles/MultiAtomSpaceUTest.dir/MultiAtomSpaceUTest.cpp.o
[ 50%] Linking CXX executable MapLinkUTest
[ 50%] Building CXX object tests/atoms/CMakeFiles/ParallelUTest.dir/ParallelUTest.cpp.o
[ 51%] Linking CXX executable RandomUTest
[ 51%] Built target MapLinkUTest
[ 51%] Generating MultiThreadUTest.cpp
[ 51%] Built target RandomUTest
Scanning dependencies of target MultiThreadUTest
[ 51%] Building CXX object tests/scm/CMakeFiles/MultiThreadUTest.dir/MultiThreadUTest.cpp.o
[ 51%] Generating SCMPrimitiveUTest.cpp
Scanning dependencies of target SCMPrimitiveUTest
[ 51%] Building CXX object tests/scm/CMakeFiles/SCMPrimitiveUTest.dir/SCMPrimitiveUTest.cpp.o
[ 51%] Linking CXX executable EqualLinkUTest
[ 51%] Built target EqualLinkUTest
[ 52%] Generating BasicSCMUTest.cpp
Scanning dependencies of target BasicSCMUTest
[ 52%] Building CXX object tests/scm/CMakeFiles/BasicSCMUTest.dir/BasicSCMUTest.cpp.o
[ 52%] Linking CXX executable ParallelUTest
[ 52%] Linking CXX executable StateLinkUTest
[ 52%] Built target ParallelUTest
[ 52%] Built target StateLinkUTest
[ 54%] Generating SCMUtilsUTest.cpp
[ 55%] Generating SCMExecutionOutputUTest.cpp
Scanning dependencies of target SCMExecutionOutputUTest
Scanning dependencies of target SCMUtilsUTest
[ 55%] Building CXX object tests/scm/CMakeFiles/SCMUtilsUTest.dir/SCMUtilsUTest.cpp.o
[ 55%] Building CXX object tests/scm/CMakeFiles/SCMExecutionOutputUTest.dir/SCMExecutionOutputUTest.cpp.o
[ 55%] Linking CXX executable UnifyUTest
[ 55%] Linking CXX executable MultiThreadUTest
[ 55%] Built target UnifyUTest
[ 55%] Linking CXX executable MultiAtomSpaceUTest
[ 55%] Generating NoExceptionUTest.cpp
[ 55%] Built target MultiThreadUTest
[ 55%] Built target MultiAtomSpaceUTest
[ 55%] Generating FirstNUTest.cpp
[ 55%] Generating ArcanaUTest.cpp
Scanning dependencies of target NoExceptionUTest
[ 55%] Building CXX object tests/query/CMakeFiles/NoExceptionUTest.dir/NoExceptionUTest.cpp.o
[ 55%] Linking CXX executable PutLinkUTest
[ 55%] Built target PutLinkUTest
[ 55%] Linking CXX executable SCMPrimitiveUTest
Scanning dependencies of target FirstNUTest
Scanning dependencies of target ArcanaUTest
[ 57%] Building CXX object tests/query/CMakeFiles/ArcanaUTest.dir/ArcanaUTest.cpp.o
[ 57%] Building CXX object tests/query/CMakeFiles/FirstNUTest.dir/FirstNUTest.cpp.o
[ 57%] Generating UnorderedUTest.cpp
[ 57%] Built target SCMPrimitiveUTest
Scanning dependencies of target UnorderedUTest
[ 57%] Generating ConstantClausesUTest.cpp
[ 57%] Building CXX object tests/query/CMakeFiles/UnorderedUTest.dir/UnorderedUTest.cpp.o
Scanning dependencies of target ConstantClausesUTest
[ 57%] Building CXX object tests/query/CMakeFiles/ConstantClausesUTest.dir/ConstantClausesUTest.cpp.o
[ 57%] Linking CXX executable SCMUtilsUTest
[ 57%] Built target SCMUtilsUTest
[ 57%] Generating VarTypeNotUTest.cpp
Scanning dependencies of target VarTypeNotUTest
[ 57%] Building CXX object tests/query/CMakeFiles/VarTypeNotUTest.dir/VarTypeNotUTest.cpp.o
[ 57%] Linking CXX executable BasicSCMUTest
[ 57%] Built target BasicSCMUTest
[ 57%] Linking CXX executable SCMExecutionOutputUTest
[ 57%] Built target SCMExecutionOutputUTest
[ 57%] Generating ExecutionOutputUTest.cpp
[ 57%] Generating ScopeUTest.cpp
[ 57%] Linking CXX executable NoExceptionUTest
Scanning dependencies of target ScopeUTest
[ 57%] Building CXX object tests/query/CMakeFiles/ScopeUTest.dir/ScopeUTest.cpp.o
Scanning dependencies of target ExecutionOutputUTest
[ 57%] Building CXX object tests/query/CMakeFiles/ExecutionOutputUTest.dir/ExecutionOutputUTest.cpp.o
[ 57%] Built target NoExceptionUTest
[ 58%] Generating StackUTest.cpp
Scanning dependencies of target StackUTest
[ 58%] Linking CXX executable FirstNUTest
[ 58%] Building CXX object tests/query/CMakeFiles/StackUTest.dir/StackUTest.cpp.o
[ 58%] Linking CXX executable ArcanaUTest
[ 58%] Built target FirstNUTest
[ 58%] Linking CXX executable UnorderedUTest
[ 58%] Built target ArcanaUTest
[ 58%] Generating FiniteStateMachineUTest.cpp
[ 58%] Generating BigPatternUTest.cpp
[ 58%] Built target UnorderedUTest
Scanning dependencies of target BigPatternUTest
[ 58%] Generating ImplicationUTest.cpp
Scanning dependencies of target FiniteStateMachineUTest
[ 58%] Building CXX object tests/query/CMakeFiles/BigPatternUTest.dir/BigPatternUTest.cpp.o
[ 58%] Linking CXX executable ConstantClausesUTest
[ 58%] Building CXX object tests/query/CMakeFiles/FiniteStateMachineUTest.dir/FiniteStateMachineUTest.cpp.o
Scanning dependencies of target ImplicationUTest
[ 60%] Building CXX object tests/query/CMakeFiles/ImplicationUTest.dir/ImplicationUTest.cpp.o
[ 60%] Built target ConstantClausesUTest
[ 60%] Generating BuggyLinkUTest.cpp
Scanning dependencies of target BuggyLinkUTest
[ 60%] Building CXX object tests/query/CMakeFiles/BuggyLinkUTest.dir/BuggyLinkUTest.cpp.o
[ 60%] Linking CXX executable VarTypeNotUTest
[ 60%] Built target VarTypeNotUTest
[ 61%] Generating SubstitutionUTest.cpp
Scanning dependencies of target SubstitutionUTest
[ 61%] Building CXX object tests/query/CMakeFiles/SubstitutionUTest.dir/SubstitutionUTest.cpp.o
[ 61%] Linking CXX executable StackUTest
[ 61%] Built target StackUTest
[ 61%] Linking CXX executable ScopeUTest
[ 61%] Built target ScopeUTest
[ 61%] Generating LoopPatternUTest.cpp
Scanning dependencies of target LoopPatternUTest
[ 61%] Generating GreaterComputeUTest.cpp
[ 61%] Building CXX object tests/query/CMakeFiles/LoopPatternUTest.dir/LoopPatternUTest.cpp.o
[ 61%] Linking CXX executable ExecutionOutputUTest
[ 61%] Built target ExecutionOutputUTest
[ 61%] Linking CXX executable BuggyLinkUTest
Scanning dependencies of target GreaterComputeUTest
[ 61%] Building CXX object tests/query/CMakeFiles/GreaterComputeUTest.dir/GreaterComputeUTest.cpp.o
[ 61%] Built target BuggyLinkUTest
[ 61%] Linking CXX executable FiniteStateMachineUTest
[ 62%] Linking CXX executable BigPatternUTest
[ 62%] Generating PatternUTest.cpp
[ 62%] Built target BigPatternUTest
[ 62%] Built target FiniteStateMachineUTest
[ 62%] Generating BooleanUTest.cpp
Scanning dependencies of target BooleanUTest
Scanning dependencies of target PatternUTest
[ 62%] Building CXX object tests/query/CMakeFiles/BooleanUTest.dir/BooleanUTest.cpp.o
[ 62%] Building CXX object tests/query/CMakeFiles/PatternUTest.dir/PatternUTest.cpp.o
[ 62%] Linking CXX executable ImplicationUTest
[ 62%] Generating RecognizerUTest.cpp
[ 62%] Generating AttentionalFocusCBUTest.cpp
[ 62%] Built target ImplicationUTest
[ 62%] Linking CXX executable SubstitutionUTest
Scanning dependencies of target RecognizerUTest
Scanning dependencies of target AttentionalFocusCBUTest
[ 62%] Building CXX object tests/query/CMakeFiles/AttentionalFocusCBUTest.dir/AttentionalFocusCBUTest.cpp.o
[ 62%] Building CXX object tests/query/CMakeFiles/RecognizerUTest.dir/RecognizerUTest.cpp.o
[ 62%] Generating BuggyStackUTest.cpp
[ 62%] Built target SubstitutionUTest
[ 62%] Generating GetStateUTest.cpp
Scanning dependencies of target BuggyStackUTest
[ 62%] Building CXX object tests/query/CMakeFiles/BuggyStackUTest.dir/BuggyStackUTest.cpp.o
Scanning dependencies of target GetStateUTest
[ 62%] Building CXX object tests/query/CMakeFiles/GetStateUTest.dir/GetStateUTest.cpp.o
[ 63%] Linking CXX executable GreaterComputeUTest
[ 63%] Built target GreaterComputeUTest
[ 64%] Generating UnquoteUTest.cpp
[ 64%] Linking CXX executable LoopPatternUTest
Scanning dependencies of target UnquoteUTest
[ 64%] Building CXX object tests/query/CMakeFiles/UnquoteUTest.dir/UnquoteUTest.cpp.o
[ 64%] Built target LoopPatternUTest
[ 64%] Generating StackMoreUTest.cpp
Scanning dependencies of target StackMoreUTest
[ 64%] Building CXX object tests/query/CMakeFiles/StackMoreUTest.dir/StackMoreUTest.cpp.o
[ 64%] Linking CXX executable RecognizerUTest
[ 64%] Linking CXX executable AttentionalFocusCBUTest
[ 64%] Built target RecognizerUTest
[ 64%] Built target AttentionalFocusCBUTest
[ 65%] Linking CXX executable BuggyStackUTest
[ 65%] Linking CXX executable BooleanUTest
[ 65%] Built target BuggyStackUTest
[ 65%] Generating DefineUTest.cpp
[ 67%] Generating BuggyNotUTest.cpp
[ 67%] Built target BooleanUTest
[ 67%] Generating DisconnectedUTest.cpp
Scanning dependencies of target DefineUTest
[ 67%] Building CXX object tests/query/CMakeFiles/DefineUTest.dir/DefineUTest.cpp.o
[ 68%] Linking CXX executable PatternUTest
Scanning dependencies of target BuggyNotUTest
[ 68%] Building CXX object tests/query/CMakeFiles/BuggyNotUTest.dir/BuggyNotUTest.cpp.o
Scanning dependencies of target DisconnectedUTest
[ 69%] Building CXX object tests/query/CMakeFiles/DisconnectedUTest.dir/DisconnectedUTest.cpp.o
[ 70%] Linking CXX executable GetStateUTest
[ 70%] Generating DeepTypeUTest.cpp
[ 70%] Built target PatternUTest
Scanning dependencies of target DeepTypeUTest
[ 70%] Generating EinsteinUTest.cpp
[ 70%] Built target GetStateUTest
[ 70%] Building CXX object tests/query/CMakeFiles/DeepTypeUTest.dir/DeepTypeUTest.cpp.o
[ 70%] Generating MatchLinkUTest.cpp
Scanning dependencies of target EinsteinUTest
[ 71%] Building CXX object tests/query/CMakeFiles/EinsteinUTest.dir/EinsteinUTest.cpp.o
Scanning dependencies of target MatchLinkUTest
[ 71%] Building CXX object tests/query/CMakeFiles/MatchLinkUTest.dir/MatchLinkUTest.cpp.o
[ 71%] Linking CXX executable StackMoreUTest
[ 71%] Linking CXX executable UnquoteUTest
[ 71%] Built target UnquoteUTest
[ 71%] Built target StackMoreUTest
[ 72%] Generating GetLinkUTest.cpp
[ 74%] Linking CXX executable DefineUTest
[ 74%] Generating BiggerPatternUTest.cpp
[ 74%] Linking CXX executable BuggyNotUTest
Scanning dependencies of target GetLinkUTest
[ 74%] Building CXX object tests/query/CMakeFiles/GetLinkUTest.dir/GetLinkUTest.cpp.o
[ 74%] Built target DefineUTest
[ 74%] Built target BuggyNotUTest
Scanning dependencies of target BiggerPatternUTest
[ 74%] Building CXX object tests/query/CMakeFiles/BiggerPatternUTest.dir/BiggerPatternUTest.cpp.o
[ 74%] Linking CXX executable DisconnectedUTest
[ 74%] Generating GreaterThanUTest.cpp
[ 74%] Generating Boolean2NotUTest.cpp
[ 75%] Linking CXX executable DeepTypeUTest
[ 75%] Built target DisconnectedUTest
Scanning dependencies of target GreaterThanUTest
[ 75%] Building CXX object tests/query/CMakeFiles/GreaterThanUTest.dir/GreaterThanUTest.cpp.o
[ 75%] Built target DeepTypeUTest
Scanning dependencies of target Boolean2NotUTest
[ 76%] Building CXX object tests/query/CMakeFiles/Boolean2NotUTest.dir/Boolean2NotUTest.cpp.o
[ 77%] Linking CXX executable MatchLinkUTest
[ 77%] Linking CXX executable EinsteinUTest
[ 78%] Generating EvaluationUTest.cpp
[ 78%] Generating SequenceUTest.cpp
Scanning dependencies of target EvaluationUTest
[ 78%] Building CXX object tests/query/CMakeFiles/EvaluationUTest.dir/EvaluationUTest.cpp.o
Scanning dependencies of target SequenceUTest
[ 80%] Building CXX object tests/query/CMakeFiles/SequenceUTest.dir/SequenceUTest.cpp.o
[ 80%] Built target MatchLinkUTest
[ 80%] Generating DontExecUTest.cpp
[ 80%] Built target EinsteinUTest
Scanning dependencies of target DontExecUTest
[ 80%] Generating TypeChoiceUTest.cpp
[ 80%] Building CXX object tests/query/CMakeFiles/DontExecUTest.dir/DontExecUTest.cpp.o
Scanning dependencies of target TypeChoiceUTest
[ 81%] Building CXX object tests/query/CMakeFiles/TypeChoiceUTest.dir/TypeChoiceUTest.cpp.o
[ 81%] Linking CXX executable GetLinkUTest
[ 81%] Built target GetLinkUTest
[ 81%] Generating GlobUTest.cpp
[ 81%] Linking CXX executable GreaterThanUTest
Scanning dependencies of target GlobUTest
[ 81%] Building CXX object tests/query/CMakeFiles/GlobUTest.dir/GlobUTest.cpp.o
[ 81%] Built target GreaterThanUTest
[ 81%] Generating BuggyQuoteUTest.cpp
Scanning dependencies of target BuggyQuoteUTest
[ 81%] Building CXX object tests/query/CMakeFiles/BuggyQuoteUTest.dir/BuggyQuoteUTest.cpp.o
[ 81%] Linking CXX executable BiggerPatternUTest
[ 81%] Linking CXX executable EvaluationUTest
[ 81%] Built target BiggerPatternUTest
[ 82%] Generating PatternCrashUTest.cpp
[ 82%] Linking CXX executable TypeChoiceUTest
[ 82%] Built target EvaluationUTest
Scanning dependencies of target PatternCrashUTest
[ 82%] Building CXX object tests/query/CMakeFiles/PatternCrashUTest.dir/PatternCrashUTest.cpp.o
[ 82%] Linking CXX executable SequenceUTest
[ 82%] Built target TypeChoiceUTest
[ 82%] Generating AbsentUTest.cpp
[ 82%] Built target SequenceUTest
[ 82%] Linking CXX executable Boolean2NotUTest
[ 82%] Linking CXX executable DontExecUTest
[ 82%] Built target Boolean2NotUTest
[ 82%] Generating BuggyEqualUTest.cpp
[ 82%] Generating LocalQuoteUTest.cpp
[ 83%] Generating QuoteUTest.cpp
Scanning dependencies of target AbsentUTest
[ 83%] Building CXX object tests/query/CMakeFiles/AbsentUTest.dir/AbsentUTest.cpp.o
[ 83%] Built target DontExecUTest
[ 83%] Generating BuggySelfGroundUTest.cpp
Scanning dependencies of target LocalQuoteUTest
Scanning dependencies of target BuggyEqualUTest
Scanning dependencies of target QuoteUTest
[ 84%] Building CXX object tests/query/CMakeFiles/LocalQuoteUTest.dir/LocalQuoteUTest.cpp.o
[ 85%] Building CXX object tests/query/CMakeFiles/BuggyEqualUTest.dir/BuggyEqualUTest.cpp.o
[ 85%] Building CXX object tests/query/CMakeFiles/QuoteUTest.dir/QuoteUTest.cpp.o
Scanning dependencies of target BuggySelfGroundUTest
[ 85%] Building CXX object tests/query/CMakeFiles/BuggySelfGroundUTest.dir/BuggySelfGroundUTest.cpp.o
[ 87%] Linking CXX executable BuggyQuoteUTest
[ 87%] Built target BuggyQuoteUTest
[ 87%] Generating ChoiceLinkUTest.cpp
[ 87%] Linking CXX executable GlobUTest
Scanning dependencies of target ChoiceLinkUTest
[ 88%] Building CXX object tests/query/CMakeFiles/ChoiceLinkUTest.dir/ChoiceLinkUTest.cpp.o
[ 88%] Built target GlobUTest
[ 88%] Linking CXX executable PatternCrashUTest
[ 88%] Built target PatternCrashUTest
[ 88%] Generating SingleUTest.cpp
[ 88%] Generating SudokuUTest.cpp
Scanning dependencies of target SudokuUTest
[ 88%] Building CXX object tests/query/CMakeFiles/SudokuUTest.dir/SudokuUTest.cpp.o
[ 88%] Linking CXX executable BuggyEqualUTest
Scanning dependencies of target SingleUTest
[ 89%] Building CXX object tests/query/CMakeFiles/SingleUTest.dir/SingleUTest.cpp.o
[ 89%] Built target BuggyEqualUTest
[ 92%] Built target ruleengine
[ 92%] Linking CXX executable BuggySelfGroundUTest
[ 92%] Generating PythonEvalUTest.cpp
[ 92%] Linking CXX executable AbsentUTest
[ 92%] Built target BuggySelfGroundUTest
[ 92%] Generating RuleUTest.cpp
Scanning dependencies of target PythonEvalUTest
[ 92%] Linking CXX executable LocalQuoteUTest
[ 92%] Building CXX object tests/cython/CMakeFiles/PythonEvalUTest.dir/PythonEvalUTest.cpp.o
[ 92%] Built target AbsentUTest
[ 92%] Linking CXX executable QuoteUTest
[ 92%] Generating ChainerUtilsUTest.cpp
[ 92%] Built target QuoteUTest
[ 92%] Built target LocalQuoteUTest
Scanning dependencies of target ChainerUtilsUTest
[ 92%] Building CXX object tests/rule-engine/CMakeFiles/ChainerUtilsUTest.dir/ChainerUtilsUTest.cpp.o
Scanning dependencies of target RuleUTest
[ 92%] Generating UREConfigUTest.cpp
[ 92%] Generating ForwardChainerUTest.cpp
[ 92%] Building CXX object tests/rule-engine/CMakeFiles/RuleUTest.dir/RuleUTest.cpp.o
Scanning dependencies of target UREConfigUTest
[ 92%] Building CXX object tests/rule-engine/CMakeFiles/UREConfigUTest.dir/UREConfigUTest.cpp.o
Scanning dependencies of target ForwardChainerUTest
[ 92%] Building CXX object tests/rule-engine/forwardchainer/CMakeFiles/ForwardChainerUTest.dir/ForwardChainerUTest.cpp.o
[ 92%] Linking CXX executable ChoiceLinkUTest
[ 94%] Linking CXX executable SudokuUTest
[ 94%] Built target ChoiceLinkUTest
[ 95%] Generating ControlPolicyUTest.cpp
[ 95%] Built target SudokuUTest
[ 95%] Linking CXX executable SingleUTest
Scanning dependencies of target ControlPolicyUTest
[ 95%] Generating ActionSelectionUTest.cpp
[ 95%] Building CXX object tests/rule-engine/backwardchainer/CMakeFiles/ControlPolicyUTest.dir/ControlPolicyUTest.cpp.o
[ 95%] Built target SingleUTest
Scanning dependencies of target ActionSelectionUTest
[ 95%] Generating BackwardChainerUTest.cpp
[ 95%] Building CXX object tests/rule-engine/backwardchainer/CMakeFiles/ActionSelectionUTest.dir/ActionSelectionUTest.cpp.o
Scanning dependencies of target BackwardChainerUTest
[ 95%] Building CXX object tests/rule-engine/backwardchainer/CMakeFiles/BackwardChainerUTest.dir/BackwardChainerUTest.cpp.o
[ 96%] Linking CXX executable PythonEvalUTest
[ 96%] Built target PythonEvalUTest
[ 96%] Generating BITUTest.cpp
Scanning dependencies of target BITUTest
[ 97%] Building CXX object tests/rule-engine/backwardchainer/CMakeFiles/BITUTest.dir/BITUTest.cpp.o
[ 97%] Linking CXX executable ChainerUtilsUTest
[ 97%] Linking CXX executable UREConfigUTest
[ 97%] Built target UREConfigUTest
[ 97%] Built target ChainerUtilsUTest
[ 97%] Generating BetaDistributionUTest.cpp
Scanning dependencies of target BetaDistributionUTest
[ 97%] Building CXX object tests/rule-engine/backwardchainer/CMakeFiles/BetaDistributionUTest.dir/BetaDistributionUTest.cpp.o
[ 97%] Linking CXX executable RuleUTest
[ 97%] Linking CXX executable ForwardChainerUTest
[ 97%] Built target ForwardChainerUTest
[ 97%] Built target RuleUTest
[ 97%] Linking CXX executable ControlPolicyUTest
[ 98%] Linking CXX executable ActionSelectionUTest
[ 98%] Built target ControlPolicyUTest
[ 98%] Built target ActionSelectionUTest
[ 98%] Linking CXX executable BITUTest
[ 98%] Built target BITUTest
[ 98%] Linking CXX executable BackwardChainerUTest
[ 98%] Built target BackwardChainerUTest
[100%] Linking CXX executable BetaDistributionUTest
[100%] Built target BetaDistributionUTest
Scanning dependencies of target tests
[100%] Built target tests
Scanning dependencies of target test
[100%] Running tests...
Test project /home/opencog/atomspace/build/tests
        Start   1: SimpleTruthValueUTest
  1/111 Test   #1: SimpleTruthValueUTest ............   Passed    0.01 sec
        Start   2: EvidenceCountTruthValueUTest
  2/111 Test   #2: EvidenceCountTruthValueUTest .....   Passed    0.00 sec
        Start   3: TVMergeUTest
  3/111 Test   #3: TVMergeUTest .....................   Passed    0.01 sec
        Start   4: AttentionValueUTest
  4/111 Test   #4: AttentionValueUTest ..............   Passed    0.13 sec
        Start   5: AtomTableUTest
  5/111 Test   #5: AtomTableUTest ...................   Passed    7.99 sec
        Start   6: ClassServerUTest
  6/111 Test   #6: ClassServerUTest .................   Passed    0.00 sec
        Start   7: AtomUTest
  7/111 Test   #7: AtomUTest ........................   Passed    0.00 sec
        Start   8: NodeUTest
  8/111 Test   #8: NodeUTest ........................   Passed    0.00 sec
        Start   9: LinkUTest
  9/111 Test   #9: LinkUTest ........................   Passed    0.00 sec
        Start  10: TLBUTest
 10/111 Test  #10: TLBUTest .........................   Passed    0.00 sec
        Start  11: AtomSpaceUTest
 11/111 Test  #11: AtomSpaceUTest ...................   Passed    0.16 sec
        Start  12: AtomSpaceImplUTest
 12/111 Test  #12: AtomSpaceImplUTest ...............   Passed    0.03 sec
        Start  13: AtomSpaceAsyncUTest
 13/111 Test  #13: AtomSpaceAsyncUTest ..............   Passed    6.04 sec
        Start  14: UseCountUTest
 14/111 Test  #14: UseCountUTest ....................   Passed    3.78 sec
        Start  15: MultiSpaceUTest
 15/111 Test  #15: MultiSpaceUTest ..................   Passed    0.00 sec
        Start  16: RemoveUTest
 16/111 Test  #16: RemoveUTest ......................   Passed    0.06 sec
        Start  17: ThreadSafeHandleMapUTest
 17/111 Test  #17: ThreadSafeHandleMapUTest .........   Passed    4.31 sec
        Start  18: FreeLinkUTest
 18/111 Test  #18: FreeLinkUTest ....................   Passed    0.23 sec
        Start  19: MapLinkUTest
 19/111 Test  #19: MapLinkUTest .....................   Passed    1.45 sec
        Start  20: ParallelUTest
 20/111 Test  #20: ParallelUTest ....................   Passed   11.47 sec
        Start  21: RandomUTest
 21/111 Test  #21: RandomUTest ......................   Passed    0.73 sec
        Start  22: ReductUTest
 22/111 Test  #22: ReductUTest ......................   Passed    0.29 sec
        Start  23: RewriteLinkUTest
 23/111 Test  #23: RewriteLinkUTest .................   Passed    0.46 sec
        Start  24: ScopeLinkUTest
 24/111 Test  #24: ScopeLinkUTest ...................   Passed    1.16 sec
        Start  25: AlphaConvertUTest
 25/111 Test  #25: AlphaConvertUTest ................   Passed    0.03 sec
        Start  26: BetaReduceUTest
 26/111 Test  #26: BetaReduceUTest ..................   Passed    0.16 sec
        Start  27: DefineLinkUTest
 27/111 Test  #27: DefineLinkUTest ..................   Passed    0.29 sec
        Start  28: DeleteLinkUTest
 28/111 Test  #28: DeleteLinkUTest ..................   Passed    0.03 sec
        Start  29: EqualLinkUTest
 29/111 Test  #29: EqualLinkUTest ...................   Passed    0.19 sec
        Start  30: PutLinkUTest
 30/111 Test  #30: PutLinkUTest .....................   Passed    2.60 sec
        Start  31: StateLinkUTest
 31/111 Test  #31: StateLinkUTest ...................   Passed    0.04 sec
        Start  32: VariablesUTest
 32/111 Test  #32: VariablesUTest ...................   Passed    0.00 sec
        Start  33: ComposeLinkUTest
 33/111 Test  #33: ComposeLinkUTest .................   Passed    0.21 sec
        Start  34: AtomUtilsUTest
 34/111 Test  #34: AtomUtilsUTest ...................   Passed    0.01 sec
        Start  35: FindUtilsUTest
 35/111 Test  #35: FindUtilsUTest ...................   Passed    0.01 sec
        Start  36: FuzzyUTest
 36/111 Test  #36: FuzzyUTest .......................   Passed    0.20 sec
        Start  37: NeighborUTest
 37/111 Test  #37: NeighborUTest ....................   Passed    0.01 sec
        Start  38: UnifyUTest
 38/111 Test  #38: UnifyUTest .......................   Passed    8.42 sec
        Start  39: AtomSpaceUtilsUTest
 39/111 Test  #39: AtomSpaceUtilsUTest ..............   Passed    0.00 sec
        Start  40: AttentionUTest
 40/111 Test  #40: AttentionUTest ...................   Passed    0.01 sec
        Start  41: BasicSCMUTest
 41/111 Test  #41: BasicSCMUTest ....................   Passed    1.13 sec
        Start  42: SCMPrimitiveUTest
 42/111 Test  #42: SCMPrimitiveUTest ................   Passed    0.51 sec
        Start  43: MultiAtomSpaceUTest
 43/111 Test  #43: MultiAtomSpaceUTest ..............   Passed    1.05 sec
        Start  44: MultiThreadUTest
 44/111 Test  #44: MultiThreadUTest .................   Passed    3.80 sec
        Start  45: SCMUtilsUTest
 45/111 Test  #45: SCMUtilsUTest ....................   Passed    0.39 sec
        Start  46: SCMExecutionOutputUTest
 46/111 Test  #46: SCMExecutionOutputUTest ..........   Passed    0.40 sec
        Start  47: PatternUTest
 47/111 Test  #47: PatternUTest .....................   Passed    0.04 sec
        Start  48: StackUTest
 48/111 Test  #48: StackUTest .......................   Passed    0.20 sec
        Start  49: BigPatternUTest
 49/111 Test  #49: BigPatternUTest ..................   Passed    0.04 sec
        Start  50: BiggerPatternUTest
 50/111 Test  #50: BiggerPatternUTest ...............   Passed    0.21 sec
        Start  51: LoopPatternUTest
 51/111 Test  #51: LoopPatternUTest .................   Passed    0.04 sec
        Start  52: BooleanUTest
 52/111 Test  #52: BooleanUTest .....................   Passed    0.16 sec
        Start  53: Boolean2NotUTest
 53/111 Test  #53: Boolean2NotUTest .................   Passed    0.05 sec
        Start  54: ConstantClausesUTest
 54/111 Test  #54: ConstantClausesUTest .............   Passed    0.45 sec
        Start  55: PatternCrashUTest
 55/111 Test  #55: PatternCrashUTest ................   Passed    0.24 sec
        Start  56: DisconnectedUTest
 56/111 Test  #56: DisconnectedUTest ................   Passed    1.10 sec
        Start  57: ImplicationUTest
 57/111 Test  #57: ImplicationUTest .................   Passed    0.25 sec
        Start  58: ExecutionOutputUTest
 58/111 Test  #58: ExecutionOutputUTest .............   Passed    0.52 sec
        Start  59: BuggyStackUTest
 59/111 Test  #59: BuggyStackUTest ..................   Passed    0.44 sec
        Start  60: VarTypeNotUTest
 60/111 Test  #60: VarTypeNotUTest ..................   Passed    0.43 sec
        Start  61: BuggyNotUTest
 61/111 Test  #61: BuggyNotUTest ....................   Passed    0.48 sec
        Start  62: MatchLinkUTest
 62/111 Test  #62: MatchLinkUTest ...................   Passed    0.52 sec
        Start  63: UnorderedUTest
 63/111 Test  #63: UnorderedUTest ...................   Passed    0.79 sec
        Start  64: StackMoreUTest
 64/111 Test  #64: StackMoreUTest ...................   Passed    3.07 sec
        Start  65: GlobUTest
 65/111 Test  #65: GlobUTest ........................   Passed    1.09 sec
        Start  66: RecognizerUTest
 66/111 Test  #66: RecognizerUTest ..................   Passed    0.50 sec
        Start  67: ArcanaUTest
 67/111 Test  #67: ArcanaUTest ......................   Passed    4.90 sec
        Start  68: SubstitutionUTest
 68/111 Test  #68: SubstitutionUTest ................   Passed    0.39 sec
        Start  69: GetLinkUTest
 69/111 Test  #69: GetLinkUTest .....................   Passed    0.33 sec
        Start  70: GetStateUTest
 70/111 Test  #70: GetStateUTest ....................   Passed    1.12 sec
        Start  71: DeepTypeUTest
 71/111 Test  #71: DeepTypeUTest ....................   Passed    0.40 sec
        Start  72: GreaterThanUTest
 72/111 Test  #72: GreaterThanUTest .................   Passed    0.58 sec
        Start  73: GreaterComputeUTest
 73/111 Test  #73: GreaterComputeUTest ..............   Passed    0.39 sec
        Start  74: SequenceUTest
 74/111 Test  #74: SequenceUTest ....................   Passed    0.49 sec
        Start  75: EvaluationUTest
 75/111 Test  #75: EvaluationUTest ..................   Passed    0.57 sec
        Start  76: DontExecUTest
 76/111 Test  #76: DontExecUTest ....................   Passed    0.83 sec
        Start  77: QuoteUTest
 77/111 Test  #77: QuoteUTest .......................   Passed    1.25 sec
        Start  78: UnquoteUTest
 78/111 Test  #78: UnquoteUTest .....................   Passed    0.07 sec
        Start  79: LocalQuoteUTest
 79/111 Test  #79: LocalQuoteUTest ..................   Passed    0.21 sec
        Start  80: BuggyLinkUTest
 80/111 Test  #80: BuggyLinkUTest ...................   Passed    0.41 sec
        Start  81: BuggyQuoteUTest
 81/111 Test  #81: BuggyQuoteUTest ..................   Passed    0.43 sec
        Start  82: BuggyEqualUTest
 82/111 Test  #82: BuggyEqualUTest ..................   Passed    0.35 sec
        Start  83: BuggySelfGroundUTest
 83/111 Test  #83: BuggySelfGroundUTest .............   Passed    0.29 sec
        Start  84: ChoiceLinkUTest
 84/111 Test  #84: ChoiceLinkUTest ..................   Passed    1.09 sec
        Start  85: DefineUTest
 85/111 Test  #85: DefineUTest ......................   Passed    0.43 sec
        Start  86: FiniteStateMachineUTest
 86/111 Test  #86: FiniteStateMachineUTest ..........   Passed    0.25 sec
        Start  87: AbsentUTest
 87/111 Test  #87: AbsentUTest ......................   Passed    0.98 sec
        Start  88: SingleUTest
 88/111 Test  #88: SingleUTest ......................   Passed    0.23 sec
        Start  89: ScopeUTest
 89/111 Test  #89: ScopeUTest .......................   Passed    1.07 sec
        Start  90: FirstNUTest
 90/111 Test  #90: FirstNUTest ......................   Passed    0.38 sec
        Start  91: AttentionalFocusCBUTest
 91/111 Test  #91: AttentionalFocusCBUTest ..........   Passed    0.44 sec
        Start  92: SudokuUTest
 92/111 Test  #92: SudokuUTest ......................   Passed    0.61 sec
        Start  93: EinsteinUTest
 93/111 Test  #93: EinsteinUTest ....................   Passed    6.54 sec
        Start  94: TypeChoiceUTest
 94/111 Test  #94: TypeChoiceUTest ..................   Passed    0.04 sec
        Start  95: NoExceptionUTest
 95/111 Test  #95: NoExceptionUTest .................   Passed    0.29 sec
        Start  96: ChainerUtilsUTest
 96/111 Test  #96: ChainerUtilsUTest ................   Passed    0.18 sec
        Start  97: UREConfigUTest
 97/111 Test  #97: UREConfigUTest ...................   Passed    0.51 sec
        Start  98: RuleUTest
 98/111 Test  #98: RuleUTest ........................   Passed    1.44 sec
        Start  99: ForwardChainerUTest
 99/111 Test  #99: ForwardChainerUTest ..............   Passed    2.13 sec
        Start 100: BetaDistributionUTest
100/111 Test #100: BetaDistributionUTest ............   Passed    0.18 sec
        Start 101: BackwardChainerUTest
101/111 Test #101: BackwardChainerUTest .............   Passed    5.19 sec
        Start 102: ActionSelectionUTest
102/111 Test #102: ActionSelectionUTest .............   Passed    0.01 sec
        Start 103: ControlPolicyUTest
103/111 Test #103: ControlPolicyUTest ...............   Passed    0.59 sec
        Start 104: BITUTest
104/111 Test #104: BITUTest .........................   Passed    1.72 sec
        Start 105: PythonEvalUTest
105/111 Test #105: PythonEvalUTest ..................   Passed    0.39 sec
        Start 106: PythonUtilitiesUTest
106/111 Test #106: PythonUtilitiesUTest .............   Passed    0.20 sec
        Start 107: Cython
107/111 Test #107: Cython ...........................   Passed    4.42 sec
        Start 108: CythonAtomSpace
108/111 Test #108: CythonAtomSpace ..................   Passed    1.22 sec
        Start 109: CythonUtilities
109/111 Test #109: CythonUtilities ..................   Passed    0.31 sec
        Start 110: CythonBindlink
110/111 Test #110: CythonBindlink ...................   Passed    0.19 sec
        Start 111: CythonGuile
111/111 Test #111: CythonGuile ......................   Passed    0.56 sec

100% tests passed, 0 tests failed out of 111

Total Test time (real) = 113.42 sec
[100%] Built target test
+ DSTATUS=TESTPASS
+ /var/lib/jenkins/status/updateStatus TESTPASS /var/lib/jenkins/jobs/OpenCOG_DebStab_Atomspace/builds/6/log OpenCOG_DebStab_Atomspace
Already up-to-date.
~/status/jobs ~/status
