Started by user [8mha:////4L2jTPWu9zIb56dnp8RqVObesKKV2DVGI0jJXlam1DqAAAAAlx+LCAAAAAAAAP9b85aBtbiIQTGjNKU4P08vOT+vOD8nVc83PyU1x6OyILUoJzMv2y+/JJUBAhiZGBgqihhk0NSjKDWzXb3RdlLBUSYGJk8GtpzUvPSSDB8G5tKinBIGIZ+sxLJE/ZzEvHT94JKizLx0a6BxUmjGOUNodHsLgAzWEgZu/dLi1CL9xJTczDwAj6GcLcAAAAA=[0madmin
Building in workspace /var/lib/jenkins/workspace/OpenCOG_DebStab_Opencog
[OpenCOG_DebStab_Opencog] $ /bin/sh -xe /tmp/jenkins247415765215884008.sh
+ COGDIR=../OpenCOG_DebStab
+ . ../OpenCOG_DebStab/build.docker/docker.env
+ CID=a8396d048b9d563af4635bef22a34434b5858a5b1ee9b30f306b222d15a45c06
+ DKRUNROOT=docker exec --user root   a8396d048b9d563af4635bef22a34434b5858a5b1ee9b30f306b222d15a45c06
+ DKRUNUSER=docker exec --user jenkins  a8396d048b9d563af4635bef22a34434b5858a5b1ee9b30f306b222d15a45c06
+ UID=125
+ GID=132
+ LOGFILE=/var/lib/jenkins/jobs/OpenCOG_DebStab_Opencog/builds/339/log
+ cat


**********************************************************
**********************************************************
**********************************************************
**********************************************************
*****                                                *****
*****                  Opencog TEST                *****
*****                                                *****
**********************************************************
**********************************************************
**********************************************************
**********************************************************


+ echo GIT_COMMIT=
GIT_COMMIT=
+ echo GIT_BRANCH=
GIT_BRANCH=
+ echo GIT_URL=
GIT_URL=
+ WDIR=opencog/
+ JOBDIR=../OpenCOG_DebStab/dependencies
+ cat
+ chmod +x ../OpenCOG_DebStab/dependencies/job1
+ docker exec --user jenkins a8396d048b9d563af4635bef22a34434b5858a5b1ee9b30f306b222d15a45c06 bash dependencies/job1
+ cd opencog/
+ cd build
+ make -j8 test
[  0%] Generating MOSESPLNSynergyUTest.cpp
[  0%] Generating PLNRulesUTest.cpp
[  0%] Built target octomap_atom_types
[  1%] Built target statistics
[  3%] Built target attention_atom_types
[  6%] Built target miner
[  6%] Built target patternminer_atom_types
[ 10%] Built target nlp_atom_types
[ 12%] Built target openpsi
[ 13%] Built target spacetime_atom_types
[ 18%] Generating StatisticsUTest.cpp
[ 24%] Built target server
[ 25%] Built target guile-miner
[ 27%] Built target octomap-types
[ 31%] Built target patternminer-types
[ 32%] Built target attention-types
[ 34%] Generating CogServerUTest.cpp
[ 34%] Generating MinerUTest.cpp
[ 34%] Generating ShellUTest.cpp
[ 34%] Generating AgentUTest.cpp
Scanning dependencies of target PLNRulesUTest
Scanning dependencies of target MOSESPLNSynergyUTest
[ 41%] Built target patternindex
[ 43%] Building CXX object tests/pln/rules/CMakeFiles/PLNRulesUTest.dir/PLNRulesUTest.cpp.o
[ 44%] Building CXX object tests/pln/CMakeFiles/MOSESPLNSynergyUTest.dir/MOSESPLNSynergyUTest.cpp.o
Scanning dependencies of target StatisticsUTest
[ 44%] Building CXX object tests/learning/statistics/CMakeFiles/StatisticsUTest.dir/StatisticsUTest.cpp.o
Scanning dependencies of target AgentUTest
[ 50%] Built target atom_octomap
Scanning dependencies of target CogServerUTest
Scanning dependencies of target ShellUTest
[ 50%] Generating OpenPsiSCMUTest.cpp
[ 50%] Building CXX object tests/server/CMakeFiles/AgentUTest.dir/AgentUTest.cpp.o
[ 50%] Building CXX object tests/server/CMakeFiles/CogServerUTest.dir/CogServerUTest.cpp.o
[ 51%] Building CXX object tests/server/CMakeFiles/ShellUTest.dir/ShellUTest.cpp.o
Scanning dependencies of target MinerUTest
[ 51%] Building CXX object tests/learning/miner/CMakeFiles/MinerUTest.dir/MinerUTest.cpp.o
Scanning dependencies of target OpenPsiSCMUTest
[ 51%] Building CXX object tests/openpsi/CMakeFiles/OpenPsiSCMUTest.dir/OpenPsiSCMUTest.cpp.o
[ 51%] Linking CXX executable StatisticsUTest
[ 51%] Built target StatisticsUTest
[ 51%] Generating OpenPsiImplicatorUTest.cpp
Scanning dependencies of target OpenPsiImplicatorUTest
[ 53%] Building CXX object tests/openpsi/CMakeFiles/OpenPsiImplicatorUTest.dir/OpenPsiImplicatorUTest.cpp.o
[ 53%] Linking CXX executable MOSESPLNSynergyUTest
[ 53%] Built target MOSESPLNSynergyUTest
[ 55%] Generating OpenPsiRulesUTest.cpp
Scanning dependencies of target OpenPsiRulesUTest
[ 55%] Building CXX object tests/openpsi/CMakeFiles/OpenPsiRulesUTest.dir/OpenPsiRulesUTest.cpp.o
[ 56%] Linking CXX executable OpenPsiSCMUTest
[ 56%] Linking CXX executable ShellUTest
[ 58%] Linking CXX executable AgentUTest
[ 58%] Built target OpenPsiSCMUTest
[ 60%] Built target dimensionalembedding
[ 60%] Built target ShellUTest
[ 63%] Built target PatternMiner
[ 65%] Generating PatternIndexAPIUTest.cpp
[ 65%] Built target AgentUTest
[ 67%] Generating TimeSpaceAtomUTest.cpp
[ 75%] Built target attention
[ 75%] Generating AtomOcTreeUTest.cpp
Scanning dependencies of target AtomOcTreeUTest
Scanning dependencies of target TimeSpaceAtomUTest
[ 77%] Building CXX object tests/spacetime/CMakeFiles/AtomOcTreeUTest.dir/AtomOcTreeUTest.cpp.o
Scanning dependencies of target PatternIndexAPIUTest
[ 77%] Building CXX object tests/spacetime/CMakeFiles/TimeSpaceAtomUTest.dir/TimeSpaceAtomUTest.cpp.o
[ 77%] Building CXX object tests/learning/pattern-index/CMakeFiles/PatternIndexAPIUTest.dir/PatternIndexAPIUTest.cpp.o
[ 77%] Linking CXX executable PLNRulesUTest
[ 79%] Linking CXX executable CogServerUTest
[ 79%] Built target PLNRulesUTest
[ 79%] Generating OctoValueUTest.cpp
[ 79%] Built target CogServerUTest
[ 79%] Generating DimEmbedUTest.cpp
Scanning dependencies of target OctoValueUTest
[ 79%] Building CXX object tests/spacetime/CMakeFiles/OctoValueUTest.dir/OctoValueUTest.cpp.o
Scanning dependencies of target DimEmbedUTest
[ 81%] Building CXX object tests/learning/dimensionalembedding/CMakeFiles/DimEmbedUTest.dir/DimEmbedUTest.cpp.o
[ 82%] Linking CXX executable OpenPsiRulesUTest
[ 82%] Linking CXX executable OpenPsiImplicatorUTest
[ 82%] Built target OpenPsiRulesUTest
[ 82%] Generating PatternMinerUTest.cpp
Scanning dependencies of target PatternMinerUTest
[ 84%] Building CXX object tests/learning/PatternMiner/CMakeFiles/PatternMinerUTest.dir/PatternMinerUTest.cpp.o
[ 84%] Built target OpenPsiImplicatorUTest
[ 86%] Generating HebbianCreationModuleUTest.cpp
Scanning dependencies of target HebbianCreationModuleUTest
[ 86%] Building CXX object tests/attention/CMakeFiles/HebbianCreationModuleUTest.dir/HebbianCreationModuleUTest.cpp.o
[ 87%] Linking CXX executable PatternIndexAPIUTest
CMakeFiles/PatternIndexAPIUTest.dir/PatternIndexAPIUTest.cpp.o: In function `PatternIndexAPIUTest::PatternIndexAPIUTest()':
/home/opencog/opencog/build/tests/learning/pattern-index/../../../../tests/learning/pattern-index/PatternIndexAPIUTest.cxxtest:76: warning: the use of `tmpnam' is dangerous, better use `mkstemp'
[ 87%] Built target PatternIndexAPIUTest
[ 89%] Generating AttentionParamQueryUTest.cpp
Scanning dependencies of target AttentionParamQueryUTest
[ 89%] Building CXX object tests/attention/CMakeFiles/AttentionParamQueryUTest.dir/AttentionParamQueryUTest.cpp.o
[ 91%] Linking CXX executable OctoValueUTest
[ 91%] Built target OctoValueUTest
[ 91%] Generating ImportanceDiffusionUTest.cpp
Scanning dependencies of target ImportanceDiffusionUTest
[ 91%] Building CXX object tests/attention/CMakeFiles/ImportanceDiffusionUTest.dir/ImportanceDiffusionUTest.cpp.o
[ 91%] Linking CXX executable AtomOcTreeUTest
[ 91%] Built target AtomOcTreeUTest
[ 93%] Linking CXX executable MinerUTest
[ 93%] Built target MinerUTest
[ 94%] Linking CXX executable TimeSpaceAtomUTest
[ 94%] Built target TimeSpaceAtomUTest
[ 96%] Linking CXX executable AttentionParamQueryUTest
[ 96%] Built target AttentionParamQueryUTest
[ 96%] Linking CXX executable PatternMinerUTest
[ 96%] Built target PatternMinerUTest
[ 96%] Linking CXX executable DimEmbedUTest
[ 98%] Linking CXX executable HebbianCreationModuleUTest
[ 98%] Built target DimEmbedUTest
[ 98%] Built target HebbianCreationModuleUTest
[100%] Linking CXX executable ImportanceDiffusionUTest
[100%] Built target ImportanceDiffusionUTest
Scanning dependencies of target tests
[100%] Built target tests
Scanning dependencies of target test
[100%] Running tests...
Test project /home/opencog/opencog/build/tests
      Start  1: AttentionParamQueryUTest
 1/19 Test  #1: AttentionParamQueryUTest .........   Passed    0.39 sec
      Start  2: ImportanceDiffusionUTest
 2/19 Test  #2: ImportanceDiffusionUTest .........   Passed    0.40 sec
      Start  3: HebbianCreationModuleUTest
 3/19 Test  #3: HebbianCreationModuleUTest .......   Passed    1.23 sec
      Start  4: CogServerUTest
 4/19 Test  #4: CogServerUTest ...................   Passed    0.84 sec
      Start  5: ShellUTest
 5/19 Test  #5: ShellUTest .......................   Passed  120.32 sec
      Start  6: AgentUTest
 6/19 Test  #6: AgentUTest .......................   Passed    0.20 sec
      Start  7: AtomOcTreeUTest
 7/19 Test  #7: AtomOcTreeUTest ..................   Passed    0.04 sec
      Start  8: OctoValueUTest
 8/19 Test  #8: OctoValueUTest ...................   Passed    0.01 sec
      Start  9: TimeSpaceAtomUTest
 9/19 Test  #9: TimeSpaceAtomUTest ...............   Passed    0.05 sec
      Start 10: MOSESPLNSynergyUTest
10/19 Test #10: MOSESPLNSynergyUTest .............   Passed    4.95 sec
      Start 11: PLNRulesUTest
11/19 Test #11: PLNRulesUTest ....................   Passed    1.64 sec
      Start 12: OpenPsiRulesUTest
12/19 Test #12: OpenPsiRulesUTest ................   Passed    1.37 sec
      Start 13: OpenPsiImplicatorUTest
13/19 Test #13: OpenPsiImplicatorUTest ...........   Passed    0.38 sec
      Start 14: OpenPsiSCMUTest
14/19 Test #14: OpenPsiSCMUTest ..................   Passed    0.21 sec
      Start 15: DimEmbedUTest
15/19 Test #15: DimEmbedUTest ....................   Passed    0.22 sec
      Start 16: StatisticsUTest
16/19 Test #16: StatisticsUTest ..................   Passed    0.01 sec
      Start 17: PatternMinerUTest
17/19 Test #17: PatternMinerUTest ................   Passed    0.22 sec
      Start 18: PatternIndexAPIUTest
18/19 Test #18: PatternIndexAPIUTest .............   Passed    0.58 sec
      Start 19: MinerUTest
19/19 Test #19: MinerUTest .......................   Passed    5.00 sec

100% tests passed, 0 tests failed out of 19

Total Test time (real) = 138.07 sec
[100%] Built target test
+ DSTATUS=TESTPASS
+ /var/lib/jenkins/status/updateStatus TESTPASS /var/lib/jenkins/jobs/OpenCOG_DebStab_Opencog/builds/339/log OpenCOG_DebStab_Opencog
Auto packing the repository in background for optimum performance.
See "git help gc" for manual housekeeping.
error: The last gc run reported the following. Please correct the root cause
and remove .git/gc.log.
Automatic cleanup will not be performed until the file is removed.

error: pack-objects died of signal 15
error: failed to run repack

Already up-to-date.
