Started by user [8mha:////4L2jTPWu9zIb56dnp8RqVObesKKV2DVGI0jJXlam1DqAAAAAlx+LCAAAAAAAAP9b85aBtbiIQTGjNKU4P08vOT+vOD8nVc83PyU1x6OyILUoJzMv2y+/JJUBAhiZGBgqihhk0NSjKDWzXb3RdlLBUSYGJk8GtpzUvPSSDB8G5tKinBIGIZ+sxLJE/ZzEvHT94JKizLx0a6BxUmjGOUNodHsLgAzWEgZu/dLi1CL9xJTczDwAj6GcLcAAAAA=[0madmin
Started by user [8mha:////4L2jTPWu9zIb56dnp8RqVObesKKV2DVGI0jJXlam1DqAAAAAlx+LCAAAAAAAAP9b85aBtbiIQTGjNKU4P08vOT+vOD8nVc83PyU1x6OyILUoJzMv2y+/JJUBAhiZGBgqihhk0NSjKDWzXb3RdlLBUSYGJk8GtpzUvPSSDB8G5tKinBIGIZ+sxLJE/ZzEvHT94JKizLx0a6BxUmjGOUNodHsLgAzWEgZu/dLi1CL9xJTczDwAj6GcLcAAAAA=[0madmin
Building in workspace /var/lib/jenkins/workspace/OpenCOG_U1710_CogUtil
[OpenCOG_U1710_CogUtil] $ /bin/sh -xe /tmp/jenkins5583404985161654751.sh
+ COGDIR=../OpenCOG_U1710
+ . ../OpenCOG_U1710/build.docker/docker.env
+ CID=03c9fe6298a3f314639dcae091ca7618cba9040d275b37398fce6a92f5e3a57d
+ DKRUNROOT=docker exec --user root   03c9fe6298a3f314639dcae091ca7618cba9040d275b37398fce6a92f5e3a57d
+ DKRUNUSER=docker exec --user jenkins  03c9fe6298a3f314639dcae091ca7618cba9040d275b37398fce6a92f5e3a57d
+ UID=125
+ GID=132
+ LOGFILE=/var/lib/jenkins/jobs/OpenCOG_U1710_CogUtil/builds/68/log
+ cat


**********************************************************
**********************************************************
**********************************************************
**********************************************************
*****                                                *****
*****                  Cogutil TEST                *****
*****                                                *****
**********************************************************
**********************************************************
**********************************************************
**********************************************************


+ echo GIT_COMMIT=
GIT_COMMIT=
+ echo GIT_BRANCH=
GIT_BRANCH=
+ echo GIT_URL=
GIT_URL=
+ WDIR=cogutil
+ JOBDIR=../OpenCOG_U1710/dependencies
+ cat
+ chmod +x ../OpenCOG_U1710/dependencies/job1
+ docker exec --user jenkins 03c9fe6298a3f314639dcae091ca7618cba9040d275b37398fce6a92f5e3a57d bash dependencies/job1
+ pwd
+ cd cogutil
+ cd build
+ make -j8 test
/home/opencog
[ 33%] Built target cogutil
[ 35%] Generating randomUTest.cpp
[ 36%] Generating StringTokenizerUTest.cpp
[ 40%] Generating lazy_selectorUTest.cpp
[ 40%] Generating ConfigUTest.cpp
[ 46%] Generating iostreamContainerUTest.cpp
[ 46%] Generating rankingUTest.cpp
[ 46%] Generating functionalUTest.cpp
[ 46%] Generating lru_cacheUTest.cpp
Scanning dependencies of target StringTokenizerUTest
Scanning dependencies of target ConfigUTest
Scanning dependencies of target iostreamContainerUTest
Scanning dependencies of target rankingUTest
Scanning dependencies of target lazy_selectorUTest
Scanning dependencies of target functionalUTest
Scanning dependencies of target randomUTest
Scanning dependencies of target lru_cacheUTest
[ 51%] Building CXX object tests/util/CMakeFiles/rankingUTest.dir/rankingUTest.cpp.o
[ 51%] Building CXX object tests/util/CMakeFiles/iostreamContainerUTest.dir/iostreamContainerUTest.cpp.o
[ 51%] Building CXX object tests/util/CMakeFiles/ConfigUTest.dir/ConfigUTest.cpp.o
[ 53%] Building CXX object tests/util/CMakeFiles/StringTokenizerUTest.dir/StringTokenizerUTest.cpp.o
[ 55%] Building CXX object tests/util/CMakeFiles/lazy_selectorUTest.dir/lazy_selectorUTest.cpp.o
[ 58%] Building CXX object tests/util/CMakeFiles/lru_cacheUTest.dir/lru_cacheUTest.cpp.o
[ 58%] Building CXX object tests/util/CMakeFiles/randomUTest.dir/randomUTest.cpp.o
[ 60%] Building CXX object tests/util/CMakeFiles/functionalUTest.dir/functionalUTest.cpp.o
[ 61%] Linking CXX executable StringTokenizerUTest
[ 63%] Linking CXX executable lazy_selectorUTest
[ 63%] Built target StringTokenizerUTest
[ 65%] Generating LoggerUTest.cpp
Scanning dependencies of target LoggerUTest
[ 66%] Building CXX object tests/util/CMakeFiles/LoggerUTest.dir/LoggerUTest.cpp.o
[ 68%] Linking CXX executable ConfigUTest
[ 68%] Built target lazy_selectorUTest
[ 70%] Generating CounterUTest.cpp
Scanning dependencies of target CounterUTest
[ 71%] Building CXX object tests/util/CMakeFiles/CounterUTest.dir/CounterUTest.cpp.o
[ 71%] Built target ConfigUTest
[ 73%] Generating numericUTest.cpp
Scanning dependencies of target numericUTest
[ 75%] Building CXX object tests/util/CMakeFiles/numericUTest.dir/numericUTest.cpp.o
[ 76%] Linking CXX executable rankingUTest
[ 76%] Built target rankingUTest
[ 78%] Generating KLDUTest.cpp
Scanning dependencies of target KLDUTest
[ 80%] Building CXX object tests/util/CMakeFiles/KLDUTest.dir/KLDUTest.cpp.o
[ 83%] Linking CXX executable functionalUTest
[ 83%] Linking CXX executable iostreamContainerUTest
[ 83%] Built target functionalUTest
[ 85%] Generating comprehensionUTest.cpp
[ 85%] Built target iostreamContainerUTest
Scanning dependencies of target comprehensionUTest
[ 86%] Building CXX object tests/util/CMakeFiles/comprehensionUTest.dir/comprehensionUTest.cpp.o
[ 88%] Linking CXX executable randomUTest
[ 88%] Built target randomUTest
[ 90%] Linking CXX executable numericUTest
[ 90%] Built target numericUTest
[ 91%] Linking CXX executable LoggerUTest
[ 91%] Built target LoggerUTest
[ 93%] Linking CXX executable lru_cacheUTest
[ 95%] Linking CXX executable CounterUTest
[ 95%] Built target lru_cacheUTest
[ 95%] Built target CounterUTest
[ 96%] Linking CXX executable KLDUTest
[ 96%] Built target KLDUTest
[ 98%] Linking CXX executable comprehensionUTest
[ 98%] Built target comprehensionUTest
Scanning dependencies of target tests
[ 98%] Built target tests
Scanning dependencies of target test
[100%] Running tests...
Test project /home/opencog/cogutil/build/tests
      Start  1: ConfigUTest
 1/13 Test  #1: ConfigUTest ......................   Passed    0.02 sec
      Start  2: LoggerUTest
 2/13 Test  #2: LoggerUTest ......................   Passed    0.69 sec
      Start  3: StringTokenizerUTest
 3/13 Test  #3: StringTokenizerUTest .............   Passed    0.01 sec
      Start  4: lazy_selectorUTest
 4/13 Test  #4: lazy_selectorUTest ...............   Passed    0.00 sec
      Start  5: lru_cacheUTest
 5/13 Test  #5: lru_cacheUTest ...................   Passed    0.01 sec
      Start  6: iostreamContainerUTest
 6/13 Test  #6: iostreamContainerUTest ...........   Passed    0.01 sec
      Start  7: numericUTest
 7/13 Test  #7: numericUTest .....................   Passed    0.06 sec
      Start  8: functionalUTest
 8/13 Test  #8: functionalUTest ..................   Passed    0.00 sec
      Start  9: KLDUTest
 9/13 Test  #9: KLDUTest .........................   Passed    3.30 sec
      Start 10: randomUTest
10/13 Test #10: randomUTest ......................   Passed    1.26 sec
      Start 11: comprehensionUTest
11/13 Test #11: comprehensionUTest ...............   Passed    0.00 sec
      Start 12: CounterUTest
12/13 Test #12: CounterUTest .....................   Passed    0.00 sec
      Start 13: rankingUTest
13/13 Test #13: rankingUTest .....................   Passed    0.00 sec

100% tests passed, 0 tests failed out of 13

Total Test time (real) =   5.36 sec
[100%] Built target test
+ DSTATUS=TESTPASS
+ /var/lib/jenkins/status/updateStatus TESTPASS /var/lib/jenkins/jobs/OpenCOG_U1710_CogUtil/builds/68/log OpenCOG_U1710_CogUtil
Auto packing the repository in background for optimum performance.
See "git help gc" for manual housekeeping.
error: The last gc run reported the following. Please correct the root cause
and remove .git/gc.log.
Automatic cleanup will not be performed until the file is removed.

error: pack-objects died of signal 15
error: failed to run repack

Already up-to-date.
