Started by user [8mha:////4L2jTPWu9zIb56dnp8RqVObesKKV2DVGI0jJXlam1DqAAAAAlx+LCAAAAAAAAP9b85aBtbiIQTGjNKU4P08vOT+vOD8nVc83PyU1x6OyILUoJzMv2y+/JJUBAhiZGBgqihhk0NSjKDWzXb3RdlLBUSYGJk8GtpzUvPSSDB8G5tKinBIGIZ+sxLJE/ZzEvHT94JKizLx0a6BxUmjGOUNodHsLgAzWEgZu/dLi1CL9xJTczDwAj6GcLcAAAAA=[0madmin
Building in workspace /var/lib/jenkins/workspace/OpenCOG_U1404_AtomSpace
[OpenCOG_U1404_AtomSpace] $ /bin/sh -xe /tmp/jenkins8980166219326862026.sh
+ COGDIR=../OpenCOG_U1404
+ . ../OpenCOG_U1404/build.docker/docker.env
+ CID=70706a8b8cf147538e05260844874e7c9c5edb02d8f982233625b5e43380fe12
+ DKRUNROOT=docker exec --user root   70706a8b8cf147538e05260844874e7c9c5edb02d8f982233625b5e43380fe12
+ DKRUNUSER=docker exec --user jenkins  70706a8b8cf147538e05260844874e7c9c5edb02d8f982233625b5e43380fe12
+ UID=125
+ GID=132
+ LOGFILE=/var/lib/jenkins/jobs/OpenCOG_U1404_AtomSpace/builds/191/log
+ cat


**********************************************************
**********************************************************
**********************************************************
**********************************************************
*****                                                *****
*****                  Atomspace TEST                *****
*****                                                *****
**********************************************************
**********************************************************
**********************************************************
**********************************************************


+ echo GIT_COMMIT=
GIT_COMMIT=
+ echo GIT_BRANCH=
GIT_BRANCH=
+ echo GIT_URL=
GIT_URL=
+ WDIR=atomspace
+ JOBDIR=../OpenCOG_U1404/dependencies
+ cat
+ chmod +x ../OpenCOG_U1404/dependencies/job1
+ docker exec --user jenkins 70706a8b8cf147538e05260844874e7c9c5edb02d8f982233625b5e43380fe12 bash dependencies/job1
/home/opencog
+ pwd
+ cd atomspace
+ cd build
+ make -j8 test
[  0%] Built target opencog_atom_types
[  0%] Built target py_atomspace_header
[  2%] Built target truthvalue
[  5%] Built target atombase
[  6%] Built target atomutils
[ 13%] Built target atomcore
[ 16%] [ 18%] Built target clearbox
Built target atomspace
[ 18%] [ 18%] [ 18%] [ 18%] [ 18%] [ 19%] Generating BetaReduceUTest.cpp
Generating TVMergeUTest.cpp
Generating SimpleTruthValueUTest.cpp
Generating VariablesUTest.cpp
Generating DefineLinkUTest.cpp
Generating EvidenceCountTruthValueUTest.cpp
[ 20%] [ 22%] Built target lambda
Built target atomspaceutils
[ 22%] [ 22%] Generating ClassServerUTest.cpp
Generating AtomUTest.cpp
Scanning dependencies of target EvidenceCountTruthValueUTest
Scanning dependencies of target SimpleTruthValueUTest
Scanning dependencies of target DefineLinkUTest
Scanning dependencies of target VariablesUTest
Scanning dependencies of target TVMergeUTest
Scanning dependencies of target BetaReduceUTest
[ 23%] [ 23%] [ 24%] [ 24%] [ 24%] Scanning dependencies of target ClassServerUTest
Building CXX object tests/atoms/CMakeFiles/DefineLinkUTest.dir/DefineLinkUTest.cpp.o
Building CXX object tests/truthvalue/CMakeFiles/EvidenceCountTruthValueUTest.dir/EvidenceCountTruthValueUTest.cpp.o
[ 25%] Building CXX object tests/truthvalue/CMakeFiles/SimpleTruthValueUTest.dir/SimpleTruthValueUTest.cpp.o
Building CXX object tests/truthvalue/CMakeFiles/TVMergeUTest.dir/TVMergeUTest.cpp.o
Building CXX object tests/atoms/CMakeFiles/VariablesUTest.dir/VariablesUTest.cpp.o
Scanning dependencies of target AtomUTest
Building CXX object tests/atoms/CMakeFiles/BetaReduceUTest.dir/BetaReduceUTest.cpp.o
[ 26%] Building CXX object tests/atomspace/CMakeFiles/ClassServerUTest.dir/ClassServerUTest.cpp.o
[ 26%] Building CXX object tests/atomspace/CMakeFiles/AtomUTest.dir/AtomUTest.cpp.o
Linking CXX executable EvidenceCountTruthValueUTest
../../opencog/truthvalue/libtruthvalue.so: undefined reference to `opencog::FUZZY_TRUTH_VALUE'
../../opencog/truthvalue/libtruthvalue.so: undefined reference to `vtable for opencog::FloatValue'
../../opencog/truthvalue/libtruthvalue.so: undefined reference to `opencog::FloatValue::operator==(opencog::ProtoAtom const&) const'
../../opencog/truthvalue/libtruthvalue.so: undefined reference to `typeinfo for opencog::FloatValue'
../../opencog/truthvalue/libtruthvalue.so: undefined reference to `opencog::INDEFINITE_TRUTH_VALUE'
../../opencog/truthvalue/libtruthvalue.so: undefined reference to `opencog::COUNT_TRUTH_VALUE'
../../opencog/truthvalue/libtruthvalue.so: undefined reference to `opencog::PROBABILISTIC_TRUTH_VALUE'
../../opencog/truthvalue/libtruthvalue.so: undefined reference to `opencog::EVIDENCE_COUNT_TRUTH_VALUE'
../../opencog/truthvalue/libtruthvalue.so: undefined reference to `opencog::SIMPLE_TRUTH_VALUE'
../../opencog/truthvalue/libtruthvalue.so: undefined reference to `opencog::FloatValue::to_string(std::string const&) const'
../../opencog/truthvalue/libtruthvalue.so: undefined reference to `opencog::ATTENTION_VALUE'
collect2: error: ld returned 1 exit status
make[3]: *** [tests/truthvalue/EvidenceCountTruthValueUTest] Error 1
make[2]: *** [tests/truthvalue/CMakeFiles/EvidenceCountTruthValueUTest.dir/all] Error 2
make[2]: *** Waiting for unfinished jobs....
Linking CXX executable SimpleTruthValueUTest
[ 26%] Built target SimpleTruthValueUTest
Linking CXX executable ClassServerUTest
[ 26%] Built target ClassServerUTest
Linking CXX executable TVMergeUTest
[ 26%] Built target TVMergeUTest
Linking CXX executable DefineLinkUTest
Linking CXX executable VariablesUTest
[ 26%] Built target DefineLinkUTest
[ 26%] Built target VariablesUTest
Linking CXX executable BetaReduceUTest
Linking CXX executable AtomUTest
[ 26%] Built target BetaReduceUTest
[ 26%] Built target AtomUTest
make[1]: *** [CMakeFiles/test.dir/rule] Error 2
make: *** [test] Error 2
+ DSTATUS=TESTFAIL
+ /var/lib/jenkins/status/updateStatus TESTFAIL /var/lib/jenkins/jobs/OpenCOG_U1404_AtomSpace/builds/191/log OpenCOG_U1404_AtomSpace
Already up-to-date.
