Started by user [8mha:////4L2jTPWu9zIb56dnp8RqVObesKKV2DVGI0jJXlam1DqAAAAAlx+LCAAAAAAAAP9b85aBtbiIQTGjNKU4P08vOT+vOD8nVc83PyU1x6OyILUoJzMv2y+/JJUBAhiZGBgqihhk0NSjKDWzXb3RdlLBUSYGJk8GtpzUvPSSDB8G5tKinBIGIZ+sxLJE/ZzEvHT94JKizLx0a6BxUmjGOUNodHsLgAzWEgZu/dLi1CL9xJTczDwAj6GcLcAAAAA=[0madmin
Building in workspace /var/lib/jenkins/workspace/OpenCOG_U1404_CogUtil
[OpenCOG_U1404_CogUtil] $ /bin/sh -xe /tmp/jenkins8432223293876507731.sh
+ COGDIR=../OpenCOG_U1404
+ . ../OpenCOG_U1404/build.docker/docker.env
+ CID=cbb52c82ba838f666c7f315dca306273f4d8aa0f88e0b209c232592ef8c0ea1b
+ DKRUNROOT=docker exec --user root   cbb52c82ba838f666c7f315dca306273f4d8aa0f88e0b209c232592ef8c0ea1b
+ DKRUNUSER=docker exec --user jenkins  cbb52c82ba838f666c7f315dca306273f4d8aa0f88e0b209c232592ef8c0ea1b
+ UID=125
+ GID=132
+ LOGFILE=/var/lib/jenkins/jobs/OpenCOG_U1404_CogUtil/builds/433/log
+ cat


**********************************************************
**********************************************************
**********************************************************
**********************************************************
*****                                                *****
*****                  Cogutil TEST                *****
*****                                                *****
**********************************************************
**********************************************************
**********************************************************
**********************************************************


+ echo GIT_COMMIT=
GIT_COMMIT=
+ echo GIT_BRANCH=
GIT_BRANCH=
+ echo GIT_URL=
GIT_URL=
+ WDIR=cogutil
+ JOBDIR=../OpenCOG_U1404/dependencies
+ cat
+ chmod +x ../OpenCOG_U1404/dependencies/job1
+ docker exec --user jenkins cbb52c82ba838f666c7f315dca306273f4d8aa0f88e0b209c232592ef8c0ea1b bash dependencies/job1
+ cd cogutil
+ cd build
+ make -j8 test
make: *** No rule to make target `test'.  Stop.
+ DSTATUS=TESTFAIL
+ /var/lib/jenkins/status/updateStatus TESTFAIL /var/lib/jenkins/jobs/OpenCOG_U1404_CogUtil/builds/433/log OpenCOG_U1404_CogUtil
Auto packing the repository in background for optimum performance.
See "git help gc" for manual housekeeping.
error: The last gc run reported the following. Please correct the root cause
and remove .git/gc.log.
Automatic cleanup will not be performed until the file is removed.

error: pack-objects died of signal 15
error: failed to run repack

Already up-to-date.
