Started by user [8mha:////4L2jTPWu9zIb56dnp8RqVObesKKV2DVGI0jJXlam1DqAAAAAlx+LCAAAAAAAAP9b85aBtbiIQTGjNKU4P08vOT+vOD8nVc83PyU1x6OyILUoJzMv2y+/JJUBAhiZGBgqihhk0NSjKDWzXb3RdlLBUSYGJk8GtpzUvPSSDB8G5tKinBIGIZ+sxLJE/ZzEvHT94JKizLx0a6BxUmjGOUNodHsLgAzWEgZu/dLi1CL9xJTczDwAj6GcLcAAAAA=[0madmin
Building in workspace /var/lib/jenkins/workspace/OpenCOG_U1604_AtomSpace
[OpenCOG_U1604_AtomSpace] $ /bin/sh -xe /tmp/jenkins4277288042672573904.sh
+ COGDIR=../OpenCOG_U1604
+ . ../OpenCOG_U1604/build.docker/docker.env
+ CID=9394ba46a96f074df437b19231b48611157b1f1b1dd1b469f05aeedfff53311b
+ DKRUNROOT=docker exec --user root   9394ba46a96f074df437b19231b48611157b1f1b1dd1b469f05aeedfff53311b
+ DKRUNUSER=docker exec --user jenkins  9394ba46a96f074df437b19231b48611157b1f1b1dd1b469f05aeedfff53311b
+ UID=125
+ GID=132
+ LOGFILE=/var/lib/jenkins/jobs/OpenCOG_U1604_AtomSpace/builds/416/log
+ cat


**********************************************************
**********************************************************
**********************************************************
**********************************************************
*****                                                *****
*****                  Atomspace TEST                *****
*****                                                *****
**********************************************************
**********************************************************
**********************************************************
**********************************************************


+ echo GIT_COMMIT=
GIT_COMMIT=
+ echo GIT_BRANCH=
GIT_BRANCH=
+ echo GIT_URL=
GIT_URL=
+ WDIR=atomspace
+ JOBDIR=../OpenCOG_U1604/dependencies
+ cat
+ chmod +x ../OpenCOG_U1604/dependencies/job1
+ docker exec --user jenkins 9394ba46a96f074df437b19231b48611157b1f1b1dd1b469f05aeedfff53311b bash dependencies/job1
PWD is /home/opencog/atomspace/build
commit d873d1cc58574d91c0ccc75ec7bb9eafb00ea6e0
Merge: 5c2a7d1 529a34e
Author: Linas Vepštas <linasvepstas@gmail.com>
Date:   Fri Jan 18 23:30:04 2019 -0600

    Merge pull request #1995 from linas/th
    
    Cleanup old example program & fix bug.

[  0%] Built target opencog_atom_types
[  1%] Built target persist-pg
[  1%] Built target py_atomspace_header
[  1%] Built target atom_types
[  3%] Built target value
[  4%] Built target truthvalue
[  5%] Built target atombase
[  6%] Built target atomutils
[ 11%] Built target atomcore
[ 12%] Built target atomspace
[ 13%] Built target clearbox
[ 13%] Generating BetaReduceUTest.cpp
[ 15%] Generating DefineLinkUTest.cpp
[ 16%] Generating VariablesUTest.cpp
[ 17%] Generating TVMergeUTest.cpp
[ 17%] Generating SimpleTruthValueUTest.cpp
[ 18%] Built target atomspaceutils
[ 20%] Built target type_constructors
[ 20%] Built target lambda
[ 20%] Generating EvidenceCountTruthValueUTest.cpp
[ 21%] Generating AtomSpaceUtilsUTest.cpp
[ 21%] Built target sql-support
Scanning dependencies of target TVMergeUTest
Scanning dependencies of target SimpleTruthValueUTest
Scanning dependencies of target VariablesUTest
Scanning dependencies of target DefineLinkUTest
Scanning dependencies of target BetaReduceUTest
[ 21%] Building CXX object tests/atoms/truthvalue/CMakeFiles/TVMergeUTest.dir/TVMergeUTest.cpp.o
[ 21%] Building CXX object tests/atoms/CMakeFiles/DefineLinkUTest.dir/DefineLinkUTest.cpp.o
[ 21%] Building CXX object tests/atoms/CMakeFiles/VariablesUTest.dir/VariablesUTest.cpp.o
Scanning dependencies of target EvidenceCountTruthValueUTest
[ 21%] Building CXX object tests/atoms/truthvalue/CMakeFiles/SimpleTruthValueUTest.dir/SimpleTruthValueUTest.cpp.o
[ 21%] Building CXX object tests/atoms/CMakeFiles/BetaReduceUTest.dir/BetaReduceUTest.cpp.o
[ 21%] Building CXX object tests/atoms/truthvalue/CMakeFiles/EvidenceCountTruthValueUTest.dir/EvidenceCountTruthValueUTest.cpp.o
Scanning dependencies of target AtomSpaceUtilsUTest
[ 21%] Building CXX object tests/atomspaceutils/CMakeFiles/AtomSpaceUtilsUTest.dir/AtomSpaceUtilsUTest.cpp.o
[ 24%] Built target smob
[ 24%] Built target unify
[ 24%] Generating ThreadSafeHandleMapUTest.cpp
Scanning dependencies of target ThreadSafeHandleMapUTest
[ 24%] Building CXX object tests/atomspace/CMakeFiles/ThreadSafeHandleMapUTest.dir/ThreadSafeHandleMapUTest.cpp.o
[ 24%] Linking CXX executable EvidenceCountTruthValueUTest
[ 24%] Linking CXX executable SimpleTruthValueUTest
[ 24%] Built target EvidenceCountTruthValueUTest
[ 25%] Generating RemoveUTest.cpp
Scanning dependencies of target RemoveUTest
[ 25%] Building CXX object tests/atomspace/CMakeFiles/RemoveUTest.dir/RemoveUTest.cpp.o
[ 25%] Built target SimpleTruthValueUTest
[ 25%] Generating MultiSpaceUTest.cpp
Scanning dependencies of target MultiSpaceUTest
[ 26%] Building CXX object tests/atomspace/CMakeFiles/MultiSpaceUTest.dir/MultiSpaceUTest.cpp.o
[ 26%] Linking CXX executable TVMergeUTest
[ 26%] Built target TVMergeUTest
[ 26%] Generating NodeUTest.cpp
Scanning dependencies of target NodeUTest
[ 26%] Building CXX object tests/atomspace/CMakeFiles/NodeUTest.dir/NodeUTest.cpp.o
[ 26%] Linking CXX executable AtomSpaceUtilsUTest
[ 26%] Linking CXX executable DefineLinkUTest
[ 26%] Built target AtomSpaceUtilsUTest
[ 27%] Generating AtomUTest.cpp
Scanning dependencies of target AtomUTest
[ 27%] Building CXX object tests/atomspace/CMakeFiles/AtomUTest.dir/AtomUTest.cpp.o
[ 27%] Built target DefineLinkUTest
[ 27%] Generating UseCountUTest.cpp
Scanning dependencies of target UseCountUTest
[ 27%] Building CXX object tests/atomspace/CMakeFiles/UseCountUTest.dir/UseCountUTest.cpp.o
[ 27%] Linking CXX executable VariablesUTest
[ 27%] Linking CXX executable BetaReduceUTest
[ 27%] Built target VariablesUTest
[ 29%] Generating COWSpaceUTest.cpp
[ 29%] Linking CXX executable ThreadSafeHandleMapUTest
Scanning dependencies of target COWSpaceUTest
[ 29%] Built target BetaReduceUTest
[ 29%] Generating AtomTableUTest.cpp
[ 29%] Building CXX object tests/atomspace/CMakeFiles/COWSpaceUTest.dir/COWSpaceUTest.cpp.o
Scanning dependencies of target AtomTableUTest
[ 29%] Built target ThreadSafeHandleMapUTest
[ 29%] Building CXX object tests/atomspace/CMakeFiles/AtomTableUTest.dir/AtomTableUTest.cpp.o
[ 30%] Generating AtomSpaceAsyncUTest.cpp
Scanning dependencies of target AtomSpaceAsyncUTest
[ 30%] Building CXX object tests/atomspace/CMakeFiles/AtomSpaceAsyncUTest.dir/AtomSpaceAsyncUTest.cpp.o
[ 30%] Linking CXX executable NodeUTest
[ 30%] Built target NodeUTest
[ 31%] Generating ClassServerUTest.cpp
Scanning dependencies of target ClassServerUTest
[ 31%] Building CXX object tests/atomspace/CMakeFiles/ClassServerUTest.dir/ClassServerUTest.cpp.o
[ 31%] Linking CXX executable RemoveUTest
[ 31%] Built target RemoveUTest
[ 31%] Generating LinkUTest.cpp
Scanning dependencies of target LinkUTest
[ 32%] Building CXX object tests/atomspace/CMakeFiles/LinkUTest.dir/LinkUTest.cpp.o
[ 32%] Linking CXX executable MultiSpaceUTest
[ 32%] Linking CXX executable ClassServerUTest
[ 32%] Built target MultiSpaceUTest
[ 32%] Generating TLBUTest.cpp
[ 32%] Built target ClassServerUTest
Scanning dependencies of target TLBUTest
[ 32%] Generating AtomSpaceUTest.cpp
[ 32%] Building CXX object tests/atomspace/CMakeFiles/TLBUTest.dir/TLBUTest.cpp.o
Scanning dependencies of target AtomSpaceUTest
[ 32%] Building CXX object tests/atomspace/CMakeFiles/AtomSpaceUTest.dir/AtomSpaceUTest.cpp.o
[ 32%] Linking CXX executable AtomUTest
[ 32%] Built target AtomUTest
[ 33%] Generating HashMixUTest.cpp
Scanning dependencies of target HashMixUTest
[ 33%] Linking CXX executable COWSpaceUTest
[ 33%] Building CXX object tests/atomspace/CMakeFiles/HashMixUTest.dir/HashMixUTest.cpp.o
[ 33%] Linking CXX executable UseCountUTest
[ 33%] Built target COWSpaceUTest
[ 33%] Generating RewriteLinkUTest.cpp
[ 33%] Built target UseCountUTest
[ 34%] Generating FreeLinkUTest.cpp
Scanning dependencies of target RewriteLinkUTest
[ 34%] Building CXX object tests/atoms/CMakeFiles/RewriteLinkUTest.dir/RewriteLinkUTest.cpp.o
Scanning dependencies of target FreeLinkUTest
[ 34%] Building CXX object tests/atoms/CMakeFiles/FreeLinkUTest.dir/FreeLinkUTest.cpp.o
[ 34%] Linking CXX executable AtomTableUTest
[ 34%] Built target AtomTableUTest
[ 34%] Generating HashUTest.cpp
Scanning dependencies of target HashUTest
[ 34%] Building CXX object tests/atoms/CMakeFiles/HashUTest.dir/HashUTest.cpp.o
[ 34%] Linking CXX executable AtomSpaceAsyncUTest
[ 34%] Built target AtomSpaceAsyncUTest
[ 35%] Generating ScopeLinkUTest.cpp
Scanning dependencies of target ScopeLinkUTest
[ 35%] Building CXX object tests/atoms/CMakeFiles/ScopeLinkUTest.dir/ScopeLinkUTest.cpp.o
[ 35%] Linking CXX executable LinkUTest
[ 35%] Built target LinkUTest
[ 35%] Linking CXX executable TLBUTest
[ 35%] Generating NeighborUTest.cpp
Scanning dependencies of target NeighborUTest
[ 36%] Building CXX object tests/atomutils/CMakeFiles/NeighborUTest.dir/NeighborUTest.cpp.o
[ 36%] Built target TLBUTest
[ 36%] Generating FuzzyUTest.cpp
Scanning dependencies of target FuzzyUTest
[ 36%] Building CXX object tests/atomutils/CMakeFiles/FuzzyUTest.dir/FuzzyUTest.cpp.o
[ 36%] Linking CXX executable HashMixUTest
[ 36%] Built target HashMixUTest
[ 37%] Generating FindUtilsUTest.cpp
Scanning dependencies of target FindUtilsUTest
[ 37%] Building CXX object tests/atomutils/CMakeFiles/FindUtilsUTest.dir/FindUtilsUTest.cpp.o
[ 37%] Linking CXX executable FreeLinkUTest
[ 37%] Built target FreeLinkUTest
[ 37%] Generating AtomUtilsUTest.cpp
Scanning dependencies of target AtomUtilsUTest
[ 37%] Building CXX object tests/atomutils/CMakeFiles/AtomUtilsUTest.dir/AtomUtilsUTest.cpp.o
[ 37%] Linking CXX executable HashUTest
[ 37%] Linking CXX executable RewriteLinkUTest
[ 37%] Built target HashUTest
[ 38%] Generating UnifyUTest.cpp
Scanning dependencies of target UnifyUTest
[ 38%] Built target RewriteLinkUTest
[ 38%] Building CXX object tests/unify/CMakeFiles/UnifyUTest.dir/UnifyUTest.cpp.o
[ 39%] Built target dist-gearman
[ 39%] Built target persist
[ 41%] Built target persist-sql
[ 43%] Built target PythonEval
[ 45%] Built target query
[ 46%] Generating GearmanUTest.cpp
Scanning dependencies of target GearmanUTest
[ 46%] Building CXX object tests/persist/gearman/CMakeFiles/GearmanUTest.dir/GearmanUTest.cpp.o
[ 46%] Linking CXX executable AtomSpaceUTest
[ 46%] Built target AtomSpaceUTest
[ 46%] Built target utilities_cython
[ 48%] Built target execution
[ 48%] Linking CXX executable NeighborUTest
[ 49%] Built target attentionbank
[ 49%] Linking CXX executable ScopeLinkUTest
[ 49%] Built target NeighborUTest
[ 52%] Built target ruleengine
[ 52%] Generating ReductUTest.cpp
[ 53%] Built target atomspace_cython
[ 53%] Linking CXX executable FuzzyUTest
[ 53%] Generating QuotationUTest.cpp
[ 53%] Built target ScopeLinkUTest
Scanning dependencies of target ReductUTest
Scanning dependencies of target QuotationUTest
[ 54%] Generating AlphaConvertUTest.cpp
[ 54%] Building CXX object tests/atoms/CMakeFiles/ReductUTest.dir/ReductUTest.cpp.o
[ 54%] Building CXX object tests/atoms/CMakeFiles/QuotationUTest.dir/QuotationUTest.cpp.o
Scanning dependencies of target AlphaConvertUTest
[ 54%] Built target FuzzyUTest
[ 54%] Building CXX object tests/atoms/CMakeFiles/AlphaConvertUTest.dir/AlphaConvertUTest.cpp.o
[ 54%] Generating StateLinkUTest.cpp
Scanning dependencies of target StateLinkUTest
[ 54%] Building CXX object tests/atoms/CMakeFiles/StateLinkUTest.dir/StateLinkUTest.cpp.o
[ 54%] Linking CXX executable FindUtilsUTest
[ 54%] Built target FindUtilsUTest
[ 54%] Generating MapLinkUTest.cpp
Scanning dependencies of target MapLinkUTest
[ 54%] Building CXX object tests/atoms/CMakeFiles/MapLinkUTest.dir/MapLinkUTest.cpp.o
[ 54%] Linking CXX executable AtomUtilsUTest
[ 54%] Built target AtomUtilsUTest
[ 55%] Generating DeleteLinkUTest.cpp
Scanning dependencies of target DeleteLinkUTest
[ 55%] Building CXX object tests/atoms/CMakeFiles/DeleteLinkUTest.dir/DeleteLinkUTest.cpp.o
[ 55%] Linking CXX executable GearmanUTest
[ 55%] Built target GearmanUTest
[ 56%] Generating IdenticalLinkUTest.cpp
Scanning dependencies of target IdenticalLinkUTest
[ 56%] Building CXX object tests/atoms/CMakeFiles/IdenticalLinkUTest.dir/IdenticalLinkUTest.cpp.o
[ 56%] Linking CXX executable QuotationUTest
[ 56%] Linking CXX executable ReductUTest
[ 56%] Built target QuotationUTest
[ 56%] Generating RandomUTest.cpp
[ 56%] Linking CXX executable AlphaConvertUTest
[ 56%] Built target ReductUTest
[ 58%] Generating EqualLinkUTest.cpp
Scanning dependencies of target RandomUTest
Scanning dependencies of target EqualLinkUTest
[ 58%] Building CXX object tests/atoms/CMakeFiles/RandomUTest.dir/RandomUTest.cpp.o
[ 58%] Building CXX object tests/atoms/CMakeFiles/EqualLinkUTest.dir/EqualLinkUTest.cpp.o
[ 58%] Built target AlphaConvertUTest
[ 59%] Generating StreamUTest.cpp
Scanning dependencies of target StreamUTest
[ 59%] Building CXX object tests/atoms/CMakeFiles/StreamUTest.dir/StreamUTest.cpp.o
[ 59%] Linking CXX executable StateLinkUTest
[ 59%] Linking CXX executable MapLinkUTest
[ 59%] Built target StateLinkUTest
[ 59%] Built target MapLinkUTest
[ 59%] Generating GroundedSchemaLocalUTest.cpp
[ 59%] Generating PutLinkUTest.cpp
Scanning dependencies of target GroundedSchemaLocalUTest
[ 59%] Building CXX object tests/atoms/CMakeFiles/GroundedSchemaLocalUTest.dir/GroundedSchemaLocalUTest.cpp.o
Scanning dependencies of target PutLinkUTest
[ 59%] Building CXX object tests/atoms/CMakeFiles/PutLinkUTest.dir/PutLinkUTest.cpp.o
[ 59%] Linking CXX executable IdenticalLinkUTest
[ 59%] Linking CXX executable DeleteLinkUTest
[ 59%] Built target IdenticalLinkUTest
[ 59%] Generating ExistsLinkUTest.cpp
Scanning dependencies of target ExistsLinkUTest
[ 59%] Building CXX object tests/atoms/CMakeFiles/ExistsLinkUTest.dir/ExistsLinkUTest.cpp.o
[ 59%] Built target DeleteLinkUTest
[ 59%] Generating ParallelUTest.cpp
Scanning dependencies of target ParallelUTest
[ 59%] Building CXX object tests/atoms/CMakeFiles/ParallelUTest.dir/ParallelUTest.cpp.o
[ 59%] Linking CXX executable RandomUTest
[ 59%] Linking CXX executable EqualLinkUTest
[ 59%] Built target RandomUTest
[ 60%] Generating ValueOfUTest.cpp
Scanning dependencies of target ValueOfUTest
[ 60%] Building CXX object tests/atoms/CMakeFiles/ValueOfUTest.dir/ValueOfUTest.cpp.o
[ 60%] Built target EqualLinkUTest
[ 61%] Generating BankImplUTest.cpp
Scanning dependencies of target BankImplUTest
[ 61%] Building CXX object tests/attentionbank/CMakeFiles/BankImplUTest.dir/BankImplUTest.cpp.o
[ 61%] Linking CXX executable StreamUTest
[ 61%] Built target StreamUTest
[ 61%] Linking CXX executable GroundedSchemaLocalUTest
[ 61%] Generating BankAsyncUTest.cpp
Scanning dependencies of target BankAsyncUTest
[ 61%] Building CXX object tests/attentionbank/CMakeFiles/BankAsyncUTest.dir/BankAsyncUTest.cpp.o
[ 61%] Linking CXX executable ParallelUTest
[ 61%] Built target GroundedSchemaLocalUTest
[ 62%] Generating AttentionUTest.cpp
[ 62%] Linking CXX executable ExistsLinkUTest
Scanning dependencies of target AttentionUTest
[ 62%] Building CXX object tests/attentionbank/CMakeFiles/AttentionUTest.dir/AttentionUTest.cpp.o
[ 62%] Linking CXX executable UnifyUTest
[ 62%] Built target ParallelUTest
[ 62%] Generating AttentionValueUTest.cpp
[ 62%] Built target ExistsLinkUTest
[ 63%] Generating AttentionalFocusCBUTest.cpp
Scanning dependencies of target AttentionValueUTest
[ 63%] Building CXX object tests/attentionbank/CMakeFiles/AttentionValueUTest.dir/AttentionValueUTest.cpp.o
Scanning dependencies of target AttentionalFocusCBUTest
[ 63%] Built target UnifyUTest
[ 63%] Building CXX object tests/attentionbank/CMakeFiles/AttentionalFocusCBUTest.dir/AttentionalFocusCBUTest.cpp.o
[ 63%] Built target logger
[ 63%] Generating VectorAPIUTest.cpp
Scanning dependencies of target VectorAPIUTest
[ 63%] Building CXX object tests/matrix/CMakeFiles/VectorAPIUTest.dir/VectorAPIUTest.cpp.o
[ 63%] Linking CXX executable ValueOfUTest
[ 63%] Linking CXX executable BankAsyncUTest
[ 63%] Built target ValueOfUTest
[ 63%] Generating NoExceptionUTest.cpp
[ 63%] Linking CXX executable AttentionUTest
Scanning dependencies of target NoExceptionUTest
[ 64%] Building CXX object tests/query/CMakeFiles/NoExceptionUTest.dir/NoExceptionUTest.cpp.o
[ 64%] Built target BankAsyncUTest
[ 65%] Generating SudokuUTest.cpp
[ 65%] Built target AttentionUTest
[ 66%] Generating FirstNUTest.cpp
Scanning dependencies of target SudokuUTest
[ 66%] Linking CXX executable AttentionalFocusCBUTest
[ 66%] Building CXX object tests/query/CMakeFiles/SudokuUTest.dir/SudokuUTest.cpp.o
Scanning dependencies of target FirstNUTest
[ 66%] Building CXX object tests/query/CMakeFiles/FirstNUTest.dir/FirstNUTest.cpp.o
[ 66%] Built target AttentionalFocusCBUTest
[ 66%] Generating NestedPutUTest.cpp
Scanning dependencies of target NestedPutUTest
[ 66%] Building CXX object tests/query/CMakeFiles/NestedPutUTest.dir/NestedPutUTest.cpp.o
[ 66%] Linking CXX executable AttentionValueUTest
[ 66%] Linking CXX executable PutLinkUTest
[ 66%] Built target AttentionValueUTest
[ 66%] Generating EvalLinkDefaultTVUTest.cpp
Scanning dependencies of target EvalLinkDefaultTVUTest
[ 66%] Building CXX object tests/query/CMakeFiles/EvalLinkDefaultTVUTest.dir/EvalLinkDefaultTVUTest.cpp.o
[ 66%] Built target PutLinkUTest
[ 66%] Generating UnorderedUTest.cpp
[ 66%] Linking CXX executable BankImplUTest
Scanning dependencies of target UnorderedUTest
[ 66%] Building CXX object tests/query/CMakeFiles/UnorderedUTest.dir/UnorderedUTest.cpp.o
[ 66%] Built target BankImplUTest
[ 66%] Generating ConstantClausesUTest.cpp
Scanning dependencies of target ConstantClausesUTest
[ 66%] Building CXX object tests/query/CMakeFiles/ConstantClausesUTest.dir/ConstantClausesUTest.cpp.o
[ 66%] Linking CXX executable NoExceptionUTest
[ 66%] Built target NoExceptionUTest
[ 66%] Generating VarTypeNotUTest.cpp
Scanning dependencies of target VarTypeNotUTest
[ 66%] Building CXX object tests/query/CMakeFiles/VarTypeNotUTest.dir/VarTypeNotUTest.cpp.o
[ 66%] Linking CXX executable SudokuUTest
[ 66%] Linking CXX executable FirstNUTest
[ 66%] Built target SudokuUTest
[ 67%] Generating BindTVUTest.cpp
Scanning dependencies of target BindTVUTest
[ 67%] Building CXX object tests/query/CMakeFiles/BindTVUTest.dir/BindTVUTest.cpp.o
[ 67%] Built target FirstNUTest
[ 68%] Generating ExecutionOutputUTest.cpp
Scanning dependencies of target ExecutionOutputUTest
[ 68%] Building CXX object tests/query/CMakeFiles/ExecutionOutputUTest.dir/ExecutionOutputUTest.cpp.o
[ 68%] Linking CXX executable NestedPutUTest
[ 68%] Linking CXX executable EvalLinkDefaultTVUTest
[ 68%] Built target NestedPutUTest
[ 68%] Generating ScopeUTest.cpp
[ 68%] Built target EvalLinkDefaultTVUTest
[ 69%] Generating StackUTest.cpp
Scanning dependencies of target ScopeUTest
Scanning dependencies of target StackUTest
[ 69%] Building CXX object tests/query/CMakeFiles/ScopeUTest.dir/ScopeUTest.cpp.o
[ 69%] Building CXX object tests/query/CMakeFiles/StackUTest.dir/StackUTest.cpp.o
[ 69%] Linking CXX executable UnorderedUTest
[ 69%] Built target UnorderedUTest
[ 69%] Generating FiniteStateMachineUTest.cpp
Scanning dependencies of target FiniteStateMachineUTest
[ 69%] Building CXX object tests/query/CMakeFiles/FiniteStateMachineUTest.dir/FiniteStateMachineUTest.cpp.o
[ 69%] Linking CXX executable ConstantClausesUTest
[ 69%] Built target ConstantClausesUTest
[ 70%] Generating BigPatternUTest.cpp
Scanning dependencies of target BigPatternUTest
[ 70%] Building CXX object tests/query/CMakeFiles/BigPatternUTest.dir/BigPatternUTest.cpp.o
[ 70%] Linking CXX executable VectorAPIUTest
[ 70%] Built target VectorAPIUTest
[ 70%] Generating ImplicationUTest.cpp
Scanning dependencies of target ImplicationUTest
[ 70%] Building CXX object tests/query/CMakeFiles/ImplicationUTest.dir/ImplicationUTest.cpp.o
[ 70%] Linking CXX executable VarTypeNotUTest
[ 70%] Built target VarTypeNotUTest
[ 70%] Generating BuggyLinkUTest.cpp
Scanning dependencies of target BuggyLinkUTest
[ 70%] Building CXX object tests/query/CMakeFiles/BuggyLinkUTest.dir/BuggyLinkUTest.cpp.o
[ 70%] Linking CXX executable BindTVUTest
[ 70%] Built target BindTVUTest
[ 70%] Linking CXX executable StackUTest
[ 70%] Generating LoopPatternUTest.cpp
Scanning dependencies of target LoopPatternUTest
[ 72%] Building CXX object tests/query/CMakeFiles/LoopPatternUTest.dir/LoopPatternUTest.cpp.o
[ 72%] Linking CXX executable ScopeUTest
[ 72%] Built target StackUTest
[ 72%] Generating GreaterComputeUTest.cpp
Scanning dependencies of target GreaterComputeUTest
[ 72%] Building CXX object tests/query/CMakeFiles/GreaterComputeUTest.dir/GreaterComputeUTest.cpp.o
[ 72%] Built target ScopeUTest
[ 72%] Generating PatternUTest.cpp
Scanning dependencies of target PatternUTest
[ 72%] Building CXX object tests/query/CMakeFiles/PatternUTest.dir/PatternUTest.cpp.o
[ 72%] Linking CXX executable FiniteStateMachineUTest
[ 72%] Linking CXX executable ExecutionOutputUTest
[ 72%] Built target FiniteStateMachineUTest
[ 73%] Generating BooleanUTest.cpp
Scanning dependencies of target BooleanUTest
[ 73%] Building CXX object tests/query/CMakeFiles/BooleanUTest.dir/BooleanUTest.cpp.o
[ 73%] Built target ExecutionOutputUTest
[ 74%] Generating RecognizerUTest.cpp
Scanning dependencies of target RecognizerUTest
[ 74%] Building CXX object tests/query/CMakeFiles/RecognizerUTest.dir/RecognizerUTest.cpp.o
[ 74%] Linking CXX executable BigPatternUTest
[ 74%] Built target BigPatternUTest
[ 74%] Generating BuggyStackUTest.cpp
Scanning dependencies of target BuggyStackUTest
[ 74%] Building CXX object tests/query/CMakeFiles/BuggyStackUTest.dir/BuggyStackUTest.cpp.o
[ 74%] Linking CXX executable ImplicationUTest
[ 74%] Linking CXX executable BuggyLinkUTest
[ 74%] Built target ImplicationUTest
[ 75%] Generating GetStateUTest.cpp
[ 75%] Built target BuggyLinkUTest
[ 76%] Generating UnquoteUTest.cpp
Scanning dependencies of target GetStateUTest
[ 76%] Building CXX object tests/query/CMakeFiles/GetStateUTest.dir/GetStateUTest.cpp.o
Scanning dependencies of target UnquoteUTest
[ 76%] Building CXX object tests/query/CMakeFiles/UnquoteUTest.dir/UnquoteUTest.cpp.o
[ 76%] Linking CXX executable GreaterComputeUTest
[ 76%] Built target GreaterComputeUTest
[ 76%] Generating StackMoreUTest.cpp
Scanning dependencies of target StackMoreUTest
[ 76%] Building CXX object tests/query/CMakeFiles/StackMoreUTest.dir/StackMoreUTest.cpp.o
[ 76%] Linking CXX executable LoopPatternUTest
[ 76%] Built target LoopPatternUTest
[ 76%] Generating DefineUTest.cpp
Scanning dependencies of target DefineUTest
[ 76%] Building CXX object tests/query/CMakeFiles/DefineUTest.dir/DefineUTest.cpp.o
[ 76%] Linking CXX executable RecognizerUTest
[ 76%] Built target RecognizerUTest
[ 77%] Generating BuggyNotUTest.cpp
Scanning dependencies of target BuggyNotUTest
[ 77%] Building CXX object tests/query/CMakeFiles/BuggyNotUTest.dir/BuggyNotUTest.cpp.o
[ 77%] Linking CXX executable PatternUTest
[ 77%] Linking CXX executable BooleanUTest
[ 77%] Built target PatternUTest
[ 77%] Generating DisconnectedUTest.cpp
[ 77%] Built target BooleanUTest
[ 77%] Linking CXX executable BuggyStackUTest
[ 77%] Generating DeepTypeUTest.cpp
Scanning dependencies of target DisconnectedUTest
[ 77%] Building CXX object tests/query/CMakeFiles/DisconnectedUTest.dir/DisconnectedUTest.cpp.o
Scanning dependencies of target DeepTypeUTest
[ 77%] Building CXX object tests/query/CMakeFiles/DeepTypeUTest.dir/DeepTypeUTest.cpp.o
[ 77%] Built target BuggyStackUTest
[ 77%] Generating EinsteinUTest.cpp
Scanning dependencies of target EinsteinUTest
[ 77%] Building CXX object tests/query/CMakeFiles/EinsteinUTest.dir/EinsteinUTest.cpp.o
[ 77%] Linking CXX executable GetStateUTest
[ 77%] Built target GetStateUTest
[ 77%] Generating MatchLinkUTest.cpp
[ 77%] Linking CXX executable UnquoteUTest
Scanning dependencies of target MatchLinkUTest
[ 78%] Building CXX object tests/query/CMakeFiles/MatchLinkUTest.dir/MatchLinkUTest.cpp.o
[ 78%] Built target UnquoteUTest
[ 78%] Generating BiggerPatternUTest.cpp
Scanning dependencies of target BiggerPatternUTest
[ 78%] Building CXX object tests/query/CMakeFiles/BiggerPatternUTest.dir/BiggerPatternUTest.cpp.o
[ 78%] Linking CXX executable StackMoreUTest
[ 78%] Built target StackMoreUTest
[ 78%] Generating ArcanaUTest.cpp
Scanning dependencies of target ArcanaUTest
[ 78%] Building CXX object tests/query/CMakeFiles/ArcanaUTest.dir/ArcanaUTest.cpp.o
[ 78%] Linking CXX executable DefineUTest
[ 78%] Built target DefineUTest
[ 78%] Generating SubstitutionUTest.cpp
Scanning dependencies of target SubstitutionUTest
[ 78%] Linking CXX executable BuggyNotUTest
[ 78%] Building CXX object tests/query/CMakeFiles/SubstitutionUTest.dir/SubstitutionUTest.cpp.o
[ 78%] Built target BuggyNotUTest
[ 78%] Generating GetLinkUTest.cpp
Scanning dependencies of target GetLinkUTest
[ 78%] Building CXX object tests/query/CMakeFiles/GetLinkUTest.dir/GetLinkUTest.cpp.o
[ 78%] Linking CXX executable DisconnectedUTest
[ 78%] Linking CXX executable DeepTypeUTest
[ 78%] Built target DisconnectedUTest
[ 78%] Built target DeepTypeUTest
[ 78%] Generating NotLinkUTest.cpp
[ 78%] Linking CXX executable EinsteinUTest
[ 79%] Generating GreaterThanUTest.cpp
Scanning dependencies of target NotLinkUTest
Scanning dependencies of target GreaterThanUTest
[ 80%] Building CXX object tests/query/CMakeFiles/NotLinkUTest.dir/NotLinkUTest.cpp.o
[ 80%] Building CXX object tests/query/CMakeFiles/GreaterThanUTest.dir/GreaterThanUTest.cpp.o
[ 80%] Built target EinsteinUTest
[ 80%] Generating Boolean2NotUTest.cpp
[ 80%] Linking CXX executable MatchLinkUTest
Scanning dependencies of target Boolean2NotUTest
[ 80%] Building CXX object tests/query/CMakeFiles/Boolean2NotUTest.dir/Boolean2NotUTest.cpp.o
[ 80%] Built target MatchLinkUTest
[ 81%] Generating SequenceUTest.cpp
Scanning dependencies of target SequenceUTest
[ 81%] Building CXX object tests/query/CMakeFiles/SequenceUTest.dir/SequenceUTest.cpp.o
[ 81%] Linking CXX executable BiggerPatternUTest
[ 81%] Built target BiggerPatternUTest
[ 81%] Linking CXX executable ArcanaUTest
[ 82%] Generating EvaluationUTest.cpp
Scanning dependencies of target EvaluationUTest
[ 82%] Building CXX object tests/query/CMakeFiles/EvaluationUTest.dir/EvaluationUTest.cpp.o
[ 82%] Built target ArcanaUTest
[ 83%] Generating DontExecUTest.cpp
Scanning dependencies of target DontExecUTest
[ 83%] Building CXX object tests/query/CMakeFiles/DontExecUTest.dir/DontExecUTest.cpp.o
[ 83%] Linking CXX executable SubstitutionUTest
[ 83%] Built target SubstitutionUTest
[ 84%] Generating TypeChoiceUTest.cpp
Scanning dependencies of target TypeChoiceUTest
[ 84%] Building CXX object tests/query/CMakeFiles/TypeChoiceUTest.dir/TypeChoiceUTest.cpp.o
[ 84%] Linking CXX executable GetLinkUTest
[ 84%] Built target GetLinkUTest
[ 84%] Generating GlobUTest.cpp
Scanning dependencies of target GlobUTest
[ 84%] Building CXX object tests/query/CMakeFiles/GlobUTest.dir/GlobUTest.cpp.o
[ 84%] Linking CXX executable GreaterThanUTest
[ 84%] Linking CXX executable NotLinkUTest
[ 84%] Built target GreaterThanUTest
[ 84%] Generating BuggyQuoteUTest.cpp
Scanning dependencies of target BuggyQuoteUTest
[ 84%] Building CXX object tests/query/CMakeFiles/BuggyQuoteUTest.dir/BuggyQuoteUTest.cpp.o
[ 84%] Built target NotLinkUTest
[ 84%] Generating PatternCrashUTest.cpp
Scanning dependencies of target PatternCrashUTest
[ 86%] Building CXX object tests/query/CMakeFiles/PatternCrashUTest.dir/PatternCrashUTest.cpp.o
[ 86%] Linking CXX executable SequenceUTest
[ 86%] Built target SequenceUTest
[ 86%] Generating AbsentUTest.cpp
Scanning dependencies of target AbsentUTest
[ 86%] Building CXX object tests/query/CMakeFiles/AbsentUTest.dir/AbsentUTest.cpp.o
[ 86%] Linking CXX executable Boolean2NotUTest
[ 86%] Built target Boolean2NotUTest
[ 87%] Generating QuoteUTest.cpp
Scanning dependencies of target QuoteUTest
[ 87%] Building CXX object tests/query/CMakeFiles/QuoteUTest.dir/QuoteUTest.cpp.o
[ 87%] Linking CXX executable EvaluationUTest
[ 87%] Built target EvaluationUTest
[ 87%] Generating LocalQuoteUTest.cpp
Scanning dependencies of target LocalQuoteUTest
[ 87%] Building CXX object tests/query/CMakeFiles/LocalQuoteUTest.dir/LocalQuoteUTest.cpp.o
[ 87%] Linking CXX executable DontExecUTest
[ 87%] Built target DontExecUTest
[ 88%] Generating BuggyEqualUTest.cpp
Scanning dependencies of target BuggyEqualUTest
[ 88%] Building CXX object tests/query/CMakeFiles/BuggyEqualUTest.dir/BuggyEqualUTest.cpp.o
[ 88%] Linking CXX executable TypeChoiceUTest
[ 88%] Built target TypeChoiceUTest
[ 89%] Generating BuggySelfGroundUTest.cpp
Scanning dependencies of target BuggySelfGroundUTest
[ 89%] Building CXX object tests/query/CMakeFiles/BuggySelfGroundUTest.dir/BuggySelfGroundUTest.cpp.o
[ 89%] Linking CXX executable GlobUTest
[ 89%] Built target GlobUTest
[ 89%] Generating BuggyBindLinkUTest.cpp
Scanning dependencies of target BuggyBindLinkUTest
[ 89%] Building CXX object tests/query/CMakeFiles/BuggyBindLinkUTest.dir/BuggyBindLinkUTest.cpp.o
[ 89%] Linking CXX executable BuggyQuoteUTest
[ 89%] Built target BuggyQuoteUTest
[ 89%] Generating ChoiceLinkUTest.cpp
Scanning dependencies of target ChoiceLinkUTest
[ 89%] Building CXX object tests/query/CMakeFiles/ChoiceLinkUTest.dir/ChoiceLinkUTest.cpp.o
[ 89%] Linking CXX executable PatternCrashUTest
[ 89%] Built target PatternCrashUTest
[ 90%] Generating SingleUTest.cpp
Scanning dependencies of target SingleUTest
[ 90%] Building CXX object tests/query/CMakeFiles/SingleUTest.dir/SingleUTest.cpp.o
[ 90%] Linking CXX executable AbsentUTest
[ 90%] Built target AbsentUTest
[ 90%] Generating ActionSelectionUTest.cpp
Scanning dependencies of target ActionSelectionUTest
[ 90%] Building CXX object tests/rule-engine/CMakeFiles/ActionSelectionUTest.dir/ActionSelectionUTest.cpp.o
[ 90%] Linking CXX executable BuggyEqualUTest
[ 90%] Linking CXX executable QuoteUTest
[ 90%] Built target BuggyEqualUTest
[ 90%] Built target QuoteUTest
[ 90%] Linking CXX executable LocalQuoteUTest
[ 91%] Generating RuleUTest.cpp
[ 92%] Generating BetaDistributionUTest.cpp
[ 92%] Linking CXX executable BuggySelfGroundUTest
Scanning dependencies of target BetaDistributionUTest
Scanning dependencies of target RuleUTest
[ 92%] Building CXX object tests/rule-engine/CMakeFiles/BetaDistributionUTest.dir/BetaDistributionUTest.cpp.o
[ 92%] Building CXX object tests/rule-engine/CMakeFiles/RuleUTest.dir/RuleUTest.cpp.o
[ 92%] Built target LocalQuoteUTest
[ 92%] Generating UREConfigUTest.cpp
[ 92%] Built target BuggySelfGroundUTest
Scanning dependencies of target UREConfigUTest
[ 92%] Generating ForwardChainerUTest.cpp
[ 92%] Building CXX object tests/rule-engine/CMakeFiles/UREConfigUTest.dir/UREConfigUTest.cpp.o
Scanning dependencies of target ForwardChainerUTest
[ 92%] Building CXX object tests/rule-engine/forwardchainer/CMakeFiles/ForwardChainerUTest.dir/ForwardChainerUTest.cpp.o
[ 92%] Linking CXX executable BuggyBindLinkUTest
[ 92%] Built target BuggyBindLinkUTest
[ 93%] Generating ControlPolicyUTest.cpp
Scanning dependencies of target ControlPolicyUTest
[ 93%] Building CXX object tests/rule-engine/backwardchainer/CMakeFiles/ControlPolicyUTest.dir/ControlPolicyUTest.cpp.o
[ 93%] Linking CXX executable ChoiceLinkUTest
[ 93%] Linking CXX executable SingleUTest
[ 93%] Built target ChoiceLinkUTest
[ 94%] Generating GradientUTest.cpp
Scanning dependencies of target GradientUTest
[ 94%] Building CXX object tests/rule-engine/backwardchainer/CMakeFiles/GradientUTest.dir/GradientUTest.cpp.o
[ 94%] Built target SingleUTest
[ 94%] Generating BITUTest.cpp
Scanning dependencies of target BITUTest
[ 94%] Building CXX object tests/rule-engine/backwardchainer/CMakeFiles/BITUTest.dir/BITUTest.cpp.o
[ 94%] Linking CXX executable UREConfigUTest
[ 94%] Linking CXX executable ActionSelectionUTest
[ 94%] Built target UREConfigUTest
[ 95%] Generating BackwardChainerUTest.cpp
Scanning dependencies of target BackwardChainerUTest
[ 95%] Building CXX object tests/rule-engine/backwardchainer/CMakeFiles/BackwardChainerUTest.dir/BackwardChainerUTest.cpp.o
[ 95%] Built target ActionSelectionUTest
[ 95%] Generating PythonEvalUTest.cpp
Scanning dependencies of target PythonEvalUTest
[ 95%] Building CXX object tests/cython/CMakeFiles/PythonEvalUTest.dir/PythonEvalUTest.cpp.o
[ 95%] Linking CXX executable BetaDistributionUTest
[ 95%] Built target BetaDistributionUTest
[ 96%] Built target backwardchainer_cython
[ 96%] Generating MultiAtomSpaceUTest.cpp
Scanning dependencies of target MultiAtomSpaceUTest
[ 96%] Building CXX object tests/scm/CMakeFiles/MultiAtomSpaceUTest.dir/MultiAtomSpaceUTest.cpp.o
[ 96%] Linking CXX executable ForwardChainerUTest
[ 96%] Linking CXX executable RuleUTest
[ 96%] Built target ForwardChainerUTest
[ 96%] Generating MultiThreadUTest.cpp
[ 96%] Built target RuleUTest
[ 97%] Generating SCMPrimitiveUTest.cpp
[ 97%] Linking CXX executable ControlPolicyUTest
Scanning dependencies of target MultiThreadUTest
[ 97%] Building CXX object tests/scm/CMakeFiles/MultiThreadUTest.dir/MultiThreadUTest.cpp.o
[ 97%] Built target ControlPolicyUTest
Scanning dependencies of target SCMPrimitiveUTest
[ 97%] Building CXX object tests/scm/CMakeFiles/SCMPrimitiveUTest.dir/SCMPrimitiveUTest.cpp.o
[ 97%] Generating BasicSCMUTest.cpp
[ 97%] Linking CXX executable GradientUTest
Scanning dependencies of target BasicSCMUTest
[ 97%] Building CXX object tests/scm/CMakeFiles/BasicSCMUTest.dir/BasicSCMUTest.cpp.o
[ 97%] Built target GradientUTest
[ 97%] Generating SCMUtilsUTest.cpp
Scanning dependencies of target SCMUtilsUTest
[ 97%] Building CXX object tests/scm/CMakeFiles/SCMUtilsUTest.dir/SCMUtilsUTest.cpp.o
[ 97%] Linking CXX executable BITUTest
[ 97%] Built target BITUTest
[ 97%] Generating SCMExecutionOutputUTest.cpp
Scanning dependencies of target SCMExecutionOutputUTest
[ 97%] Building CXX object tests/scm/CMakeFiles/SCMExecutionOutputUTest.dir/SCMExecutionOutputUTest.cpp.o
[ 97%] Linking CXX executable PythonEvalUTest
[ 97%] Built target PythonEvalUTest
[ 98%] Generating PythonUtilitiesUTest.cpp
Scanning dependencies of target PythonUtilitiesUTest
[ 98%] Building CXX object tests/cython/CMakeFiles/PythonUtilitiesUTest.dir/PythonUtilitiesUTest.cpp.o
[ 98%] Linking CXX executable BackwardChainerUTest
[ 98%] Linking CXX executable SCMPrimitiveUTest
[ 98%] Built target BackwardChainerUTest
[ 98%] Built target SCMPrimitiveUTest
[ 98%] Linking CXX executable MultiThreadUTest
[ 98%] Built target MultiThreadUTest
[ 98%] Linking CXX executable MultiAtomSpaceUTest
[ 98%] Linking CXX executable SCMUtilsUTest
[ 98%] Built target MultiAtomSpaceUTest
[ 98%] Built target SCMUtilsUTest
[ 98%] Linking CXX executable BasicSCMUTest
[ 98%] Built target BasicSCMUTest
[ 98%] Linking CXX executable SCMExecutionOutputUTest
[ 98%] Linking CXX executable PythonUtilitiesUTest
[ 98%] Built target SCMExecutionOutputUTest
[ 98%] Built target PythonUtilitiesUTest
Scanning dependencies of target tests
[ 98%] Built target tests
Scanning dependencies of target test
[100%] Running tests...
Test project /home/opencog/atomspace/build/tests
        Start   1: AtomTableUTest
  1/131 Test   #1: AtomTableUTest ...................   Passed    6.97 sec
        Start   2: ClassServerUTest
  2/131 Test   #2: ClassServerUTest .................   Passed    0.00 sec
        Start   3: AtomUTest
  3/131 Test   #3: AtomUTest ........................   Passed    0.00 sec
        Start   4: NodeUTest
  4/131 Test   #4: NodeUTest ........................   Passed    0.00 sec
        Start   5: LinkUTest
  5/131 Test   #5: LinkUTest ........................   Passed    0.00 sec
        Start   6: TLBUTest
  6/131 Test   #6: TLBUTest .........................   Passed    0.00 sec
        Start   7: HashMixUTest
  7/131 Test   #7: HashMixUTest .....................   Passed    1.69 sec
        Start   8: AtomSpaceUTest
  8/131 Test   #8: AtomSpaceUTest ...................   Passed    0.01 sec
        Start   9: AtomSpaceAsyncUTest
  9/131 Test   #9: AtomSpaceAsyncUTest ..............   Passed    7.51 sec
        Start  10: UseCountUTest
 10/131 Test  #10: UseCountUTest ....................   Passed    7.12 sec
        Start  11: MultiSpaceUTest
 11/131 Test  #11: MultiSpaceUTest ..................   Passed    0.00 sec
        Start  12: COWSpaceUTest
 12/131 Test  #12: COWSpaceUTest ....................   Passed    0.00 sec
        Start  13: RemoveUTest
 13/131 Test  #13: RemoveUTest ......................   Passed    0.01 sec
        Start  14: ThreadSafeHandleMapUTest
 14/131 Test  #14: ThreadSafeHandleMapUTest .........   Passed    0.37 sec
        Start  15: FreeLinkUTest
 15/131 Test  #15: FreeLinkUTest ....................   Passed    0.20 sec
        Start  16: MapLinkUTest
 16/131 Test  #16: MapLinkUTest .....................   Passed    1.36 sec
        Start  17: ParallelUTest
 17/131 Test  #17: ParallelUTest ....................   Passed   11.28 sec
        Start  18: RandomUTest
 18/131 Test  #18: RandomUTest ......................   Passed    0.75 sec
        Start  19: ReductUTest
 19/131 Test  #19: ReductUTest ......................   Passed    0.19 sec
        Start  20: RewriteLinkUTest
 20/131 Test  #20: RewriteLinkUTest .................   Passed    0.33 sec
        Start  21: ScopeLinkUTest
 21/131 Test  #21: ScopeLinkUTest ...................   Passed    0.18 sec
        Start  22: PutLinkUTest
 22/131 Test  #22: PutLinkUTest .....................   Passed    1.04 sec
        Start  23: QuotationUTest
 23/131 Test  #23: QuotationUTest ...................   Passed    0.22 sec
        Start  24: HashUTest
 24/131 Test  #24: HashUTest ........................   Passed    1.28 sec
        Start  25: AlphaConvertUTest
 25/131 Test  #25: AlphaConvertUTest ................   Passed    0.02 sec
        Start  26: BetaReduceUTest
 26/131 Test  #26: BetaReduceUTest ..................   Passed    0.01 sec
        Start  27: DefineLinkUTest
 27/131 Test  #27: DefineLinkUTest ..................   Passed    0.08 sec
        Start  28: DeleteLinkUTest
 28/131 Test  #28: DeleteLinkUTest ..................   Passed    0.01 sec
        Start  29: EqualLinkUTest
 29/131 Test  #29: EqualLinkUTest ...................   Passed    0.01 sec
        Start  30: GroundedSchemaLocalUTest
 30/131 Test  #30: GroundedSchemaLocalUTest .........   Passed    0.01 sec
        Start  31: StateLinkUTest
 31/131 Test  #31: StateLinkUTest ...................   Passed    0.01 sec
        Start  32: VariablesUTest
 32/131 Test  #32: VariablesUTest ...................   Passed    0.00 sec
        Start  33: ExistsLinkUTest
 33/131 Test  #33: ExistsLinkUTest ..................   Passed    0.01 sec
        Start  34: ValueOfUTest
 34/131 Test  #34: ValueOfUTest .....................   Passed    0.01 sec
        Start  35: StreamUTest
 35/131 Test  #35: StreamUTest ......................   Passed    0.31 sec
        Start  36: IdenticalLinkUTest
 36/131 Test  #36: IdenticalLinkUTest ...............   Passed    0.01 sec
        Start  37: SimpleTruthValueUTest
 37/131 Test  #37: SimpleTruthValueUTest ............   Passed    0.01 sec
        Start  38: EvidenceCountTruthValueUTest
 38/131 Test  #38: EvidenceCountTruthValueUTest .....   Passed    0.00 sec
        Start  39: TVMergeUTest
 39/131 Test  #39: TVMergeUTest .....................   Passed    0.00 sec
        Start  40: AtomUtilsUTest
 40/131 Test  #40: AtomUtilsUTest ...................   Passed    0.00 sec
        Start  41: FindUtilsUTest
 41/131 Test  #41: FindUtilsUTest ...................   Passed    0.00 sec
        Start  42: FuzzyUTest
 42/131 Test  #42: FuzzyUTest .......................   Passed    0.01 sec
        Start  43: NeighborUTest
 43/131 Test  #43: NeighborUTest ....................   Passed    0.01 sec
        Start  44: UnifyUTest
 44/131 Test  #44: UnifyUTest .......................   Passed    8.42 sec
        Start  45: AtomSpaceUtilsUTest
 45/131 Test  #45: AtomSpaceUtilsUTest ..............   Passed    0.00 sec
        Start  46: AttentionValueUTest
 46/131 Test  #46: AttentionValueUTest ..............   Passed    0.02 sec
        Start  47: AttentionUTest
 47/131 Test  #47: AttentionUTest ...................   Passed    0.07 sec
        Start  48: BankImplUTest
 48/131 Test  #48: BankImplUTest ....................   Passed    0.01 sec
        Start  49: BankAsyncUTest
 49/131 Test  #49: BankAsyncUTest ...................   Passed    0.01 sec
        Start  50: AttentionalFocusCBUTest
 50/131 Test  #50: AttentionalFocusCBUTest ..........   Passed    0.40 sec
        Start  51: GearmanUTest
 51/131 Test  #51: GearmanUTest .....................   Passed    2.33 sec
        Start  52: BasicSCMUTest
 52/131 Test  #52: BasicSCMUTest ....................   Passed    0.94 sec
        Start  53: SCMPrimitiveUTest
 53/131 Test  #53: SCMPrimitiveUTest ................   Passed    0.47 sec
        Start  54: MultiAtomSpaceUTest
 54/131 Test  #54: MultiAtomSpaceUTest ..............   Passed    1.26 sec
        Start  55: MultiThreadUTest
 55/131 Test  #55: MultiThreadUTest .................   Passed    3.97 sec
        Start  56: SCMUtilsUTest
 56/131 Test  #56: SCMUtilsUTest ....................   Passed    0.35 sec
        Start  57: SCMExecutionOutputUTest
 57/131 Test  #57: SCMExecutionOutputUTest ..........   Passed    0.27 sec
        Start  58: SCMOpencogTestRunnerPass
 58/131 Test  #58: SCMOpencogTestRunnerPass .........   Passed    0.59 sec
        Start  59: SCMOpencogTestRunnerFail
 59/131 Test  #59: SCMOpencogTestRunnerFail .........   Passed    0.36 sec
        Start  60: SCMOpenogPython
 60/131 Test  #60: SCMOpenogPython ..................   Passed    0.44 sec
        Start  61: VectorAPIUTest
 61/131 Test  #61: VectorAPIUTest ...................***Failed    5.24 sec
Running cxxtest tests (6 tests);;; note: auto-compilation is enabled, set GUILE_AUTO_COMPILE=0
;;;       or pass the --no-auto-compile argument to disable.
;;; compiling ../../../tests/matrix/basic-api.scm
;;; compiling /home/opencog/atomspace/build/opencog/scm/opencog/persist.scm
;;; compiled /home/jenkins/.cache/guile/ccache/2.2-LE-8-3.A/home/opencog/atomspace/build/opencog/scm/opencog/persist.scm.go
;;; compiling /home/opencog/atomspace/build/opencog/scm/opencog/matrix.scm
;;; compiled /home/jenkins/.cache/guile/ccache/2.2-LE-8-3.A/home/opencog/atomspace/build/opencog/scm/opencog/matrix.scm.go
;;; compiling /home/opencog/atomspace/build/opencog/scm/opencog/matrix/object-api.scm
;;; compiling /home/opencog/atomspace/build/opencog/scm/opencog/exec.scm
;;; compiled /home/jenkins/.cache/guile/ccache/2.2-LE-8-3.A/home/opencog/atomspace/build/opencog/scm/opencog/exec.scm.go
;;; compiled /home/jenkins/.cache/guile/ccache/2.2-LE-8-3.A/home/opencog/atomspace/build/opencog/scm/opencog/matrix/object-api.scm.go
;;; compiling /home/opencog/atomspace/build/opencog/scm/opencog/matrix/dynamic.scm
;;; compiled /home/jenkins/.cache/guile/ccache/2.2-LE-8-3.A/home/opencog/atomspace/build/opencog/scm/opencog/matrix/dynamic.scm.go
;;; compiling /home/opencog/atomspace/build/opencog/scm/opencog/matrix/support.scm
;;; compiled /home/jenkins/.cache/guile/ccache/2.2-LE-8-3.A/home/opencog/atomspace/build/opencog/scm/opencog/matrix/support.scm.go
;;; compiling /home/opencog/atomspace/build/opencog/scm/opencog/matrix/transpose.scm
;;; compiled /home/jenkins/.cache/guile/ccache/2.2-LE-8-3.A/home/opencog/atomspace/build/opencog/scm/opencog/matrix/transpose.scm.go
;;; compiling /home/opencog/atomspace/build/opencog/scm/opencog/matrix/report-api.scm
;;; compiled /home/jenkins/.cache/guile/ccache/2.2-LE-8-3.A/home/opencog/atomspace/build/opencog/scm/opencog/matrix/report-api.scm.go
;;; compiling /home/opencog/atomspace/build/opencog/scm/opencog/matrix/fold-api.scm
;;; compiled /home/jenkins/.cache/guile/ccache/2.2-LE-8-3.A/home/opencog/atomspace/build/opencog/scm/opencog/matrix/fold-api.scm.go
;;; compiling /home/opencog/atomspace/build/opencog/scm/opencog/matrix/loop-api.scm
;;; compiled /home/jenkins/.cache/guile/ccache/2.2-LE-8-3.A/home/opencog/atomspace/build/opencog/scm/opencog/matrix/loop-api.scm.go
;;; compiling /home/opencog/atomspace/build/opencog/scm/opencog/matrix/bin-count.scm
;;; compiled /home/jenkins/.cache/guile/ccache/2.2-LE-8-3.A/home/opencog/atomspace/build/opencog/scm/opencog/matrix/bin-count.scm.go
;;; compiling /home/opencog/atomspace/build/opencog/scm/opencog/matrix/symmetric-mi.scm
;;; compiled /home/jenkins/.cache/guile/ccache/2.2-LE-8-3.A/home/opencog/atomspace/build/opencog/scm/opencog/matrix/symmetric-mi.scm.go
;;; compiling /home/opencog/atomspace/build/opencog/scm/opencog/matrix/cosine.scm
;;; compiled /home/jenkins/.cache/guile/ccache/2.2-LE-8-3.A/home/opencog/atomspace/build/opencog/scm/opencog/matrix/cosine.scm.go
;;; compiling /home/opencog/atomspace/build/opencog/scm/opencog/matrix/entropy.scm
;;; compiled /home/jenkins/.cache/guile/ccache/2.2-LE-8-3.A/home/opencog/atomspace/build/opencog/scm/opencog/matrix/entropy.scm.go
;;; compiling /home/opencog/atomspace/build/opencog/scm/opencog/matrix/compute-mi.scm
;;; compiled /home/jenkins/.cache/guile/ccache/2.2-LE-8-3.A/home/opencog/atomspace/build/opencog/scm/opencog/matrix/compute-mi.scm.go
;;; compiling /home/opencog/atomspace/build/opencog/scm/opencog/matrix/trans-batch.scm
;;; compiled /home/jenkins/.cache/guile/ccache/2.2-LE-8-3.A/home/opencog/atomspace/build/opencog/scm/opencog/matrix/trans-batch.scm.go
;;; compiling /home/opencog/atomspace/build/opencog/scm/opencog/matrix/filter.scm
;;; opencog/matrix/filter.scm:129:28: warning: possibly unbound variable `PAIR'
;;; compiled /home/jenkins/.cache/guile/ccache/2.2-LE-8-3.A/home/opencog/atomspace/build/opencog/scm/opencog/matrix/filter.scm.go
;;; compiling /home/opencog/atomspace/build/opencog/scm/opencog/matrix/similarity-api.scm
;;; compiled [2019-01-19 06:22:18:875] [DEBUG] BEGIN TEST: test_basic
Load of data >>>
Got >>>#t
Got >>>#t
[2019-01-19 06:22:18:915] [DEBUG] END TEST: test_basic
.[2019-01-19 06:22:18:918] [DEBUG] BEGIN TEST: test_marginals
Load of data >>>
[2019-01-19 06:22:18:954] [ERROR] Cannot connect to database: could not connect to server: No such file or directory
	Is the server running locally and accepting
	connections on Unix domain socket "/var/run/postgresql/.s.PGSQL.5432"?
 (/home/opencog/atomspace/opencog/persist/sql/multi-driver/ll-pg-cxx.cc:54)
	Stack Trace:
	2: Logger.cc:513	  opencog::Logger::logva(opencog::Logger::Level, char const*, __va_list_tag*)
	3: Logger.cc:525	  opencog::Logger::Error::operator()(char const*, ...)
	4: exceptions.cc:55	  opencog::StandardException::parse_error_message(char const*, __va_list_tag*, bool)
	5: exceptions.cc:82	  opencog::StandardException::parse_error_message(char const*, char const*, __va_list_tag*, bool)
	6: exceptions.cc:142	  opencog::RuntimeException::RuntimeException(char const*, char const*, ...)
	7: ll-pg-cxx.cc:55	  LLPGConnection::LLPGConnection(char const*)
	8: SQLAtomStorage.cc:106	  opencog::SQLAtomStorage::init(char const*)
	9: SQLAtomStorage.cc:161	  opencog::SQLAtomStorage::SQLAtomStorage(std::__cxx11::basic_string<char, std::char_traits<char>, std::allocator<char> >)
	10: SQLPersistSCM.cc:98	  opencog::SQLPersistSCM::do_open(std::__cxx11::basic_string<char, std::char_traits<char>, std::allocator<char> > const&)
	11: SchemePrimitive.h:315	  void opencog::SchemePrimitiveBase<void, opencog::SQLPersistSCM, std::__cxx11::basic_string<char, std::char_traits<char>, std::allocator<char> > const&>::conv_call_method<0ul>(scm_unused_struct*, std::integer_sequence<unsigned long, 0ul>)
	12: SchemePrimitive.cc:162	  opencog::PrimitiveEnviron::do_call(scm_unused_struct*, scm_unused_struct*)
	13: vm-engine.c:787	vm_regular_engine()
	14: vm.c:1258	scm_call_n()
	15: eval.c:502	scm_call_3()
	16: vm-engine.c:787	vm_regular_engine()
	17: vm.c:1258	scm_call_n()
	18: throw.c:139	catch()
	19: SchemeEval.cc:590	  opencog::SchemeEval::do_eval(std::__cxx11::basic_string<char, std::char_traits<char>, std::allocator<char> > const&)
	20: SchemeEval.cc:509	  opencog::SchemeEval::c_wrap_eval(void*)
	21: continuations.c:422	c_body()
	22: vm-engine.c:787	vm_regular_engine()
	23: vm.c:1258	scm_call_n()
	24: throw.c:139	catch()
	25: continuations.c:367	scm_i_with_continuation_barrier()
	26: continuations.c:461	scm_c_with_continuation_barrier()
	27: [0x21c97] ??() ??:0
	28: threads.c:690	with_guile()
	29: [0x1bc62] ??() ??:0
	30: threads.c:711	scm_with_guile()
	31: SchemeEval.cc:480	  opencog::SchemeEval::eval_expr(std::__cxx11::basic_string<char, std::char_traits<char>, std::allocator<char> > const&)
	32: SchemeEval.h:161	  opencog::SchemeEval::eval(std::__cxx11::basic_string<char, std::char_traits<char>, std::allocator<char> > const&)
	33: basic_string.h:589	  std::__cxx11::basic_string<char, std::char_traits<char>, std::allocator<char> >::operator=(std::__cxx11::basic_string<char, std::char_traits<char>, std::allocator<char> >&&)
	34: RealDescriptions.cpp:125	  CxxTest::RealTestDescription::run()
	35: TestRunner.h:104	  CxxTest::TestRunner::runTest(CxxTest::TestDescription&)
	36: VectorAPIUTest.cpp:20	main()
	37: [0x20830] ??() ??:0
	38: [0x40c2a9] ??() ??:0


In VectorAPIUTest::test_marginals:
/home/opencog/atomspace/build/tests/matrix/../../../tests/matrix/VectorAPIUTest.cxxtest:176: Error: Test failed: Caught scm error during eval
/home/opencog/atomspace/build/tests/matrix/../../../tests/matrix/VectorAPIUTest.cxxtest:176: Error: Assertion failed: (false == eval->eval_error())
[2019-01-19 06:22:19:076] [ERROR] No backing store (/home/opencog/atomspace/opencog/atomspace/AtomSpace.cc:335)
	Stack Trace:
	2: Logger.cc:513	  opencog::Logger::logva(opencog::Logger::Level, char const*, __va_list_tag*)
	3: Logger.cc:525	  opencog::Logger::Error::operator()(char const*, ...)
	4: exceptions.cc:55	  opencog::StandardException::parse_error_message(char const*, __va_list_tag*, bool)
	5: exceptions.cc:82	  opencog::StandardException::parse_error_message(char const*, char const*, __va_list_tag*, bool)
	6: exceptions.cc:142	  opencog::RuntimeException::RuntimeException(char const*, char const*, ...)
	7: AtomSpace.cc:338	  opencog::AtomSpace::store_atom(opencog::Handle const&)
	8: shared_ptr_base.h:923	  std::__shared_ptr<opencog::Atom, (__gnu_cxx::_Lock_policy)2>::__shared_ptr(std::__shared_ptr<opencog::Atom, (__gnu_cxx::_Lock_policy)2> const&)
	9: shared_ptr_base.h:658	  std::__shared_count<(__gnu_cxx::_Lock_policy)2>::~__shared_count()
	10: SchemePrimitive.cc:162	  opencog::PrimitiveEnviron::do_call(scm_unused_struct*, scm_unused_struct*)
	11: vm-engine.c:787	vm_regular_engine()
	12: vm.c:1258	scm_call_n()
	13: eval.c:502	scm_call_3()
	14: vm-engine.c:787	vm_regular_engine()
	15: vm.c:1258	scm_call_n()
	16: throw.c:139	catch()
	17: SchemeEval.cc:590	  opencog::SchemeEval::do_eval(std::__cxx11::basic_string<char, std::char_traits<char>, std::allocator<char> > const&)
	18: SchemeEval.cc:509	  opencog::SchemeEval::c_wrap_eval(void*)
	19: continuations.c:422	c_body()
	20: vm-engine.c:787	vm_regular_engine()
	21: vm.c:1258	scm_call_n()
	22: throw.c:139	catch()
	23: continuations.c:367	scm_i_with_continuation_barrier()
	24: continuations.c:461	scm_c_with_continuation_barrier()
	25: [0x21c97] ??() ??:0
	26: threads.c:690	with_guile()
	27: [0x1bc62] ??() ??:0
	28: threads.c:711	scm_with_guile()
	29: SchemeEval.cc:480	  opencog::SchemeEval::eval_expr(std::__cxx11::basic_string<char, std::char_traits<char>, std::allocator<char> > const&)
	30: SchemeEval.h:161	  opencog::SchemeEval::eval(std::__cxx11::basic_string<char, std::char_traits<char>, std::allocator<char> > const&)
	31: basic_string.h:589	  std::__cxx11::basic_string<char, std::char_traits<char>, std::allocator<char> >::operator=(std::__cxx11::basic_string<char, std::char_traits<char>, std::allocator<char> >&&)
	32: RealDescriptions.cpp:125	  CxxTest::RealTestDescription::run()
	33: TestRunner.h:104	  CxxTest::TestRunner::runTest(CxxTest::TestDescription&)
	34: VectorAPIUTest.cpp:20	main()
	35: [0x20830] ??() ??:0
	36: [0x40c2a9] ??() ??:0

Batch >>>Start computing the basis
Support: found num left= 3 num right= 4 in 0 secs
Finished left norm marginals in 0 secs
Finished left totals in 0 secs
Finished right norm marginals in 0 secs
Finished right totals in 0 secs
Done with wild-card count N(x,*) and N(*,y) in 0 secs
Total count N(*,*) = 22.0 = 22.0
Finished column (left) norm averages in 0 secs
Finished row (right) norm averages in 0 secs
Going to do individual pair frequencies
Done computing 7 pairs in 0 secs
Start computing log P(*,y)
Done computing 4 left-wilds in 0 secs
Done with -log P(*,y), start -log P(x,*)
Done computing 3 right-wilds in 0 secs
Backtrace:
           8 (apply-smob/1 #<catch-closure 1a10c60>)
           7 (apply-smob/1 #<catch-closure 1a10b60>)
In ice-9/boot-9.scm:
   2312:4  6 (save-module-excursion #<procedure 1a0b800 at ice-9/eva…>)
In ice-9/eval-string.scm:
     38:6  5 (read-and-eval #<input: string 19f4380> #:lang _)
In opencog/matrix/compute-mi.scm:
    577:8  4 (batch-all-pair-mi _)
   427:24  3 (_ _ . _)
In unknown file:
           2 (opencog-extension store-atom (#))
In ice-9/boot-9.scm:
   751:25  1 (dispatch-exception 0 C++-EXCEPTION ("store-atom" "No…"))
In unknown file:
           0 (apply-smob/1 #<catch-closure 1a10b20> C++-EXCEPTION "…" …)

ERROR: In procedure apply-smob/1:
In procedure store-atom: No backing store (/home/opencog/atomspace/opencog/atomspace/AtomSpace.cc:335)
Function args:
((EvaluationLink (ctv 0 0 22)
   (PredicateNode "foo")
   (ListLink
      (AnyNode "left-wild")
      (AnyNode "right-wild")
   )
)
)
ABORT: C++-EXCEPTION
/home/opencog/atomspace/build/tests/matrix/../../../tests/matrix/VectorAPIUTest.cxxtest:181: Error: Test failed: Caught scm error during eval
/home/opencog/atomspace/build/tests/matrix/../../../tests/matrix/VectorAPIUTest.cxxtest:181: Error: Assertion failed: (false == eval->eval_error())
[2019-01-19 06:22:19:177] [ERROR] sql-close: Error: Database not open (/home/opencog/atomspace/opencog/persist/sql/multi-driver/SQLPersistSCM.cc:118)
	Stack Trace:
	2: Logger.cc:513	  opencog::Logger::logva(opencog::Logger::Level, char const*, __va_list_tag*)
	3: Logger.cc:525	  opencog::Logger::Error::operator()(char const*, ...)
	4: exceptions.cc:55	  opencog::StandardException::parse_error_message(char const*, __va_list_tag*, bool)
	5: exceptions.cc:82	  opencog::StandardException::parse_error_message(char const*, char const*, __va_list_tag*, bool)
	6: exceptions.cc:142	  opencog::RuntimeException::RuntimeException(char const*, char const*, ...)
	7: SQLPersistSCM.cc:119	  opencog::SQLPersistSCM::do_close()
	8: SchemePrimitive.h:433	  opencog::SchemePrimitive<void, opencog::SQLPersistSCM>::invoke(scm_unused_struct*)
	9: SchemePrimitive.cc:162	  opencog::PrimitiveEnviron::do_call(scm_unused_struct*, scm_unused_struct*)
	10: vm-engine.c:787	vm_regular_engine()
	11: vm.c:1258	scm_call_n()
	12: eval.c:502	scm_call_3()
	13: vm-engine.c:787	vm_regular_engine()
	14: vm.c:1258	scm_call_n()
	15: throw.c:139	catch()
	16: SchemeEval.cc:590	  opencog::SchemeEval::do_eval(std::__cxx11::basic_string<char, std::char_traits<char>, std::allocator<char> > const&)
	17: SchemeEval.cc:509	  opencog::SchemeEval::c_wrap_eval(void*)
	18: continuations.c:422	c_body()
	19: vm-engine.c:787	vm_regular_engine()
	20: vm.c:1258	scm_call_n()
	21: throw.c:139	catch()
	22: continuations.c:367	scm_i_with_continuation_barrier()
	23: continuations.c:461	scm_c_with_continuation_barrier()
	24: [0x21c97] ??() ??:0
	25: threads.c:690	with_guile()
	26: [0x1bc62] ??() ??:0
	27: threads.c:711	scm_with_guile()
	28: SchemeEval.cc:480	  opencog::SchemeEval::eval_expr(std::__cxx11::basic_string<char, std::char_traits<char>, std::allocator<char> > const&)
	29: SchemeEval.h:161	  opencog::SchemeEval::eval(std::__cxx11::basic_string<char, std::char_traits<char>, std::allocator<char> > const&)
	30: basic_string.h:589	  std::__cxx11::basic_string<char, std::char_traits<char>, std::allocator<char> >::operator=(std::__cxx11::basic_string<char, std::char_traits<char>, std::allocator<char> >&&)
	31: RealDescriptions.cpp:125	  CxxTest::RealTestDescription::run()
	32: TestRunner.h:104	  CxxTest::TestRunner::runTest(CxxTest::TestDescription&)
	33: VectorAPIUTest.cpp:20	main()
	34: [0x20830] ??() ??:0
	35: [0x40c2a9] ??() ??:0

/home/opencog/atomspace/build/tests/matrix/../../../tests/matrix/VectorAPIUTest.cxxtest:184: Error: Test failed: Caught scm error during eval
/home/opencog/atomspace/build/tests/matrix/../../../tests/matrix/VectorAPIUTest.cxxtest:184: Error: Assertion failed: (false == eval->eval_error())
---------------------------------------------------------
Expect Left size=3 got=3
Expect Right size=4 got=4
Expect Wild-wild count=22 got=22.0
Expect chicken stars=3 got=3
Expect dog stars=3 got=3
Expect table stars=1 got=1
Expect legs stars=3 got=3
Expect eyes stars=2 got=2
Expect wings stars=1 got=1
Expect snouts stars=1 got=1
---------------------------------------------------------
Expect chicken support=3 got=3.0
Expect dog support=3 got=3.0
Expect table support=1 got=1.0
Expect legs support=3 got=3.0
Expect eyes support=2 got=2.0
Expect wings support=1 got=1.0
Expect snouts support=1 got=1.0
---------------------------------------------------------
Expect chicken count=11 got=11.0
Expect dog count=7 got=7.0
Expect table count=4 got=4.0
Expect legs count=11 got=11.0
Expect eyes count=4 got=4.0
Expect wings count=6 got=6.0
Expect snouts count=1 got=1.0
---------------------------------------------------------
Expect chicken support set size=3 got=3
Expect chicken support=3 got=3
Expect dog support=3 got=3
Expect table support=1 got=1
Expect legs stars=3 got=3
Expect wings stars=1 got=1
Expect eyes stars=2 got=2
Expect snouts stars=1 got=1
Expect total support left=7 got=7.0
Expect total support right=7 got=7.0
Expect total count left=22 got=22.0
Expect total count right=22 got=22.0
---------------------------------------------------------
Expect chicken wild-freq=0.500000 got=0.5
Expect dog wild-freq=0.318182 got=0.3181818181818182
Expect table wild-freq=0.181818 got=0.18181818181818182
---------------------------------------------------------
Expect total right support=2.636364 got=2.6363636363636362
Expect total left support=2.181818 got=2.1818181818181817
Expect total right count=8.454545 got=8.454545454545455
Expect total left count=7.909091 got=7.909090909090909
---------------------------------------------------------
Expect left dimension=3 got=3
Expect right dimension=4 got=4
Expect num-pairs=7 got=7
Expect total-count=22 got=22.0
Expect report right support=2.636364 got=2.6363636363636362
Expect report left support=2.181818 got=2.1818181818181817
Expect report right count=8.454545 got=8.454545454545455
Expect report left count=7.909091 got=7.909090909090909
---------------------------------------------------------
Expect chicken wild-mi=0.153481 got=Backtrace:
           6 (apply-smob/1 #<catch-closure 197ada0>)
           5 (apply-smob/1 #<catch-closure 197aca0>)
In ice-9/boot-9.scm:
   2312:4  4 (save-module-excursion #<procedure 194f5a0 at ice-9/eva…>)
In ice-9/eval-string.scm:
     38:6  3 (read-and-eval #<input: string 1c49690> #:lang _)
In unknown file:
           2 (scm-error misc-error #f "~A ~S" ("No such value! D…" …) …)
In ice-9/boot-9.scm:
   751:25  1 (dispatch-exception 0 misc-error (#f "~A ~S" ("No…" …) …))
In unknown file:
           0 (apply-smob/1 #<catch-closure 197ac60> misc-error #f "…" …)

ERROR: In procedure apply-smob/1:
No such value! Did you forget to compute frequencies?
 (EvaluationLink
   (PredicateNode "foo")
   (ListLink
      (WordNode "chicken")
      (AnyNode "right-wild")
   )
)

ABORT: misc-error
/home/opencog/atomspace/build/tests/matrix/../../../tests/matrix/VectorAPIUTest.cxxtest:373: Error: Test failed: Caught scm error during eval
/home/opencog/atomspace/build/tests/matrix/../../../tests/matrix/VectorAPIUTest.cxxtest:373: Error: Assertion failed: (false == eval->eval_error())
/home/opencog/atomspace/build/tests/matrix/../../../tests/matrix/VectorAPIUTest.cxxtest:373: Error: Test failed: chicken wild-mi
/home/opencog/atomspace/build/tests/matrix/../../../tests/matrix/VectorAPIUTest.cxxtest:373: Error: Expected (chmi-1.0e-9 < atof(num.c_str())), found (0.1534 >= 0.0000)
Expect dog wild-mi=0.169400 got=Backtrace:
           6 (apply-smob/1 #<catch-closure 1d06100>)
           5 (apply-smob/1 #<catch-closure 1d06000>)
In ice-9/boot-9.scm:
   2312:4  4 (save-module-excursion #<procedure 22b70a0 at ice-9/eva…>)
In ice-9/eval-string.scm:
     38:6  3 (read-and-eval #<input: string 23093f0> #:lang _)
In unknown file:
           2 (scm-error misc-error #f "~A ~S" ("No such value! D…" …) …)
In ice-9/boot-9.scm:
   751:25  1 (dispatch-exception 0 misc-error (#f "~A ~S" ("No…" …) …))
In unknown file:
           0 (apply-smob/1 #<catch-closure 199ffc0> misc-error #f "…" …)

ERROR: In procedure apply-smob/1:
No such value! Did you forget to compute frequencies?
 (EvaluationLink
   (PredicateNode "foo")
   (ListLink
      (WordNode "dog")
      (AnyNode "right-wild")
   )
)

ABORT: misc-error
/home/opencog/atomspace/build/tests/matrix/../../../tests/matrix/VectorAPIUTest.cxxtest:383: Error: Test failed: Caught scm error during eval
/home/opencog/atomspace/build/tests/matrix/../../../tests/matrix/VectorAPIUTest.cxxtest:383: Error: Assertion failed: (false == eval->eval_error())
/home/opencog/atomspace/build/tests/matrix/../../../tests/matrix/VectorAPIUTest.cxxtest:383: Error: Test failed: dog wild-mi
/home/opencog/atomspace/build/tests/matrix/../../../tests/matrix/VectorAPIUTest.cxxtest:383: Error: Expected (domi-1.0e-9 < atof(num.c_str())), found (0.1694 >= 0.0000)
Expect table wild-mi=0.181818 got=Backtrace:
           6 (apply-smob/1 #<catch-closure 1779aa0>)
           5 (apply-smob/1 #<catch-closure 17799a0>)
In ice-9/boot-9.scm:
   2312:4  4 (save-module-excursion #<procedure 197c7a0 at ice-9/eva…>)
In ice-9/eval-string.scm:
     38:6  3 (read-and-eval #<input: string 23f0150> #:lang _)
In unknown file:
           2 (scm-error misc-error #f "~A ~S" ("No such value! D…" …) …)
In ice-9/boot-9.scm:
   751:25  1 (dispatch-exception 0 misc-error (#f "~A ~S" ("No…" …) …))
In unknown file:
           0 (apply-smob/1 #<catch-closure 1779960> misc-error #f "…" …)

ERROR: In procedure apply-smob/1:
No such value! Did you forget to compute frequencies?
 (EvaluationLink
   (PredicateNode "foo")
   (ListLink
      (WordNode "table")
      (AnyNode "right-wild")
   )
)

ABORT: misc-error
/home/opencog/atomspace/build/tests/matrix/../../../tests/matrix/VectorAPIUTest.cxxtest:393: Error: Test failed: Caught scm error during eval
/home/opencog/atomspace/build/tests/matrix/../../../tests/matrix/VectorAPIUTest.cxxtest:393: Error: Assertion failed: (false == eval->eval_error())
/home/opencog/atomspace/build/tests/matrix/../../../tests/matrix/VectorAPIUTest.cxxtest:393: Error: Test failed: table wild-mi
/home/opencog/atomspace/build/tests/matrix/../../../tests/matrix/VectorAPIUTest.cxxtest:393: Error: Expected (tami-1.0e-9 < atof(num.c_str())), found (0.1818 >= 0.0000)
Expect report total mi=0.504700 got=Backtrace:
           6 (apply-smob/1 #<catch-closure 1ca13c0>)
           5 (apply-smob/1 #<catch-closure 1ca12c0>)
In ice-9/boot-9.scm:
   2312:4  4 (save-module-excursion #<procedure 1a74f20 at ice-9/eva…>)
In ice-9/eval-string.scm:
     38:6  3 (read-and-eval #<input: string 1a75e70> #:lang _)
In unknown file:
           2 (cog-value-ref () 0)
In ice-9/boot-9.scm:
   751:25  1 (dispatch-exception 0 wrong-type-arg ("cog-value-ref" …))
In unknown file:
           0 (apply-smob/1 #<catch-closure 1ca1280> wrong-type-arg # …)

ERROR: In procedure apply-smob/1:
In procedure cog-value-ref: Wrong type argument in position 1 (expecting opencog value): ()
ABORT: wrong-type-arg
/home/opencog/atomspace/build/tests/matrix/../../../tests/matrix/VectorAPIUTest.cxxtest:396: Error: Test failed: Caught scm error during eval
/home/opencog/atomspace/build/tests/matrix/../../../tests/matrix/VectorAPIUTest.cxxtest:396: Error: Assertion failed: (false == eval->eval_error())
/home/opencog/atomspace/build/tests/matrix/../../../tests/matrix/VectorAPIUTest.cxxtest:396: Error: Test failed: report total mi
/home/opencog/atomspace/build/tests/matrix/../../../tests/matrix/VectorAPIUTest.cxxtest:396: Error: Expected (chmi+domi+tami-1.0e-9 < atof(num.c_str())), found (0.5047 >= 0.0000)
[2019-01-19 06:22:19:308] [DEBUG] END TEST: test_marginals
[2019-01-19 06:22:19:311] [DEBUG] BEGIN TEST: test_cosines
Load of data >>>
Expect product (table,dog)=16.000000 got=16.0
Expect cosine (table,dog)=0.872872 got=0.8728715609439696
Expect product (chicken,table)=12.000000 got=12.0
Expect cosine (chicken,table)=0.428571 got=0.42857142857142855
Expect product (chicken,dog)=16.000000 got=16.0
Expect cosine (chicken,dog)=0.498784 got=0.4987837491108398
[2019-01-19 06:22:19:313] [DEBUG] END TEST: test_cosines
.[2019-01-19 06:22:19:316] [DEBUG] BEGIN TEST: test_fold
Load of data >>>
Expect length (table - dog)=2.236068 got=2.23606797749979
Expect length (chicken - dog)=6.164414 got=6.164414002968976
[2019-01-19 06:22:19:316] [DEBUG] END TEST: test_fold
.[2019-01-19 06:22:19:319] [DEBUG] BEGIN TEST: test_transpose
Load of data >>>
Support compute >>>Finished left norm marginals in 0 secs
Finished left totals in 0 secs
Finished right norm marginals in 0 secs
Finished right totals in 0 secs
#t
Transpose compute >>>Finished mmt norm marginals in 0 secs
Finished mmt totals in 0 secs
Finished mtm norm marginals in 0 secs
Finished mtm totals in 0 secs
#t
Expect mmt chicken =77.000000 got=77.0
Expect mmt dog =53.000000 got=53.0
Expect mmt table =44.000000 got=44.0
Expect mtm legs =77.000000 got=77.0
Expect mtm eyes =36.000000 got=36.0
Expect mtm wings =66.000000 got=66.0
Expect mtm snouts =7.000000 got=7.0
Expect api mmt chicken =77.000000 got=77.0
Expect api mmt dog =53.000000 got=53.0
Expect api mmt table =44.000000 got=44.0
Expect api mtm legs =77.000000 got=77.0
Expect api mtm eyes =36.000000 got=36.0
Expect api mtm wings =66.000000 got=66.0
Expect api mtm snouts =7.000000 got=7.0
Expect total-mmt =174.000000 got=174.0
Expect total-mtm =186.000000 got=186.0
Expect total-mmt =174.000000 got=174.0
Expect total-mtm =186.000000 got=186.0
[2019-01-19 06:22:19:323] [DEBUG] END TEST: test_transpose
.[2019-01-19 06:22:19:326] [DEBUG] BEGIN TEST: test_symmetric_mi
Load of data >>>
Support compute >>>Finished left norm marginals in 0 secs
Finished left totals in 0 secs
Finished right norm marginals in 0 secs
Finished right totals in 0 secs
#t
Transpose compute >>>Finished mmt norm marginals in 0 secs
Finished mmt totals in 0 secs
Finished mtm norm marginals in 0 secs
Finished mtm totals in 0 secs
#t
Expect chicken-dog fmi=-0.551763 got=-0.5517634994093722
Expect chicken-dog fmi again=-0.551763 got=-0.5517634994093722
Expect chicken-table fmi=-0.698312 got=-0.6983121627623141
Expect dog-table fmi=0.255591 got=0.25559142264823176
Expect chicken-chicken fmi=0.524080 got=0.5240802585741339
Expect dog-dog fmi=0.379420 got=0.3794200095010901
Expect table-table fmi=0.524080 got=0.5240802585741339
Expect wings-eyes fmi=-0.090198 got=-0.09019780897157814
Expect eyes-wings=-0.090198 got=-0.09019780897157814
Expect wings-eyes fmi=-0.090198 got=-0.09019780897157814
Expect eyes-legs fmi=-0.090198 got=-0.09019780897157814
Expect eyes-snouts fmi=0.561879 got=0.561878887608115
Expect wings-wings fmi=0.620296 got=0.6202955738334369
Expect wings-legs fmi=-0.602097 got=-0.6020968475030112
Expect legs-legs fmi=0.363138 got=0.36313773433631225
Expect legs-snouts fmi=0.465017 got=0.465017348355526
Expect snouts-snouts fmi=1.924449 got=1.9244489669928233
[2019-01-19 06:22:19:337] [DEBUG] END TEST: test_symmetric_mi
.
Failed 1 and Skipped 0 of 6 tests
Success rate: 83%
/home/jenkins/.cache/guile/ccache/2.2-LE-8-3.A/home/opencog/atomspace/build/opencog/scm/opencog/matrix/similarity-api.scm.go
;;; compiling /home/opencog/atomspace/build/opencog/scm/opencog/matrix/thresh-pca.scm
;;; compiled /home/jenkins/.cache/guile/ccache/2.2-LE-8-3.A/home/opencog/atomspace/build/opencog/scm/opencog/matrix/thresh-pca.scm.go
;;; compiled /home/jenkins/.cache/guile/ccache/2.2-LE-8-3.A/home/opencog/atomspace/tests/matrix/basic-api.scm.go
;;; compiling ../../../tests/matrix/basic-data.scm
;;; compiled /home/jenkins/.cache/guile/ccache/2.2-LE-8-3.A/home/opencog/atomspace/tests/matrix/basic-data.scm.go
;;; compiling /home/opencog/atomspace/build/opencog/scm/opencog/persist-sql.scm
;;; compiled /home/jenkins/.cache/guile/ccache/2.2-LE-8-3.A/home/opencog/atomspace/build/opencog/scm/opencog/persist-sql.scm.go

        Start  62: PatternUTest
 62/131 Test  #62: PatternUTest .....................   Passed    0.01 sec
        Start  63: StackUTest
 63/131 Test  #63: StackUTest .......................   Passed    0.01 sec
        Start  64: BigPatternUTest
 64/131 Test  #64: BigPatternUTest ..................   Passed    0.01 sec
        Start  65: BiggerPatternUTest
 65/131 Test  #65: BiggerPatternUTest ...............   Passed    0.01 sec
        Start  66: LoopPatternUTest
 66/131 Test  #66: LoopPatternUTest .................   Passed    0.01 sec
        Start  67: BooleanUTest
 67/131 Test  #67: BooleanUTest .....................   Passed    0.01 sec
        Start  68: Boolean2NotUTest
 68/131 Test  #68: Boolean2NotUTest .................   Passed    0.01 sec
        Start  69: ConstantClausesUTest
 69/131 Test  #69: ConstantClausesUTest .............   Passed    0.38 sec
        Start  70: PatternCrashUTest
 70/131 Test  #70: PatternCrashUTest ................   Passed    0.19 sec
        Start  71: DisconnectedUTest
 71/131 Test  #71: DisconnectedUTest ................   Passed    0.63 sec
        Start  72: ImplicationUTest
 72/131 Test  #72: ImplicationUTest .................   Passed    0.20 sec
        Start  73: ExecutionOutputUTest
 73/131 Test  #73: ExecutionOutputUTest .............   Passed    0.22 sec
        Start  74: BindTVUTest
 74/131 Test  #74: BindTVUTest ......................   Passed    0.23 sec
        Start  75: EvalLinkDefaultTVUTest
 75/131 Test  #75: EvalLinkDefaultTVUTest ...........   Passed    0.24 sec
        Start  76: BuggyStackUTest
 76/131 Test  #76: BuggyStackUTest ..................   Passed    0.34 sec
        Start  77: VarTypeNotUTest
 77/131 Test  #77: VarTypeNotUTest ..................   Passed    0.33 sec
        Start  78: BuggyNotUTest
 78/131 Test  #78: BuggyNotUTest ....................   Passed    0.29 sec
        Start  79: MatchLinkUTest
 79/131 Test  #79: MatchLinkUTest ...................   Passed    0.40 sec
        Start  80: UnorderedUTest
 80/131 Test  #80: UnorderedUTest ...................   Passed    0.70 sec
        Start  81: StackMoreUTest
 81/131 Test  #81: StackMoreUTest ...................   Passed    2.29 sec
        Start  82: GlobUTest
 82/131 Test  #82: GlobUTest ........................   Passed    1.14 sec
        Start  83: RecognizerUTest
 83/131 Test  #83: RecognizerUTest ..................   Passed    0.35 sec
        Start  84: ArcanaUTest
 84/131 Test  #84: ArcanaUTest ......................   Passed    4.62 sec
        Start  85: SubstitutionUTest
 85/131 Test  #85: SubstitutionUTest ................   Passed    0.29 sec
        Start  86: GetLinkUTest
 86/131 Test  #86: GetLinkUTest .....................   Passed    0.36 sec
        Start  87: NotLinkUTest
 87/131 Test  #87: NotLinkUTest .....................   Passed    0.19 sec
        Start  88: GetStateUTest
 88/131 Test  #88: GetStateUTest ....................   Passed    1.13 sec
        Start  89: DeepTypeUTest
 89/131 Test  #89: DeepTypeUTest ....................   Passed    0.31 sec
        Start  90: GreaterThanUTest
 90/131 Test  #90: GreaterThanUTest .................   Passed    0.36 sec
        Start  91: GreaterComputeUTest
 91/131 Test  #91: GreaterComputeUTest ..............   Passed    0.28 sec
        Start  92: SequenceUTest
 92/131 Test  #92: SequenceUTest ....................   Passed    0.47 sec
        Start  93: EvaluationUTest
 93/131 Test  #93: EvaluationUTest ..................   Passed    0.52 sec
        Start  94: DontExecUTest
 94/131 Test  #94: DontExecUTest ....................   Passed    0.32 sec
        Start  95: QuoteUTest
 95/131 Test  #95: QuoteUTest .......................   Passed    0.62 sec
        Start  96: UnquoteUTest
 96/131 Test  #96: UnquoteUTest .....................   Passed    0.01 sec
        Start  97: LocalQuoteUTest
 97/131 Test  #97: LocalQuoteUTest ..................   Passed    0.01 sec
        Start  98: BuggyLinkUTest
 98/131 Test  #98: BuggyLinkUTest ...................   Passed    0.25 sec
        Start  99: BuggyQuoteUTest
 99/131 Test  #99: BuggyQuoteUTest ..................   Passed    0.28 sec
        Start 100: BuggyEqualUTest
100/131 Test #100: BuggyEqualUTest ..................   Passed    0.32 sec
        Start 101: BuggySelfGroundUTest
101/131 Test #101: BuggySelfGroundUTest .............   Passed    0.21 sec
        Start 102: BuggyBindLinkUTest
102/131 Test #102: BuggyBindLinkUTest ...............   Passed    0.27 sec
        Start 103: ChoiceLinkUTest
103/131 Test #103: ChoiceLinkUTest ..................   Passed    0.95 sec
        Start 104: DefineUTest
104/131 Test #104: DefineUTest ......................   Passed    0.31 sec
        Start 105: FiniteStateMachineUTest
105/131 Test #105: FiniteStateMachineUTest ..........   Passed    0.25 sec
        Start 106: AbsentUTest
106/131 Test #106: AbsentUTest ......................   Passed    0.50 sec
        Start 107: SingleUTest
107/131 Test #107: SingleUTest ......................   Passed    0.23 sec
        Start 108: ScopeUTest
108/131 Test #108: ScopeUTest .......................   Passed    0.70 sec
        Start 109: NestedPutUTest
109/131 Test #109: NestedPutUTest ...................   Passed    0.23 sec
        Start 110: FirstNUTest
110/131 Test #110: FirstNUTest ......................   Passed    0.32 sec
        Start 111: SudokuUTest
111/131 Test #111: SudokuUTest ......................   Passed    0.45 sec
        Start 112: EinsteinUTest
112/131 Test #112: EinsteinUTest ....................   Passed    2.38 sec
        Start 113: TypeChoiceUTest
113/131 Test #113: TypeChoiceUTest ..................   Passed    0.01 sec
        Start 114: NoExceptionUTest
114/131 Test #114: NoExceptionUTest .................   Passed    0.28 sec
        Start 115: UREConfigUTest
115/131 Test #115: UREConfigUTest ...................   Passed    0.38 sec
        Start 116: BetaDistributionUTest
116/131 Test #116: BetaDistributionUTest ............   Passed    0.02 sec
        Start 117: ActionSelectionUTest
117/131 Test #117: ActionSelectionUTest .............   Passed    0.01 sec
        Start 118: RuleUTest
118/131 Test #118: RuleUTest ........................   Passed    0.69 sec
        Start 119: ForwardChainerUTest
119/131 Test #119: ForwardChainerUTest ..............   Passed    0.80 sec
        Start 120: BackwardChainerUTest
120/131 Test #120: BackwardChainerUTest .............   Passed    3.52 sec
        Start 121: ControlPolicyUTest
121/131 Test #121: ControlPolicyUTest ...............   Passed    0.33 sec
        Start 122: BITUTest
122/131 Test #122: BITUTest .........................   Passed    1.65 sec
        Start 123: GradientUTest
123/131 Test #123: GradientUTest ....................   Passed    0.02 sec
        Start 124: PythonEvalUTest
124/131 Test #124: PythonEvalUTest ..................   Passed    0.35 sec
        Start 125: PythonUtilitiesUTest
125/131 Test #125: PythonUtilitiesUTest .............   Passed    0.04 sec
        Start 126: Cython
126/131 Test #126: Cython ...........................   Passed    1.82 sec
        Start 127: CythonAtomSpace
127/131 Test #127: CythonAtomSpace ..................   Passed    1.16 sec
        Start 128: CythonUtilities
128/131 Test #128: CythonUtilities ..................   Passed    0.14 sec
        Start 129: CythonBindlink
129/131 Test #129: CythonBindlink ...................   Passed    0.14 sec
        Start 130: CythonBackwardchainer
130/131 Test #130: CythonBackwardchainer ............   Passed    0.59 sec
        Start 131: CythonGuile
131/131 Test #131: CythonGuile ......................   Passed    0.36 sec

99% tests passed, 1 tests failed out of 131

Total Test time (real) = 103.66 sec

The following tests FAILED:
	 61 - VectorAPIUTest (Failed)
Errors while running CTest
make[3]: *** [CMakeFiles/test] Error 8
CMakeFiles/test.dir/build.make:57: recipe for target 'CMakeFiles/test' failed
CMakeFiles/Makefile2:99: recipe for target 'CMakeFiles/test.dir/all' failed
make[2]: *** [CMakeFiles/test.dir/all] Error 2
make[1]: *** [CMakeFiles/test.dir/rule] Error 2
CMakeFiles/Makefile2:106: recipe for target 'CMakeFiles/test.dir/rule' failed
make: *** [test] Error 2
Makefile:197: recipe for target 'test' failed
*#*#*# BENCHMARK START
Uptime:  06:22:56 up 131 days, 12:41,  0 users,  load average: 2.58, 5.04, 5.17
python: can't open file '../opencog/benchmark/benchmark.py': [Errno 2] No such file or directory

( This is not a dedicated machine)
*#*#*# BENCHMARK END
+ DSTATUS=TESTPASS
+ /var/lib/jenkins/status/updateStatus TESTPASS /var/lib/jenkins/jobs/OpenCOG_U1604_AtomSpace/builds/416/log OpenCOG_U1604_AtomSpace
Auto packing the repository in background for optimum performance.
See "git help gc" for manual housekeeping.
error: The last gc run reported the following. Please correct the root cause
and remove .git/gc.log.
Automatic cleanup will not be performed until the file is removed.

error: pack-objects died of signal 15
error: failed to run repack

Already up-to-date.
